This is pdfTeX, Version 3.14159265-2.6-1.40.19 (TeX Live 2019/dev/Debian) (preloaded format=pdflatex 2020.2.1)  4 JUN 2020 11:50
entering extended mode
 restricted \write18 enabled.
 %&-line parsing enabled.
**refman
(./refman.tex
LaTeX2e <2018-12-01>
(/usr/share/texlive/texmf-dist/tex/latex/base/book.cls
Document Class: book 2018/09/03 v1.4i Standard LaTeX document class
(/usr/share/texlive/texmf-dist/tex/latex/base/bk10.clo
File: bk10.clo 2018/09/03 v1.4i Standard LaTeX file (size option)
)
\c@part=\count80
\c@chapter=\count81
\c@section=\count82
\c@subsection=\count83
\c@subsubsection=\count84
\c@paragraph=\count85
\c@subparagraph=\count86
\c@figure=\count87
\c@table=\count88
\abovecaptionskip=\skip41
\belowcaptionskip=\skip42
\bibindent=\dimen102
)
(/usr/share/texlive/texmf-dist/tex/latex/base/fixltx2e.sty
Package: fixltx2e 2016/12/29 v2.1a fixes to LaTeX (obsolete)
Applying: [2015/01/01] Old fixltx2e package on input line 46.


Package fixltx2e Warning: fixltx2e is not required with releases after 2015
(fixltx2e)                All fixes are now in the LaTeX kernel.
(fixltx2e)                See the latexrelease package for details.

Already applied: [0000/00/00] Old fixltx2e package on input line 53.
) (/usr/share/texlive/texmf-dist/tex/latex/tools/calc.sty
Package: calc 2017/05/25 v4.3 Infix arithmetic (KKT,FJ)
\calc@Acount=\count89
\calc@Bcount=\count90
\calc@Adimen=\dimen103
\calc@Bdimen=\dimen104
\calc@Askip=\skip43
\calc@Bskip=\skip44
LaTeX Info: Redefining \setlength on input line 80.
LaTeX Info: Redefining \addtolength on input line 81.
\calc@Ccount=\count91
\calc@Cskip=\skip45
) (./doxygen.sty
Package: doxygen 

(/usr/share/texlive/texmf-dist/tex/latex/base/alltt.sty
Package: alltt 1997/06/16 v2.0g defines alltt environment
)
(/usr/share/texlive/texmf-dist/tex/latex/tools/array.sty
Package: array 2018/12/30 v2.4k Tabular extension package (FMi)
\col@sep=\dimen105
\ar@mcellbox=\box27
\extrarowheight=\dimen106
\NC@list=\toks14
\extratabsurround=\skip46
\backup@length=\skip47
\ar@cellbox=\box28
)
(/usr/share/texlive/texmf-dist/tex/latex/float/float.sty
Package: float 2001/11/08 v1.3d Float enhancements (AL)
\c@float@type=\count92
\float@exts=\toks15
\float@box=\box29
\@float@everytoks=\toks16
\@floatcapt=\box30
)
(/usr/share/texlive/texmf-dist/tex/latex/base/ifthen.sty
Package: ifthen 2014/09/29 v1.1c Standard LaTeX ifthen package (DPC)
)
(/usr/share/texlive/texmf-dist/tex/latex/tools/verbatim.sty
Package: verbatim 2014/10/28 v1.5q LaTeX2e package for verbatim enhancements
\every@verbatim=\toks17
\verbatim@line=\toks18
\verbatim@in@stream=\read1
)
(/usr/share/texlive/texmf-dist/tex/latex/xcolor/xcolor.sty
Package: xcolor 2016/05/11 v2.12 LaTeX color extensions (UK)

(/usr/share/texlive/texmf-dist/tex/latex/graphics-cfg/color.cfg
File: color.cfg 2016/01/02 v1.6 sample color configuration
)
Package xcolor Info: Driver file: pdftex.def on input line 225.

(/usr/share/texlive/texmf-dist/tex/latex/graphics-def/pdftex.def
File: pdftex.def 2018/01/08 v1.0l Graphics/color driver for pdftex
)
(/usr/share/texlive/texmf-dist/tex/latex/colortbl/colortbl.sty
Package: colortbl 2018/12/12 v1.0d Color table columns (DPC)
\everycr=\toks19
\minrowclearance=\skip48
)
\rownum=\count93
Package xcolor Info: Model `cmy' substituted by `cmy0' on input line 1348.
Package xcolor Info: Model `hsb' substituted by `rgb' on input line 1352.
Package xcolor Info: Model `RGB' extended on input line 1364.
Package xcolor Info: Model `HTML' substituted by `rgb' on input line 1366.
Package xcolor Info: Model `Hsb' substituted by `hsb' on input line 1367.
Package xcolor Info: Model `tHsb' substituted by `hsb' on input line 1368.
Package xcolor Info: Model `HSB' substituted by `hsb' on input line 1369.
Package xcolor Info: Model `Gray' substituted by `gray' on input line 1370.
Package xcolor Info: Model `wave' substituted by `hsb' on input line 1371.
)
(/usr/share/texlive/texmf-dist/tex/latex/tools/longtable.sty
Package: longtable 2014/10/28 v4.11 Multi-page Table package (DPC)+ FMi change
\LTleft=\skip49
\LTright=\skip50
\LTpre=\skip51
\LTpost=\skip52
\LTchunksize=\count94
\LTcapwidth=\dimen107
\LT@head=\box31
\LT@firsthead=\box32
\LT@foot=\box33
\LT@lastfoot=\box34
\LT@cols=\count95
\LT@rows=\count96
\c@LT@tables=\count97
\c@LT@chunks=\count98
\LT@p@ftn=\toks20
)
(/usr/share/texlive/texmf-dist/tex/latex/tabu/tabu.sty
Package: tabu 2019/01/11 v2.9 - flexible LaTeX tabulars (FC+tabu-fixed) + inter
mediate FMi

(/usr/share/texlive/texmf-dist/tex/latex/varwidth/varwidth.sty
Package: varwidth 2009/03/30 ver 0.92;  Variable-width minipages
\@vwid@box=\box35
\sift@deathcycles=\count99
\@vwid@loff=\dimen108
\@vwid@roff=\dimen109
)
\c@taburow=\count100
\tabu@nbcols=\count101
\tabu@cnt=\count102
\tabu@Xcol=\count103
\tabu@alloc=\count104
\tabu@nested=\count105
\tabu@target=\dimen110
\tabu@spreadtarget=\dimen111
\tabu@naturalX=\dimen112
\tabucolX=\dimen113
\tabu@Xsum=\dimen114
\extrarowdepth=\dimen115
\abovetabulinesep=\dimen116
\belowtabulinesep=\dimen117
\tabustrutrule=\dimen118
\tabu@thebody=\toks21
\tabu@footnotes=\toks22
\tabu@box=\box36
\tabu@arstrutbox=\box37
\tabu@hleads=\box38
\tabu@vleads=\box39
\tabu@cellskip=\skip53
)
(/usr/share/texlive/texmf-dist/tex/latex/tools/tabularx.sty
Package: tabularx 2016/02/03 v2.11b `tabularx' package (DPC)
\TX@col@width=\dimen119
\TX@old@table=\dimen120
\TX@old@col=\dimen121
\TX@target=\dimen122
\TX@delta=\dimen123
\TX@cols=\count106
\TX@ftn=\toks23
)
(/usr/share/texlive/texmf-dist/tex/latex/multirow/multirow.sty
Package: multirow 2019/01/01 v2.4 Span multiple rows of a table
\multirow@colwidth=\skip54
\multirow@cntb=\count107
\multirow@dima=\skip55
\bigstrutjot=\dimen124
)
\xrefbox=\box40
\xreflength=\skip56
)
(/usr/share/texlive/texmf-dist/tex/latex/adjustbox/adjustbox.sty
Package: adjustbox 2019/01/04 v1.2 Adjusting TeX boxes (trim, clip, ...)

(/usr/share/texlive/texmf-dist/tex/latex/xkeyval/xkeyval.sty
Package: xkeyval 2014/12/03 v2.7a package option processing (HA)

(/usr/share/texlive/texmf-dist/tex/generic/xkeyval/xkeyval.tex
(/usr/share/texlive/texmf-dist/tex/generic/xkeyval/xkvutils.tex
\XKV@toks=\toks24
\XKV@tempa@toks=\toks25

(/usr/share/texlive/texmf-dist/tex/generic/xkeyval/keyval.tex))
\XKV@depth=\count108
File: xkeyval.tex 2014/12/03 v2.7a key=value parser (HA)
))
(/usr/share/texlive/texmf-dist/tex/latex/adjustbox/adjcalc.sty
Package: adjcalc 2012/05/16 v1.1 Provides advanced setlength with multiple back
-ends (calc, etex, pgfmath)
)
(/usr/share/texlive/texmf-dist/tex/latex/adjustbox/trimclip.sty
Package: trimclip 2018/04/08 v1.1 Trim and clip general TeX material

(/usr/share/texlive/texmf-dist/tex/latex/graphics/graphicx.sty
Package: graphicx 2017/06/01 v1.1a Enhanced LaTeX Graphics (DPC,SPQR)

(/usr/share/texlive/texmf-dist/tex/latex/graphics/graphics.sty
Package: graphics 2017/06/25 v1.2c Standard LaTeX Graphics (DPC,SPQR)

(/usr/share/texlive/texmf-dist/tex/latex/graphics/trig.sty
Package: trig 2016/01/03 v1.10 sin cos tan (DPC)
)
(/usr/share/texlive/texmf-dist/tex/latex/graphics-cfg/graphics.cfg
File: graphics.cfg 2016/06/04 v1.11 sample graphics configuration
)
Package graphics Info: Driver file: pdftex.def on input line 99.
)
\Gin@req@height=\dimen125
\Gin@req@width=\dimen126
)
(/usr/share/texlive/texmf-dist/tex/latex/collectbox/collectbox.sty
Package: collectbox 2012/05/17 v0.4b Collect macro arguments as boxes
\collectedbox=\box41
)
\tc@llx=\dimen127
\tc@lly=\dimen128
\tc@urx=\dimen129
\tc@ury=\dimen130
Package trimclip Info: Using driver 'tc-pdftex.def'.

(/usr/share/texlive/texmf-dist/tex/latex/adjustbox/tc-pdftex.def
File: tc-pdftex.def 2019/01/04 v2.2 Clipping driver for pdftex
))
\adjbox@Width=\dimen131
\adjbox@Height=\dimen132
\adjbox@Depth=\dimen133
\adjbox@Totalheight=\dimen134
\adjbox@pwidth=\dimen135
\adjbox@pheight=\dimen136
\adjbox@pdepth=\dimen137
\adjbox@ptotalheight=\dimen138

(/usr/share/texlive/texmf-dist/tex/latex/ifoddpage/ifoddpage.sty
Package: ifoddpage 2016/04/23 v1.1 Conditionals for odd/even page detection
\c@checkoddpage=\count109
))
(/usr/share/texlive/texmf-dist/tex/latex/base/inputenc.sty
Package: inputenc 2018/08/11 v1.3c Input encoding file
\inpenc@prehook=\toks26
\inpenc@posthook=\toks27
)
(/usr/share/texlive/texmf-dist/tex/latex/base/makeidx.sty
Package: makeidx 2014/09/29 v1.0m Standard LaTeX package
)
(/usr/share/texlive/texmf-dist/tex/latex/tools/multicol.sty
Package: multicol 2018/12/27 v1.8v multicolumn formatting (FMi)
\c@tracingmulticols=\count110
\mult@box=\box42
\multicol@leftmargin=\dimen139
\c@unbalance=\count111
\c@collectmore=\count112
\doublecol@number=\count113
\multicoltolerance=\count114
\multicolpretolerance=\count115
\full@width=\dimen140
\page@free=\dimen141
\premulticols=\dimen142
\postmulticols=\dimen143
\multicolsep=\skip57
\multicolbaselineskip=\skip58
\partial@page=\box43
\last@line=\box44
\maxbalancingoverflow=\dimen144
\mult@rightbox=\box45
\mult@grightbox=\box46
\mult@gfirstbox=\box47
\mult@firstbox=\box48
\@tempa=\box49
\@tempa=\box50
\@tempa=\box51
\@tempa=\box52
\@tempa=\box53
\@tempa=\box54
\@tempa=\box55
\@tempa=\box56
\@tempa=\box57
\@tempa=\box58
\@tempa=\box59
\@tempa=\box60
\@tempa=\box61
\@tempa=\box62
\@tempa=\box63
\@tempa=\box64
\@tempa=\box65
\c@columnbadness=\count116
\c@finalcolumnbadness=\count117
\last@try=\dimen145
\multicolovershoot=\dimen146
\multicolundershoot=\dimen147
\mult@nat@firstbox=\box66
\colbreak@box=\box67
\mc@col@check@num=\count118
)
(/usr/share/texlive/texmf-dist/tex/latex/base/textcomp.sty
Package: textcomp 2018/08/11 v2.0j Standard LaTeX package
Package textcomp Info: Sub-encoding information:
(textcomp)               5 = only ISO-Adobe without \textcurrency
(textcomp)               4 = 5 + \texteuro
(textcomp)               3 = 4 + \textohm
(textcomp)               2 = 3 + \textestimated + \textcurrency
(textcomp)               1 = TS1 - \textcircled - \t
(textcomp)               0 = TS1 (full)
(textcomp)             Font families with sub-encoding setting implement
(textcomp)             only a restricted character set as indicated.
(textcomp)             Family '?' is the default used for unknown fonts.
(textcomp)             See the documentation for details.
Package textcomp Info: Setting ? sub-encoding to TS1/1 on input line 79.

(/usr/share/texlive/texmf-dist/tex/latex/base/ts1enc.def
File: ts1enc.def 2001/06/05 v3.0e (jk/car/fm) Standard LaTeX file
Now handling font encoding TS1 ...
... processing UTF-8 mapping file for font encoding TS1

(/usr/share/texlive/texmf-dist/tex/latex/base/ts1enc.dfu
File: ts1enc.dfu 2018/10/05 v1.2f UTF-8 support for inputenc
   defining Unicode char U+00A2 (decimal 162)
   defining Unicode char U+00A3 (decimal 163)
   defining Unicode char U+00A4 (decimal 164)
   defining Unicode char U+00A5 (decimal 165)
   defining Unicode char U+00A6 (decimal 166)
   defining Unicode char U+00A7 (decimal 167)
   defining Unicode char U+00A8 (decimal 168)
   defining Unicode char U+00A9 (decimal 169)
   defining Unicode char U+00AA (decimal 170)
   defining Unicode char U+00AC (decimal 172)
   defining Unicode char U+00AE (decimal 174)
   defining Unicode char U+00AF (decimal 175)
   defining Unicode char U+00B0 (decimal 176)
   defining Unicode char U+00B1 (decimal 177)
   defining Unicode char U+00B2 (decimal 178)
   defining Unicode char U+00B3 (decimal 179)
   defining Unicode char U+00B4 (decimal 180)
   defining Unicode char U+00B5 (decimal 181)
   defining Unicode char U+00B6 (decimal 182)
   defining Unicode char U+00B7 (decimal 183)
   defining Unicode char U+00B9 (decimal 185)
   defining Unicode char U+00BA (decimal 186)
   defining Unicode char U+00BC (decimal 188)
   defining Unicode char U+00BD (decimal 189)
   defining Unicode char U+00BE (decimal 190)
   defining Unicode char U+00D7 (decimal 215)
   defining Unicode char U+00F7 (decimal 247)
   defining Unicode char U+0192 (decimal 402)
   defining Unicode char U+02C7 (decimal 711)
   defining Unicode char U+02D8 (decimal 728)
   defining Unicode char U+02DD (decimal 733)
   defining Unicode char U+0E3F (decimal 3647)
   defining Unicode char U+2016 (decimal 8214)
   defining Unicode char U+2020 (decimal 8224)
   defining Unicode char U+2021 (decimal 8225)
   defining Unicode char U+2022 (decimal 8226)
   defining Unicode char U+2030 (decimal 8240)
   defining Unicode char U+2031 (decimal 8241)
   defining Unicode char U+203B (decimal 8251)
   defining Unicode char U+203D (decimal 8253)
   defining Unicode char U+2044 (decimal 8260)
   defining Unicode char U+204E (decimal 8270)
   defining Unicode char U+2052 (decimal 8274)
   defining Unicode char U+20A1 (decimal 8353)
   defining Unicode char U+20A4 (decimal 8356)
   defining Unicode char U+20A6 (decimal 8358)
   defining Unicode char U+20A9 (decimal 8361)
   defining Unicode char U+20AB (decimal 8363)
   defining Unicode char U+20AC (decimal 8364)
   defining Unicode char U+20B1 (decimal 8369)
   defining Unicode char U+2103 (decimal 8451)
   defining Unicode char U+2116 (decimal 8470)
   defining Unicode char U+2117 (decimal 8471)
   defining Unicode char U+211E (decimal 8478)
   defining Unicode char U+2120 (decimal 8480)
   defining Unicode char U+2122 (decimal 8482)
   defining Unicode char U+2126 (decimal 8486)
   defining Unicode char U+2127 (decimal 8487)
   defining Unicode char U+212E (decimal 8494)
   defining Unicode char U+2190 (decimal 8592)
   defining Unicode char U+2191 (decimal 8593)
   defining Unicode char U+2192 (decimal 8594)
   defining Unicode char U+2193 (decimal 8595)
   defining Unicode char U+2329 (decimal 9001)
   defining Unicode char U+232A (decimal 9002)
   defining Unicode char U+2422 (decimal 9250)
   defining Unicode char U+25E6 (decimal 9702)
   defining Unicode char U+25EF (decimal 9711)
   defining Unicode char U+266A (decimal 9834)
   defining Unicode char U+FEFF (decimal 65279)
))
LaTeX Info: Redefining \oldstylenums on input line 334.
Package textcomp Info: Setting cmr sub-encoding to TS1/0 on input line 349.
Package textcomp Info: Setting cmss sub-encoding to TS1/0 on input line 350.
Package textcomp Info: Setting cmtt sub-encoding to TS1/0 on input line 351.
Package textcomp Info: Setting cmvtt sub-encoding to TS1/0 on input line 352.
Package textcomp Info: Setting cmbr sub-encoding to TS1/0 on input line 353.
Package textcomp Info: Setting cmtl sub-encoding to TS1/0 on input line 354.
Package textcomp Info: Setting ccr sub-encoding to TS1/0 on input line 355.
Package textcomp Info: Setting ptm sub-encoding to TS1/4 on input line 356.
Package textcomp Info: Setting pcr sub-encoding to TS1/4 on input line 357.
Package textcomp Info: Setting phv sub-encoding to TS1/4 on input line 358.
Package textcomp Info: Setting ppl sub-encoding to TS1/3 on input line 359.
Package textcomp Info: Setting pag sub-encoding to TS1/4 on input line 360.
Package textcomp Info: Setting pbk sub-encoding to TS1/4 on input line 361.
Package textcomp Info: Setting pnc sub-encoding to TS1/4 on input line 362.
Package textcomp Info: Setting pzc sub-encoding to TS1/4 on input line 363.
Package textcomp Info: Setting bch sub-encoding to TS1/4 on input line 364.
Package textcomp Info: Setting put sub-encoding to TS1/5 on input line 365.
Package textcomp Info: Setting uag sub-encoding to TS1/5 on input line 366.
Package textcomp Info: Setting ugq sub-encoding to TS1/5 on input line 367.
Package textcomp Info: Setting ul8 sub-encoding to TS1/4 on input line 368.
Package textcomp Info: Setting ul9 sub-encoding to TS1/4 on input line 369.
Package textcomp Info: Setting augie sub-encoding to TS1/5 on input line 370.
Package textcomp Info: Setting dayrom sub-encoding to TS1/3 on input line 371.
Package textcomp Info: Setting dayroms sub-encoding to TS1/3 on input line 372.

Package textcomp Info: Setting pxr sub-encoding to TS1/0 on input line 373.
Package textcomp Info: Setting pxss sub-encoding to TS1/0 on input line 374.
Package textcomp Info: Setting pxtt sub-encoding to TS1/0 on input line 375.
Package textcomp Info: Setting txr sub-encoding to TS1/0 on input line 376.
Package textcomp Info: Setting txss sub-encoding to TS1/0 on input line 377.
Package textcomp Info: Setting txtt sub-encoding to TS1/0 on input line 378.
Package textcomp Info: Setting lmr sub-encoding to TS1/0 on input line 379.
Package textcomp Info: Setting lmdh sub-encoding to TS1/0 on input line 380.
Package textcomp Info: Setting lmss sub-encoding to TS1/0 on input line 381.
Package textcomp Info: Setting lmssq sub-encoding to TS1/0 on input line 382.
Package textcomp Info: Setting lmvtt sub-encoding to TS1/0 on input line 383.
Package textcomp Info: Setting lmtt sub-encoding to TS1/0 on input line 384.
Package textcomp Info: Setting qhv sub-encoding to TS1/0 on input line 385.
Package textcomp Info: Setting qag sub-encoding to TS1/0 on input line 386.
Package textcomp Info: Setting qbk sub-encoding to TS1/0 on input line 387.
Package textcomp Info: Setting qcr sub-encoding to TS1/0 on input line 388.
Package textcomp Info: Setting qcs sub-encoding to TS1/0 on input line 389.
Package textcomp Info: Setting qpl sub-encoding to TS1/0 on input line 390.
Package textcomp Info: Setting qtm sub-encoding to TS1/0 on input line 391.
Package textcomp Info: Setting qzc sub-encoding to TS1/0 on input line 392.
Package textcomp Info: Setting qhvc sub-encoding to TS1/0 on input line 393.
Package textcomp Info: Setting futs sub-encoding to TS1/4 on input line 394.
Package textcomp Info: Setting futx sub-encoding to TS1/4 on input line 395.
Package textcomp Info: Setting futj sub-encoding to TS1/4 on input line 396.
Package textcomp Info: Setting hlh sub-encoding to TS1/3 on input line 397.
Package textcomp Info: Setting hls sub-encoding to TS1/3 on input line 398.
Package textcomp Info: Setting hlst sub-encoding to TS1/3 on input line 399.
Package textcomp Info: Setting hlct sub-encoding to TS1/5 on input line 400.
Package textcomp Info: Setting hlx sub-encoding to TS1/5 on input line 401.
Package textcomp Info: Setting hlce sub-encoding to TS1/5 on input line 402.
Package textcomp Info: Setting hlcn sub-encoding to TS1/5 on input line 403.
Package textcomp Info: Setting hlcw sub-encoding to TS1/5 on input line 404.
Package textcomp Info: Setting hlcf sub-encoding to TS1/5 on input line 405.
Package textcomp Info: Setting pplx sub-encoding to TS1/3 on input line 406.
Package textcomp Info: Setting pplj sub-encoding to TS1/3 on input line 407.
Package textcomp Info: Setting ptmx sub-encoding to TS1/4 on input line 408.
Package textcomp Info: Setting ptmj sub-encoding to TS1/4 on input line 409.
)
(/usr/share/texlive/texmf-dist/tex/latex/wasysym/wasysym.sty
Package: wasysym 2003/10/30 v2.0 Wasy-2 symbol support package
\symwasy=\mathgroup4
LaTeX Font Info:    Overwriting symbol font `wasy' in version `bold'
(Font)                  U/wasy/m/n --> U/wasy/b/n on input line 90.
)
(/usr/share/texlive/texmf-dist/tex/latex/base/fontenc.sty
Package: fontenc 2018/08/11 v2.0j Standard LaTeX package

(/usr/share/texlive/texmf-dist/tex/latex/base/t1enc.def
File: t1enc.def 2018/08/11 v2.0j Standard LaTeX file
LaTeX Font Info:    Redeclaring font encoding T1 on input line 48.
))
(/usr/share/texlive/texmf-dist/tex/latex/psnfss/helvet.sty
Package: helvet 2005/04/12 PSNFSS-v9.2a (WaS) 
)
(/usr/share/texlive/texmf-dist/tex/latex/psnfss/courier.sty
Package: courier 2005/04/12 PSNFSS-v9.2a (WaS) 
)
(/usr/share/texlive/texmf-dist/tex/latex/amsfonts/amssymb.sty
Package: amssymb 2013/01/14 v3.01 AMS font symbols

(/usr/share/texlive/texmf-dist/tex/latex/amsfonts/amsfonts.sty
Package: amsfonts 2013/01/14 v3.01 Basic AMSFonts support
\@emptytoks=\toks28
\symAMSa=\mathgroup5
\symAMSb=\mathgroup6
LaTeX Font Info:    Overwriting math alphabet `\mathfrak' in version `bold'
(Font)                  U/euf/m/n --> U/euf/b/n on input line 106.
))
(/usr/share/texlive/texmf-dist/tex/latex/sectsty/sectsty.sty
Package: sectsty 2002/02/25 v2.0.2 Commands to change all sectional heading sty
les
)
(/usr/share/texlive/texmf-dist/tex/latex/geometry/geometry.sty
Package: geometry 2018/04/16 v5.8 Page Geometry

(/usr/share/texlive/texmf-dist/tex/generic/oberdiek/ifpdf.sty
Package: ifpdf 2018/09/07 v3.3 Provides the ifpdf switch
)
(/usr/share/texlive/texmf-dist/tex/generic/oberdiek/ifvtex.sty
Package: ifvtex 2016/05/16 v1.6 Detect VTeX and its facilities (HO)
Package ifvtex Info: VTeX not detected.
)
(/usr/share/texlive/texmf-dist/tex/generic/ifxetex/ifxetex.sty
Package: ifxetex 2010/09/12 v0.6 Provides ifxetex conditional
)
\Gm@cnth=\count119
\Gm@cntv=\count120
\c@Gm@tempcnt=\count121
\Gm@bindingoffset=\dimen148
\Gm@wd@mp=\dimen149
\Gm@odd@mp=\dimen150
\Gm@even@mp=\dimen151
\Gm@layoutwidth=\dimen152
\Gm@layoutheight=\dimen153
\Gm@layouthoffset=\dimen154
\Gm@layoutvoffset=\dimen155
\Gm@dimlist=\toks29
)
(/usr/share/texlive/texmf-dist/tex/latex/fancyhdr/fancyhdr.sty
Package: fancyhdr 2019/01/31 v3.10 Extensive control of page headers and footer
s
\f@nch@headwidth=\skip59
\f@nch@O@elh=\skip60
\f@nch@O@erh=\skip61
\f@nch@O@olh=\skip62
\f@nch@O@orh=\skip63
\f@nch@O@elf=\skip64
\f@nch@O@erf=\skip65
\f@nch@O@olf=\skip66
\f@nch@O@orf=\skip67
)
(/usr/share/texlive/texmf-dist/tex/latex/natbib/natbib.sty
Package: natbib 2010/09/13 8.31b (PWD, AO)
\bibhang=\skip68
\bibsep=\skip69
LaTeX Info: Redefining \cite on input line 694.
\c@NAT@ctr=\count122
)
(/usr/share/texlive/texmf-dist/tex/latex/tocloft/tocloft.sty
Package: tocloft 2017/08/31 v2.3i parameterised ToC, etc., typesetting
Package tocloft Info: The document has chapter divisions on input line 51.
\cftparskip=\skip70
\cftbeforetoctitleskip=\skip71
\cftaftertoctitleskip=\skip72
\cftbeforepartskip=\skip73
\cftpartnumwidth=\skip74
\cftpartindent=\skip75
\cftbeforechapskip=\skip76
\cftchapindent=\skip77
\cftchapnumwidth=\skip78
\cftbeforesecskip=\skip79
\cftsecindent=\skip80
\cftsecnumwidth=\skip81
\cftbeforesubsecskip=\skip82
\cftsubsecindent=\skip83
\cftsubsecnumwidth=\skip84
\cftbeforesubsubsecskip=\skip85
\cftsubsubsecindent=\skip86
\cftsubsubsecnumwidth=\skip87
\cftbeforeparaskip=\skip88
\cftparaindent=\skip89
\cftparanumwidth=\skip90
\cftbeforesubparaskip=\skip91
\cftsubparaindent=\skip92
\cftsubparanumwidth=\skip93
\cftbeforeloftitleskip=\skip94
\cftafterloftitleskip=\skip95
\cftbeforefigskip=\skip96
\cftfigindent=\skip97
\cftfignumwidth=\skip98
\c@lofdepth=\count123
\c@lotdepth=\count124
\cftbeforelottitleskip=\skip99
\cftafterlottitleskip=\skip100
\cftbeforetabskip=\skip101
\cfttabindent=\skip102
\cfttabnumwidth=\skip103
)
\@indexfile=\write3
\openout3 = `refman.idx'.


Writing index file refman.idx
(/usr/share/texlive/texmf-dist/tex/latex/hyperref/hyperref.sty
Package: hyperref 2018/11/30 v6.88e Hypertext links for LaTeX

(/usr/share/texlive/texmf-dist/tex/generic/oberdiek/hobsub-hyperref.sty
Package: hobsub-hyperref 2016/05/16 v1.14 Bundle oberdiek, subset hyperref (HO)


(/usr/share/texlive/texmf-dist/tex/generic/oberdiek/hobsub-generic.sty
Package: hobsub-generic 2016/05/16 v1.14 Bundle oberdiek, subset generic (HO)
Package: hobsub 2016/05/16 v1.14 Construct package bundles (HO)
Package: infwarerr 2016/05/16 v1.4 Providing info/warning/error messages (HO)
Package: ltxcmds 2016/05/16 v1.23 LaTeX kernel commands for general use (HO)
Package: ifluatex 2016/05/16 v1.4 Provides the ifluatex switch (HO)
Package ifluatex Info: LuaTeX not detected.
Package hobsub Info: Skipping package `ifvtex' (already loaded).
Package: intcalc 2016/05/16 v1.2 Expandable calculations with integers (HO)
Package hobsub Info: Skipping package `ifpdf' (already loaded).
Package: etexcmds 2016/05/16 v1.6 Avoid name clashes with e-TeX commands (HO)
Package: kvsetkeys 2016/05/16 v1.17 Key value parser (HO)
Package: kvdefinekeys 2016/05/16 v1.4 Define keys (HO)
Package: pdftexcmds 2018/09/10 v0.29 Utility functions of pdfTeX for LuaTeX (HO
)
Package pdftexcmds Info: LuaTeX not detected.
Package pdftexcmds Info: \pdf@primitive is available.
Package pdftexcmds Info: \pdf@ifprimitive is available.
Package pdftexcmds Info: \pdfdraftmode found.
Package: pdfescape 2016/05/16 v1.14 Implements pdfTeX's escape features (HO)
Package: bigintcalc 2016/05/16 v1.4 Expandable calculations on big integers (HO
)
Package: bitset 2016/05/16 v1.2 Handle bit-vector datatype (HO)
Package: uniquecounter 2016/05/16 v1.3 Provide unlimited unique counter (HO)
)
Package hobsub Info: Skipping package `hobsub' (already loaded).
Package: letltxmacro 2016/05/16 v1.5 Let assignment for LaTeX macros (HO)
Package: hopatch 2016/05/16 v1.3 Wrapper for package hooks (HO)
Package: xcolor-patch 2016/05/16 xcolor patch
Package: atveryend 2016/05/16 v1.9 Hooks at the very end of document (HO)
Package atveryend Info: \enddocument detected (standard20110627).
Package: atbegshi 2016/06/09 v1.18 At begin shipout hook (HO)
Package: refcount 2016/05/16 v3.5 Data extraction from label references (HO)
Package: hycolor 2016/05/16 v1.8 Color options for hyperref/bookmark (HO)
)
(/usr/share/texlive/texmf-dist/tex/latex/oberdiek/auxhook.sty
Package: auxhook 2016/05/16 v1.4 Hooks for auxiliary files (HO)
)
(/usr/share/texlive/texmf-dist/tex/latex/oberdiek/kvoptions.sty
Package: kvoptions 2016/05/16 v3.12 Key value format for package options (HO)
)
\@linkdim=\dimen156
\Hy@linkcounter=\count125
\Hy@pagecounter=\count126

(/usr/share/texlive/texmf-dist/tex/latex/hyperref/pd1enc.def
File: pd1enc.def 2018/11/30 v6.88e Hyperref: PDFDocEncoding definition (HO)
Now handling font encoding PD1 ...
... no UTF-8 mapping file for font encoding PD1
)
\Hy@SavedSpaceFactor=\count127

(/usr/share/texlive/texmf-dist/tex/latex/latexconfig/hyperref.cfg
File: hyperref.cfg 2002/06/06 v1.2 hyperref configuration of TeXLive
)
Package hyperref Info: Hyper figures OFF on input line 4519.
Package hyperref Info: Link nesting OFF on input line 4524.
Package hyperref Info: Hyper index ON on input line 4527.
Package hyperref Info: Plain pages OFF on input line 4534.
Package hyperref Info: Backreferencing ON on input line 4537.
Package hyperref Info: Implicit mode ON; LaTeX internals redefined.
Package hyperref Info: Bookmarks ON on input line 4772.

(/usr/share/texlive/texmf-dist/tex/latex/hyperref/backref.sty
Package: backref 2016/05/21 v1.39 Bibliographical back referencing

(/usr/share/texlive/texmf-dist/tex/latex/oberdiek/rerunfilecheck.sty
Package: rerunfilecheck 2016/05/16 v1.8 Rerun checks for auxiliary files (HO)
Package uniquecounter Info: New unique counter `rerunfilecheck' on input line 2
82.
))
\c@Hy@tempcnt=\count128

(/usr/share/texlive/texmf-dist/tex/latex/url/url.sty
\Urlmuskip=\muskip10
Package: url 2013/09/16  ver 3.4  Verb mode for urls, etc.
)
LaTeX Info: Redefining \url on input line 5125.
\XeTeXLinkMargin=\dimen157
\Fld@menulength=\count129
\Field@Width=\dimen158
\Fld@charsize=\dimen159
Package hyperref Info: Hyper figures OFF on input line 6380.
Package hyperref Info: Link nesting OFF on input line 6385.
Package hyperref Info: Hyper index ON on input line 6388.
Package hyperref Info: backreferencing ON on input line 6393.
Package hyperref Info: Link coloring OFF on input line 6400.
Package hyperref Info: Link coloring with OCG OFF on input line 6405.
Package hyperref Info: PDF/A mode OFF on input line 6410.
LaTeX Info: Redefining \ref on input line 6450.
LaTeX Info: Redefining \pageref on input line 6454.
\Hy@abspage=\count130
\c@Item=\count131
\c@Hfootnote=\count132
)
Package hyperref Info: Driver: hpdftex.

(/usr/share/texlive/texmf-dist/tex/latex/hyperref/hpdftex.def
File: hpdftex.def 2018/11/30 v6.88e Hyperref driver for pdfTeX
\Fld@listcount=\count133
\c@bookmark@seq@number=\count134
\Hy@SectionHShift=\skip104
)
Package hyperref Info: Option `colorlinks' set `true' on input line 105.
Package hyperref Info: Option `unicode' set `true' on input line 105.

(/usr/share/texlive/texmf-dist/tex/latex/hyperref/puenc.def
File: puenc.def 2018/11/30 v6.88e Hyperref: PDF Unicode definition (HO)
Now handling font encoding PU ...
... no UTF-8 mapping file for font encoding PU
)
(/usr/share/texlive/texmf-dist/tex/latex/caption/caption.sty
Package: caption 2018/10/06 v3.3-154 Customizing captions (AR)

(/usr/share/texlive/texmf-dist/tex/latex/caption/caption3.sty
Package: caption3 2018/09/12 v1.8c caption3 kernel (AR)
Package caption3 Info: TeX engine: e-TeX on input line 64.
\captionmargin=\dimen160
\captionmargin@=\dimen161
\captionwidth=\dimen162
\caption@tempdima=\dimen163
\caption@indent=\dimen164
\caption@parindent=\dimen165
\caption@hangindent=\dimen166
)
\c@caption@flags=\count135
\c@ContinuedFloat=\count136
Package caption Info: float package is loaded.
Package caption Info: hyperref package is loaded.
Package caption Info: longtable package is loaded.

(/usr/share/texlive/texmf-dist/tex/latex/caption/ltcaption.sty
Package: ltcaption 2018/08/26 v1.4-95 longtable captions (AR)
)) (./refman.aux)
\openout1 = `refman.aux'.

LaTeX Font Info:    Checking defaults for OML/cmm/m/it on input line 117.
LaTeX Font Info:    ... okay on input line 117.
LaTeX Font Info:    Checking defaults for T1/cmr/m/n on input line 117.
LaTeX Font Info:    ... okay on input line 117.
LaTeX Font Info:    Checking defaults for OT1/cmr/m/n on input line 117.
LaTeX Font Info:    ... okay on input line 117.
LaTeX Font Info:    Checking defaults for OMS/cmsy/m/n on input line 117.
LaTeX Font Info:    ... okay on input line 117.
LaTeX Font Info:    Checking defaults for OMX/cmex/m/n on input line 117.
LaTeX Font Info:    ... okay on input line 117.
LaTeX Font Info:    Checking defaults for U/cmr/m/n on input line 117.
LaTeX Font Info:    ... okay on input line 117.
LaTeX Font Info:    Checking defaults for TS1/cmr/m/n on input line 117.
LaTeX Font Info:    Try loading font information for TS1+cmr on input line 117.

(/usr/share/texlive/texmf-dist/tex/latex/base/ts1cmr.fd
File: ts1cmr.fd 2014/09/29 v2.5h Standard LaTeX font definitions
)
LaTeX Font Info:    ... okay on input line 117.
LaTeX Font Info:    Checking defaults for PD1/pdf/m/n on input line 117.
LaTeX Font Info:    ... okay on input line 117.
LaTeX Font Info:    Checking defaults for PU/pdf/m/n on input line 117.
LaTeX Font Info:    ... okay on input line 117.
LaTeX Font Info:    Try loading font information for T1+phv on input line 117.

(/usr/share/texlive/texmf-dist/tex/latex/psnfss/t1phv.fd
File: t1phv.fd 2001/06/04 scalable font definitions for T1/phv.
)
LaTeX Font Info:    Font shape `T1/phv/m/n' will be
(Font)              scaled to size 8.99994pt on input line 117.

(/usr/share/texlive/texmf-dist/tex/context/base/mkii/supp-pdf.mkii
[Loading MPS to PDF converter (version 2006.09.02).]
\scratchcounter=\count137
\scratchdimen=\dimen167
\scratchbox=\box68
\nofMPsegments=\count138
\nofMParguments=\count139
\everyMPshowfont=\toks30
\MPscratchCnt=\count140
\MPscratchDim=\dimen168
\MPnumerator=\count141
\makeMPintoPDFobject=\count142
\everyMPtoPDFconversion=\toks31
) (/usr/share/texlive/texmf-dist/tex/latex/oberdiek/epstopdf-base.sty
Package: epstopdf-base 2016/05/15 v2.6 Base part for package epstopdf

(/usr/share/texlive/texmf-dist/tex/latex/oberdiek/grfext.sty
Package: grfext 2016/05/16 v1.2 Manage graphics extensions (HO)
)
Package epstopdf-base Info: Redefining graphics rule for `.eps' on input line 4
38.
Package grfext Info: Graphics extension search list:
(grfext)             [.pdf,.png,.jpg,.mps,.jpeg,.jbig2,.jb2,.PDF,.PNG,.JPG,.JPE
G,.JBIG2,.JB2,.eps]
(grfext)             \AppendGraphicsExtensions on input line 456.

(/usr/share/texlive/texmf-dist/tex/latex/latexconfig/epstopdf-sys.cfg
File: epstopdf-sys.cfg 2010/07/13 v1.3 Configuration of (r)epstopdf for TeX Liv
e
))
*geometry* driver: auto-detecting
*geometry* detected driver: pdftex
*geometry* verbose mode - [ preamble ] result:
* driver: pdftex
* paper: a4paper
* layout: <same size as paper>
* layoutoffset:(h,v)=(0.0pt,0.0pt)
* modes: twoside 
* h-part:(L,W,R)=(71.13188pt, 455.24411pt, 71.13188pt)
* v-part:(T,H,B)=(71.13188pt, 702.78308pt, 71.13188pt)
* \paperwidth=597.50787pt
* \paperheight=845.04684pt
* \textwidth=455.24411pt
* \textheight=702.78308pt
* \oddsidemargin=-1.1381pt
* \evensidemargin=-1.1381pt
* \topmargin=-31.2056pt
* \headheight=12.0pt
* \headsep=18.06749pt
* \topskip=10.0pt
* \footskip=25.29494pt
* \marginparwidth=125.0pt
* \marginparsep=7.0pt
* \columnsep=10.0pt
* \skip\footins=9.0pt plus 4.0pt minus 2.0pt
* \hoffset=0.0pt
* \voffset=0.0pt
* \mag=1000
* \@twocolumnfalse
* \@twosidetrue
* \@mparswitchtrue
* \@reversemarginfalse
* (1in=72.27pt=25.4mm, 1cm=28.453pt)

\AtBeginShipoutBox=\box69
Package backref Info: ** backref set up for natbib ** on input line 117.
Package hyperref Info: Link coloring ON on input line 117.
(/usr/share/texlive/texmf-dist/tex/latex/hyperref/nameref.sty
Package: nameref 2016/05/21 v2.44 Cross-referencing by name of section

(/usr/share/texlive/texmf-dist/tex/generic/oberdiek/gettitlestring.sty
Package: gettitlestring 2016/05/16 v1.5 Cleanup title references (HO)
)
\c@section@level=\count143
)
LaTeX Info: Redefining \ref on input line 117.
LaTeX Info: Redefining \pageref on input line 117.
LaTeX Info: Redefining \nameref on input line 117.

(./refman.out) (./refman.out)
\@outlinefile=\write4
\openout4 = `refman.out'.

Package caption Info: Begin \AtBeginDocument code.
Package caption Info: End \AtBeginDocument code.
Package hyperref Info: Option `pageanchor' set `false' on input line 123.
Package hyperref Info: Option `bookmarksnumbered' set `true' on input line 123.

Package hyperref Info: Option `unicode' set `true' on input line 123.
LaTeX Font Info:    Font shape `T1/phv/m/n' will be
(Font)              scaled to size 12.9599pt on input line 128.
LaTeX Font Info:    Font shape `T1/phv/m/n' will be
(Font)              scaled to size 10.79993pt on input line 130.
 [1


{/var/lib/texmf/fonts/map/pdftex/updmap/pdftex.map}] [2

]
LaTeX Font Info:    Font shape `T1/phv/m/n' will be
(Font)              scaled to size 22.39185pt on input line 135.
LaTeX Font Info:    Font shape `T1/phv/bx/n' in size <24.88> not available
(Font)              Font shape `T1/phv/b/n' tried instead on input line 135.
LaTeX Font Info:    Font shape `T1/phv/b/n' will be
(Font)              scaled to size 22.39185pt on input line 135.
LaTeX Font Info:    Font shape `T1/phv/bc/n' will be
(Font)              scaled to size 22.39185pt on input line 135.
 (./refman.toc
LaTeX Font Info:    Font shape `T1/phv/bx/n' in size <10> not available
(Font)              Font shape `T1/phv/b/n' tried instead on input line 1.
LaTeX Font Info:    Font shape `T1/phv/b/n' will be
(Font)              scaled to size 8.99994pt on input line 1.
LaTeX Font Info:    Try loading font information for U+wasy on input line 1.

(/usr/share/texlive/texmf-dist/tex/latex/wasysym/uwasy.fd
File: uwasy.fd 2003/10/30 v2.0 Wasy-2 symbol font definitions
)
LaTeX Font Info:    Try loading font information for U+msa on input line 1.

(/usr/share/texlive/texmf-dist/tex/latex/amsfonts/umsa.fd
File: umsa.fd 2013/01/14 v3.01 AMS symbols A
)
LaTeX Font Info:    Try loading font information for U+msb on input line 1.

(/usr/share/texlive/texmf-dist/tex/latex/amsfonts/umsb.fd
File: umsb.fd 2013/01/14 v3.01 AMS symbols B
)
LaTeX Font Info:    Font shape `T1/phv/m/n' will be
(Font)              scaled to size 6.29996pt on input line 11.
 [1

]
LaTeX Font Info:    Font shape `T1/phv/m/n' will be
(Font)              scaled to size 7.19995pt on input line 43.
LaTeX Font Info:    Try loading font information for T1+pcr on input line 43.

(/usr/share/texlive/texmf-dist/tex/latex/psnfss/t1pcr.fd
File: t1pcr.fd 2001/06/04 font definitions for T1/pcr.
)
LaTeX Font Info:    Font shape `T1/phv/bx/n' in size <7> not available
(Font)              Font shape `T1/phv/b/n' tried instead on input line 65.
LaTeX Font Info:    Font shape `T1/phv/b/n' will be
(Font)              scaled to size 6.29996pt on input line 65.
 [2] [3] [4] [5]
[6] [7] [8] [9]
Underfull \hbox (badness 10000) in paragraph at lines 298--298
 [][] [][][]\T1/phv/m/n/10 devfix/dsp/cmake-build-debug/[]C[]Make[]Files/3.15.3
/[]Compiler[]Id[]C[]X[]X/[]C[]Make[]C[]X[]X[]Compiler[]Id.cpp File 
 []

[10]
Underfull \hbox (badness 10000) in paragraph at lines 315--315
 [][] [][][]\T1/phv/m/n/10 devfix/net/cmake-build-debug/[]C[]Make[]Files/3.15.3
/[]Compiler[]Id[]C[]X[]X/[]C[]Make[]C[]X[]X[]Compiler[]Id.cpp File 
 []

[11])
\tf@toc=\write5
\openout5 = `refman.toc'.

 [12]
Package hyperref Info: Option `pageanchor' set `true' on input line 138.

Chapter 1.
LaTeX Font Info:    Font shape `T1/phv/m/n' will be
(Font)              scaled to size 18.66588pt on input line 141.
LaTeX Font Info:    Font shape `T1/phv/bx/n' in size <20.74> not available
(Font)              Font shape `T1/phv/b/n' tried instead on input line 141.
LaTeX Font Info:    Font shape `T1/phv/b/n' will be
(Font)              scaled to size 18.66588pt on input line 141.
LaTeX Font Info:    Font shape `T1/phv/bc/n' will be
(Font)              scaled to size 18.66588pt on input line 141.
(./namespaces.tex
LaTeX Font Info:    Font shape `T1/phv/bx/n' in size <14.4> not available
(Font)              Font shape `T1/phv/b/n' tried instead on input line 1.
LaTeX Font Info:    Font shape `T1/phv/b/n' will be
(Font)              scaled to size 12.9599pt on input line 1.
LaTeX Font Info:    Font shape `T1/phv/bc/n' will be
(Font)              scaled to size 12.9599pt on input line 1.
) [1


] [2

]
Chapter 2.
(./hierarchy.tex) [3] [4

]
Chapter 3.
(./annotated.tex
LaTeX Font Info:    Font shape `T1/phv/m/it' in size <10> not available
(Font)              Font shape `T1/phv/m/sl' tried instead on input line 13.
LaTeX Font Info:    Font shape `T1/phv/m/sl' will be
(Font)              scaled to size 8.99994pt on input line 13.
) [5] [6

]
Chapter 4.
(./files.tex [7]) [8]
Chapter 5.
(./namespacedevfix.tex
LaTeX Font Info:    Font shape `T1/phv/bx/n' in size <12> not available
(Font)              Font shape `T1/phv/b/n' tried instead on input line 3.
LaTeX Font Info:    Font shape `T1/phv/b/n' will be
(Font)              scaled to size 10.79993pt on input line 3.
LaTeX Font Info:    Font shape `T1/phv/bc/n' will be
(Font)              scaled to size 10.79993pt on input line 3.
LaTeX Font Info:    Try loading font information for TS1+phv on input line 6.

(/usr/share/texlive/texmf-dist/tex/latex/psnfss/ts1phv.fd
File: ts1phv.fd 2001/06/04 scalable font definitions for TS1/phv.
)
LaTeX Font Info:    Font shape `TS1/phv/m/n' will be
(Font)              scaled to size 8.99994pt on input line 6.
LaTeX Font Info:    Font shape `T1/phv/m/n' will be
(Font)              scaled to size 8.09995pt on input line 7.
LaTeX Font Info:    Font shape `T1/phv/m/it' in size <9> not available
(Font)              Font shape `T1/phv/m/sl' tried instead on input line 7.
LaTeX Font Info:    Font shape `T1/phv/m/sl' will be
(Font)              scaled to size 8.09995pt on input line 7.
)
(./namespacedevfix_1_1base.tex
LaTeX Font Info:    Font shape `T1/phv/bc/n' will be
(Font)              scaled to size 6.29996pt on input line 1.
LaTeX Font Info:    Font shape `T1/phv/m/it' in size <7> not available
(Font)              Font shape `T1/phv/m/sl' tried instead on input line 30.
LaTeX Font Info:    Font shape `T1/phv/m/sl' will be
(Font)              scaled to size 6.29996pt on input line 30.
 [9

]
LaTeX Font Info:    Font shape `T1/phv/bc/n' will be
(Font)              scaled to size 8.99994pt on input line 53.
LaTeX Font Info:    Font shape `T1/pcr/m/it' in size <8> not available
(Font)              Font shape `T1/pcr/m/sl' tried instead on input line 80.
 [10])
(./namespacedevfix_1_1base_1_1__math.tex)
(./namespacedevfix_1_1base_1_1error.tex) (./namespacedevfix_1_1base_1_1io.tex
[11] [12] [13]) (./namespacedevfix_1_1dsp.tex) (./namespacedevfix_1_1net.tex)
[14]
Chapter 6.
(./structdevfix_1_1base_1_1error_1_1baseexception.tex
<structdevfix_1_1base_1_1error_1_1baseexception__inherit__graph.pdf, id=2238, 5
97.23125pt x 415.5525pt>
File: structdevfix_1_1base_1_1error_1_1baseexception__inherit__graph.pdf Graphi
c file (type pdf)
<use structdevfix_1_1base_1_1error_1_1baseexception__inherit__graph.pdf>
Package pdftex.def Info: structdevfix_1_1base_1_1error_1_1baseexception__inheri
t__graph.pdf  used on input line 18.
(pdftex.def)             Requested size: 350.0pt x 243.53157pt.
 [15

 <./structdevfix_1_1base_1_1error_1_1baseexception__inherit__graph.pdf>]
LaTeX Font Info:    Font shape `T1/phv/bc/n' will be
(Font)              scaled to size 7.19995pt on input line 52.


LaTeX Font Warning: Font shape `T1/pcr/bc/n' undefined
(Font)              using `T1/pcr/m/n' instead on input line 52.

LaTeX Font Info:    Font shape `T1/pcr/m/it' in size <7> not available
(Font)              Font shape `T1/pcr/m/sl' tried instead on input line 59.
<structdevfix_1_1base_1_1error_1_1baseexception_a3ae67c736d3268683cb92556c9f14b
d7_icgraph.pdf, id=2266, 433.62pt x 111.41624pt>
File: structdevfix_1_1base_1_1error_1_1baseexception_a3ae67c736d3268683cb92556c
9f14bd7_icgraph.pdf Graphic file (type pdf)
<use structdevfix_1_1base_1_1error_1_1baseexception_a3ae67c736d3268683cb92556c9
f14bd7_icgraph.pdf>
Package pdftex.def Info: structdevfix_1_1base_1_1error_1_1baseexception_a3ae67c
736d3268683cb92556c9f14bd7_icgraph.pdf  used on input line 78.
(pdftex.def)             Requested size: 350.0pt x 89.93555pt.
[16]
Underfull \hbox (badness 10000) detected at line 96
[][][]
 []

) (./structdevfix_1_1dsp_1_1fft.tex [17 <./structdevfix_1_1base_1_1error_1_1bas
eexception_a3ae67c736d3268683cb92556c9f14bd7_icgraph.pdf>])
(./structdevfix_1_1net_1_1inetaddress.tex [18] [19]
<structdevfix_1_1net_1_1inetaddress_a823bec9f0bc7437854ec9270c610756a_icgraph.p
df, id=2344, 355.3275pt x 111.41624pt>
File: structdevfix_1_1net_1_1inetaddress_a823bec9f0bc7437854ec9270c610756a_icgr
aph.pdf Graphic file (type pdf)
<use structdevfix_1_1net_1_1inetaddress_a823bec9f0bc7437854ec9270c610756a_icgra
ph.pdf>
Package pdftex.def Info: structdevfix_1_1net_1_1inetaddress_a823bec9f0bc7437854
ec9270c610756a_icgraph.pdf  used on input line 104.
(pdftex.def)             Requested size: 350.0pt x 109.7499pt.
 [20]
Underfull \hbox (badness 10000) detected at line 135
[][][]
 []


Underfull \hbox (badness 10000) detected at line 144
[][][]
 []

[21 <./structdevfix_1_1net_1_1inetaddress_a823bec9f0bc7437854ec9270c610756a_icg
raph.pdf>]
Underfull \hbox (badness 10000) detected at line 157
[][][]
 []


Underfull \hbox (badness 10000) detected at line 166
[][][]
 []

) (./structdevfix_1_1base_1_1io_1_1inputstream.tex
<structdevfix_1_1base_1_1io_1_1inputstream__inherit__graph.pdf, id=2370, 220.82
5pt x 343.2825pt>
File: structdevfix_1_1base_1_1io_1_1inputstream__inherit__graph.pdf Graphic fil
e (type pdf)
<use structdevfix_1_1base_1_1io_1_1inputstream__inherit__graph.pdf>
Package pdftex.def Info: structdevfix_1_1base_1_1io_1_1inputstream__inherit__gr
aph.pdf  used on input line 18.
(pdftex.def)             Requested size: 220.0pt x 342.01402pt.
 [22] [23 <./structdevfix_1_1base_1_1io_1_1inputstream__inherit__graph.pdf>]
Underfull \hbox (badness 10000) detected at line 75
[][][]
 []


Underfull \hbox (badness 10000) detected at line 106
[][][]
 []

[24] [25]) (./structdevfix_1_1base_1_1error_1_1interruptedexception.tex
<structdevfix_1_1base_1_1error_1_1interruptedexception__inherit__graph.pdf, id=
2421, 199.74625pt x 415.5525pt>
File: structdevfix_1_1base_1_1error_1_1interruptedexception__inherit__graph.pdf
 Graphic file (type pdf)
<use structdevfix_1_1base_1_1error_1_1interruptedexception__inherit__graph.pdf>

Package pdftex.def Info: structdevfix_1_1base_1_1error_1_1interruptedexception_
_inherit__graph.pdf  used on input line 18.
(pdftex.def)             Requested size: 199.0pt x 414.02335pt.

[26 <./structdevfix_1_1base_1_1error_1_1interruptedexception__inherit__graph.pd
f>]
Underfull \vbox (badness 10000) has occurred while \output is active []

 [27])
(./structdevfix_1_1base_1_1error_1_1ioexception.tex
<structdevfix_1_1base_1_1error_1_1ioexception__inherit__graph.pdf, id=2450, 181
.67876pt x 415.5525pt>
File: structdevfix_1_1base_1_1error_1_1ioexception__inherit__graph.pdf Graphic 
file (type pdf)
<use structdevfix_1_1base_1_1error_1_1ioexception__inherit__graph.pdf>
Package pdftex.def Info: structdevfix_1_1base_1_1error_1_1ioexception__inherit_
_graph.pdf  used on input line 18.
(pdftex.def)             Requested size: 181.0pt x 414.01065pt.
 [28 <./structdevfix_1_1base_1_1error_1_1ioexception__inherit__graph.pdf>])
(./structdevfix_1_1base_1_1math.tex [29]
<structdevfix_1_1base_1_1math_a43815037f45e01d90a6c0cb0e1d8ef11_icgraph.pdf, id
=2485, 342.27875pt x 111.41624pt>
File: structdevfix_1_1base_1_1math_a43815037f45e01d90a6c0cb0e1d8ef11_icgraph.pd
f Graphic file (type pdf)
<use structdevfix_1_1base_1_1math_a43815037f45e01d90a6c0cb0e1d8ef11_icgraph.pdf
>
Package pdftex.def Info: structdevfix_1_1base_1_1math_a43815037f45e01d90a6c0cb0
e1d8ef11_icgraph.pdf  used on input line 43.
(pdftex.def)             Requested size: 341.0pt x 111.00795pt.
<structdevfix_1_1base_1_1math_af3260ac1a62b3e9f6feb0f212aa8f796_icgraph.pdf, id
=2486, 342.27875pt x 111.41624pt>
File: structdevfix_1_1base_1_1math_af3260ac1a62b3e9f6feb0f212aa8f796_icgraph.pd
f Graphic file (type pdf)
<use structdevfix_1_1base_1_1math_af3260ac1a62b3e9f6feb0f212aa8f796_icgraph.pdf
>
Package pdftex.def Info: structdevfix_1_1base_1_1math_af3260ac1a62b3e9f6feb0f21
2aa8f796_icgraph.pdf  used on input line 56.
(pdftex.def)             Requested size: 341.0pt x 111.00795pt.
 [30 <./structdevfix_1_1base_1_1math_a43815037f45e01d90a6c0cb0e1d8ef11_icgraph.
pdf>])
(./structdevfix_1_1net_1_1netbuilder.tex [31 <./structdevfix_1_1base_1_1math_af
3260ac1a62b3e9f6feb0f212aa8f796_icgraph.pdf>]
Underfull \hbox (badness 10000) detected at line 62
[][][]
 []

[32]
Underfull \hbox (badness 10000) detected at line 80
[][][]
 []

) (./structdevfix_1_1base_1_1io_1_1outputstream.tex
<structdevfix_1_1base_1_1io_1_1outputstream__inherit__graph.pdf, id=2539, 226.8
475pt x 321.2pt>
File: structdevfix_1_1base_1_1io_1_1outputstream__inherit__graph.pdf Graphic fi
le (type pdf)
<use structdevfix_1_1base_1_1io_1_1outputstream__inherit__graph.pdf>
Package pdftex.def Info: structdevfix_1_1base_1_1io_1_1outputstream__inherit__g
raph.pdf  used on input line 18.
(pdftex.def)             Requested size: 226.0pt x 320.00334pt.
 [33 <./structdevfix_1_1base_1_1io_1_1outputstream__inherit__graph.pdf>]
Underfull \hbox (badness 10000) detected at line 91
[][][]
 []

[34]) (./structdevfix_1_1net_1_1serversocket.tex [35]
Underfull \hbox (badness 10000) detected at line 58
[][][]
 []

[36]
Underfull \hbox (badness 10000) detected at line 81
[][][]
 []


Underfull \hbox (badness 10000) in paragraph at lines 88--89
\T1/pcr/bc/n/8 virtual const [][]inetaddress[][]& devfix[]::net[]::serversocket
[]::get[]_[]address ( ) const [pure virtual],
 []


Underfull \hbox (badness 10000) detected at line 94
[][][]
 []


Underfull \hbox (badness 10000) detected at line 107
[][][]
 []


Underfull \hbox (badness 10000) detected at line 120
[][][]
 []

[37]) (./structdevfix_1_1base_1_1io_1_1sink.tex
<structdevfix_1_1base_1_1io_1_1sink__inherit__graph.pdf, id=2620, 226.8475pt x 
321.2pt>
File: structdevfix_1_1base_1_1io_1_1sink__inherit__graph.pdf Graphic file (type
 pdf)
<use structdevfix_1_1base_1_1io_1_1sink__inherit__graph.pdf>
Package pdftex.def Info: structdevfix_1_1base_1_1io_1_1sink__inherit__graph.pdf
  used on input line 18.
(pdftex.def)             Requested size: 226.0pt x 320.00334pt.

Underfull \vbox (badness 3417) has occurred while \output is active []

 [38]
[39 <./structdevfix_1_1base_1_1io_1_1sink__inherit__graph.pdf>]
Underfull \hbox (badness 10000) detected at line 104
[][][]
 []

[40]) (./structdevfix_1_1net_1_1socket.tex [41] [42]
Underfull \hbox (badness 10000) in paragraph at lines 77--78
\T1/pcr/bc/n/8 virtual [][]base[]::io[]::inputstream[][]& devfix[]::net[]::sock
et[]::get[]_[]inputstream ( ) const [pure virtual],
 []


Underfull \hbox (badness 10000) detected at line 83
[][][]
 []


Underfull \hbox (badness 10000) detected at line 92
[][][]
 []


Underfull \hbox (badness 10000) in paragraph at lines 99--100
\T1/pcr/bc/n/8 virtual const [][]inetaddress[][]& devfix[]::net[]::socket[]::ge
t[]_[]local[]_[]address ( ) const [pure virtual],
 []


Underfull \hbox (badness 10000) detected at line 105
[][][]
 []


Underfull \hbox (badness 10000) detected at line 118
[][][]
 []


Underfull \hbox (badness 10000) in paragraph at lines 125--126
\T1/pcr/bc/n/8 virtual const [][]inetaddress[][]& devfix[]::net[]::socket[]::ge
t[]_[]remote[]_[]address ( ) const [pure virtual],
 []

[43]
Underfull \hbox (badness 10000) detected at line 131
[][][]
 []


Underfull \hbox (badness 10000) detected at line 144
[][][]
 []

[44]) (./structdevfix_1_1net_1_1socketexception.tex
<structdevfix_1_1net_1_1socketexception__inherit__graph.pdf, id=2753, 220.825pt
 x 404.51125pt>
File: structdevfix_1_1net_1_1socketexception__inherit__graph.pdf Graphic file (
type pdf)
<use structdevfix_1_1net_1_1socketexception__inherit__graph.pdf>
Package pdftex.def Info: structdevfix_1_1net_1_1socketexception__inherit__graph
.pdf  used on input line 18.
(pdftex.def)             Requested size: 220.0pt x 403.01654pt.
 [45] [46 <./structdevfix_1_1net_1_1socketexception__inherit__graph.pdf>])
(./structdevfix_1_1base_1_1io_1_1source.tex
<structdevfix_1_1base_1_1io_1_1source__inherit__graph.pdf, id=2781, 220.825pt x
 343.2825pt>
File: structdevfix_1_1base_1_1io_1_1source__inherit__graph.pdf Graphic file (ty
pe pdf)
<use structdevfix_1_1base_1_1io_1_1source__inherit__graph.pdf>
Package pdftex.def Info: structdevfix_1_1base_1_1io_1_1source__inherit__graph.p
df  used on input line 18.
(pdftex.def)             Requested size: 220.0pt x 342.01402pt.
 [47] [48 <./structdevfix_1_1base_1_1io_1_1source__inherit__graph.pdf>]
Underfull \hbox (badness 10000) detected at line 86
[][][]
 []

[49]
Underfull \hbox (badness 10000) detected at line 117
[][][]
 []

[50]) (./structdevfix_1_1dsp_1_1spectrogram.tex

Package hyperref Warning: Token not allowed in a PDF string (Unicode):
(hyperref)                removing `math shift' on input line 1.


Package hyperref Warning: Token not allowed in a PDF string (Unicode):
(hyperref)                removing `math shift' on input line 1.


Package hyperref Warning: Token not allowed in a PDF string (Unicode):
(hyperref)                removing `math shift' on input line 1.


Package hyperref Warning: Token not allowed in a PDF string (Unicode):
(hyperref)                removing `math shift' on input line 1.

[51]
<structdevfix_1_1dsp_1_1spectrogram_a9204dfb17067382f9e01295bc349d4f1_icgraph.p
df, id=2894, 409.53pt x 100.375pt>
File: structdevfix_1_1dsp_1_1spectrogram_a9204dfb17067382f9e01295bc349d4f1_icgr
aph.pdf Graphic file (type pdf)
<use structdevfix_1_1dsp_1_1spectrogram_a9204dfb17067382f9e01295bc349d4f1_icgra
ph.pdf>
Package pdftex.def Info: structdevfix_1_1dsp_1_1spectrogram_a9204dfb17067382f9e
01295bc349d4f1_icgraph.pdf  used on input line 61.
(pdftex.def)             Requested size: 350.0pt x 85.78934pt.
 [52 <./structdevfix_1_1dsp_1_1spectrogram_a9204dfb17067382f9e01295bc349d4f1_ic
graph.pdf>]) (./structdevfix_1_1base_1_1strout.tex

Package hyperref Warning: Token not allowed in a PDF string (Unicode):
(hyperref)                removing `math shift' on input line 1.


Package hyperref Warning: Token not allowed in a PDF string (Unicode):
(hyperref)                removing `math shift' on input line 1.


Package hyperref Warning: Token not allowed in a PDF string (Unicode):
(hyperref)                removing `math shift' on input line 1.


Package hyperref Warning: Token not allowed in a PDF string (Unicode):
(hyperref)                removing `math shift' on input line 1.

<structdevfix_1_1base_1_1strout__inherit__graph.pdf, id=2914, 217.81375pt x 398
.48875pt>
File: structdevfix_1_1base_1_1strout__inherit__graph.pdf Graphic file (type pdf
)
<use structdevfix_1_1base_1_1strout__inherit__graph.pdf>
Package pdftex.def Info: structdevfix_1_1base_1_1strout__inherit__graph.pdf  us
ed on input line 13.
(pdftex.def)             Requested size: 217.0pt x 396.99806pt.
[53 <./structdevfix_1_1base_1_1strout__inherit__graph.pdf>]
Overfull \hbox (16.9825pt too wide) in paragraph at lines 73--75
\T1/pcr/bc/n/8 template$\OML/cmm/m/it/8 <$\T1/pcr/bc/n/8 class CharT, class Tra
its = std[]::char[]_[]traits$\OML/cmm/m/it/8 <$[]\T1/pcr/bc/n/8 Char[]T$\OML/cm
m/m/it/8 >$\T1/pcr/bc/n/8 , class Allocator = std[]::allocator$\OML/cmm/m/it/8 
<$[]
 []


Underfull \hbox (badness 10000) in paragraph at lines 73--75
\T1/pcr/bc/n/8 using [][]devfix[]::base[]::strout[][]$\OML/cmm/m/it/8 <$ \T1/pc
r/bc/n/8 CharT, Traits, Allocator $\OML/cmm/m/it/8 >$[]\T1/pcr/bc/n/8 ::[][]int
[]_[]type[][] = typename std[]::basic[]_[]
 []


Overfull \hbox (16.9825pt too wide) in paragraph at lines 83--85
\T1/pcr/bc/n/8 template$\OML/cmm/m/it/8 <$\T1/pcr/bc/n/8 class CharT, class Tra
its = std[]::char[]_[]traits$\OML/cmm/m/it/8 <$[]\T1/pcr/bc/n/8 Char[]T$\OML/cm
m/m/it/8 >$\T1/pcr/bc/n/8 , class Allocator = std[]::allocator$\OML/cmm/m/it/8 
<$[]
 []

[54]
Overfull \hbox (16.9825pt too wide) in paragraph at lines 90--92
\T1/pcr/bc/n/8 template$\OML/cmm/m/it/8 <$\T1/pcr/bc/n/8 class CharT, class Tra
its = std[]::char[]_[]traits$\OML/cmm/m/it/8 <$[]\T1/pcr/bc/n/8 Char[]T$\OML/cm
m/m/it/8 >$\T1/pcr/bc/n/8 , class Allocator = std[]::allocator$\OML/cmm/m/it/8 
<$[]
 []


Overfull \hbox (16.9825pt too wide) in paragraph at lines 100--102
\T1/pcr/bc/n/8 template$\OML/cmm/m/it/8 <$\T1/pcr/bc/n/8 class CharT, class Tra
its = std[]::char[]_[]traits$\OML/cmm/m/it/8 <$[]\T1/pcr/bc/n/8 Char[]T$\OML/cm
m/m/it/8 >$\T1/pcr/bc/n/8 , class Allocator = std[]::allocator$\OML/cmm/m/it/8 
<$[]
 []


Underfull \hbox (badness 10000) in paragraph at lines 100--102
\T1/pcr/bc/n/8 const std[]::basic[]_[]string$\OML/cmm/m/it/8 <$\T1/pcr/bc/n/8 C
harT$\OML/cmm/m/it/8 >$\T1/pcr/bc/n/8 & [][]devfix[]::base[]::strout[][]$\OML/c
mm/m/it/8 <$ \T1/pcr/bc/n/8 CharT, Traits, Allocator $\OML/cmm/m/it/8 >$[]\T1/p
cr/bc/n/8 ::get[]_[]prefix
 []


Overfull \hbox (16.9825pt too wide) in paragraph at lines 107--109
\T1/pcr/bc/n/8 template$\OML/cmm/m/it/8 <$\T1/pcr/bc/n/8 class CharT, class Tra
its = std[]::char[]_[]traits$\OML/cmm/m/it/8 <$[]\T1/pcr/bc/n/8 Char[]T$\OML/cm
m/m/it/8 >$\T1/pcr/bc/n/8 , class Allocator = std[]::allocator$\OML/cmm/m/it/8 
<$[]
 []


Overfull \hbox (16.9825pt too wide) in paragraph at lines 114--116
\T1/pcr/bc/n/8 template$\OML/cmm/m/it/8 <$\T1/pcr/bc/n/8 class CharT, class Tra
its = std[]::char[]_[]traits$\OML/cmm/m/it/8 <$[]\T1/pcr/bc/n/8 Char[]T$\OML/cm
m/m/it/8 >$\T1/pcr/bc/n/8 , class Allocator = std[]::allocator$\OML/cmm/m/it/8 
<$[]
 []


Overfull \hbox (16.9825pt too wide) in paragraph at lines 121--123
\T1/pcr/bc/n/8 template$\OML/cmm/m/it/8 <$\T1/pcr/bc/n/8 class CharT, class Tra
its = std[]::char[]_[]traits$\OML/cmm/m/it/8 <$[]\T1/pcr/bc/n/8 Char[]T$\OML/cm
m/m/it/8 >$\T1/pcr/bc/n/8 , class Allocator = std[]::allocator$\OML/cmm/m/it/8 
<$[]
 []


Overfull \hbox (16.9825pt too wide) in paragraph at lines 128--130
\T1/pcr/bc/n/8 template$\OML/cmm/m/it/8 <$\T1/pcr/bc/n/8 class CharT, class Tra
its = std[]::char[]_[]traits$\OML/cmm/m/it/8 <$[]\T1/pcr/bc/n/8 Char[]T$\OML/cm
m/m/it/8 >$\T1/pcr/bc/n/8 , class Allocator = std[]::allocator$\OML/cmm/m/it/8 
<$[]
 []

[55]
Overfull \hbox (16.9825pt too wide) in paragraph at lines 135--137
\T1/pcr/bc/n/8 template$\OML/cmm/m/it/8 <$\T1/pcr/bc/n/8 class CharT, class Tra
its = std[]::char[]_[]traits$\OML/cmm/m/it/8 <$[]\T1/pcr/bc/n/8 Char[]T$\OML/cm
m/m/it/8 >$\T1/pcr/bc/n/8 , class Allocator = std[]::allocator$\OML/cmm/m/it/8 
<$[]
 []


Overfull \hbox (16.9825pt too wide) in paragraph at lines 145--147
\T1/pcr/bc/n/8 template$\OML/cmm/m/it/8 <$\T1/pcr/bc/n/8 class CharT, class Tra
its = std[]::char[]_[]traits$\OML/cmm/m/it/8 <$[]\T1/pcr/bc/n/8 Char[]T$\OML/cm
m/m/it/8 >$\T1/pcr/bc/n/8 , class Allocator = std[]::allocator$\OML/cmm/m/it/8 
<$[]
 []


Underfull \hbox (badness 10000) in paragraph at lines 145--147
\T1/pcr/bc/n/8 std[]::basic[]_[]stringstream$\OML/cmm/m/it/8 <$\T1/pcr/bc/n/8 C
harT$\OML/cmm/m/it/8 >$ [][]\T1/pcr/bc/n/8 devfix[]::base[]::strout[][]$\OML/cm
m/m/it/8 <$ \T1/pcr/bc/n/8 CharT, Traits, Allocator $\OML/cmm/m/it/8 >$[]\T1/pc
r/bc/n/8 ::buffer[]_[]
 []


Overfull \hbox (16.9825pt too wide) in paragraph at lines 152--154
\T1/pcr/bc/n/8 template$\OML/cmm/m/it/8 <$\T1/pcr/bc/n/8 class CharT, class Tra
its = std[]::char[]_[]traits$\OML/cmm/m/it/8 <$[]\T1/pcr/bc/n/8 Char[]T$\OML/cm
m/m/it/8 >$\T1/pcr/bc/n/8 , class Allocator = std[]::allocator$\OML/cmm/m/it/8 
<$[]
 []


Underfull \hbox (badness 10000) in paragraph at lines 152--154
\T1/pcr/bc/n/8 constexpr std[]::basic[]_[]string[]_[]view$\OML/cmm/m/it/8 <$\T1
/pcr/bc/n/8 CharT$\OML/cmm/m/it/8 >$ [][]\T1/pcr/bc/n/8 devfix[]::base[]::strou
t[][]$\OML/cmm/m/it/8 <$ \T1/pcr/bc/n/8 CharT, Traits, Allocator $\OML/cmm/m/it
/8 >$[]\T1/pcr/bc/n/8 ::C[]
 []


Overfull \hbox (16.9825pt too wide) in paragraph at lines 159--161
\T1/pcr/bc/n/8 template$\OML/cmm/m/it/8 <$\T1/pcr/bc/n/8 class CharT, class Tra
its = std[]::char[]_[]traits$\OML/cmm/m/it/8 <$[]\T1/pcr/bc/n/8 Char[]T$\OML/cm
m/m/it/8 >$\T1/pcr/bc/n/8 , class Allocator = std[]::allocator$\OML/cmm/m/it/8 
<$[]
 []


Overfull \hbox (16.9825pt too wide) in paragraph at lines 166--168
\T1/pcr/bc/n/8 template$\OML/cmm/m/it/8 <$\T1/pcr/bc/n/8 class CharT, class Tra
its = std[]::char[]_[]traits$\OML/cmm/m/it/8 <$[]\T1/pcr/bc/n/8 Char[]T$\OML/cm
m/m/it/8 >$\T1/pcr/bc/n/8 , class Allocator = std[]::allocator$\OML/cmm/m/it/8 
<$[]
 []


Underfull \hbox (badness 10000) in paragraph at lines 166--168
\T1/pcr/bc/n/8 std[]::basic[]_[]ostream$\OML/cmm/m/it/8 <$\T1/pcr/bc/n/8 CharT$
\OML/cmm/m/it/8 >$\T1/pcr/bc/n/8 & [][]devfix[]::base[]::strout[][]$\OML/cmm/m/
it/8 <$ \T1/pcr/bc/n/8 CharT, Traits, Allocator $\OML/cmm/m/it/8 >$[]\T1/pcr/bc
/n/8 ::output[]_[]stream[]_[]
 []

[56]
Overfull \hbox (16.9825pt too wide) in paragraph at lines 173--175
\T1/pcr/bc/n/8 template$\OML/cmm/m/it/8 <$\T1/pcr/bc/n/8 class CharT, class Tra
its = std[]::char[]_[]traits$\OML/cmm/m/it/8 <$[]\T1/pcr/bc/n/8 Char[]T$\OML/cm
m/m/it/8 >$\T1/pcr/bc/n/8 , class Allocator = std[]::allocator$\OML/cmm/m/it/8 
<$[]
 []


Overfull \hbox (16.9825pt too wide) in paragraph at lines 180--182
\T1/pcr/bc/n/8 template$\OML/cmm/m/it/8 <$\T1/pcr/bc/n/8 class CharT, class Tra
its = std[]::char[]_[]traits$\OML/cmm/m/it/8 <$[]\T1/pcr/bc/n/8 Char[]T$\OML/cm
m/m/it/8 >$\T1/pcr/bc/n/8 , class Allocator = std[]::allocator$\OML/cmm/m/it/8 
<$[]
 []

LaTeX Font Info:    Try loading font information for TS1+pcr on input line 188.

(/usr/share/texlive/texmf-dist/tex/latex/psnfss/ts1pcr.fd
File: ts1pcr.fd 2001/06/04 font definitions for TS1/pcr.
)
Overfull \hbox (16.9825pt too wide) in paragraph at lines 187--189
\T1/pcr/bc/n/8 template$\OML/cmm/m/it/8 <$\T1/pcr/bc/n/8 class CharT, class Tra
its = std[]::char[]_[]traits$\OML/cmm/m/it/8 <$[]\T1/pcr/bc/n/8 Char[]T$\OML/cm
m/m/it/8 >$\T1/pcr/bc/n/8 , class Allocator = std[]::allocator$\OML/cmm/m/it/8 
<$[]
 []


Overfull \hbox (22.401pt too wide) in paragraph at lines 187--189
\T1/pcr/bc/n/8 constexpr CharT [][]devfix[]::base[]::strout[][]$\OML/cmm/m/it/8
 <$ \T1/pcr/bc/n/8 CharT, Traits, Allocator $\OML/cmm/m/it/8 >$[]\T1/pcr/bc/n/8
 ::S[]TX = static[]_[]cast$\OML/cmm/m/it/8 <$\T1/pcr/bc/n/8 CharT$\OML/cmm/m/it
/8 >$\T1/pcr/bc/n/8 (\TS1/pcr/m/n/8 '\T1/pcr/bc/n/8 \x02\TS1/pcr/m/n/8 '\T1/pcr
/bc/n/8 )
 []

) (./structdevfix_1_1base_1_1strutil.tex)
(./structdevfix_1_1base_1_1__math_1_1Table.tex

Package hyperref Warning: Token not allowed in a PDF string (Unicode):
(hyperref)                removing `math shift' on input line 1.


Package hyperref Warning: Token not allowed in a PDF string (Unicode):
(hyperref)                removing `math shift' on input line 1.


Package hyperref Warning: Token not allowed in a PDF string (Unicode):
(hyperref)                removing `math shift' on input line 1.


Package hyperref Warning: Token not allowed in a PDF string (Unicode):
(hyperref)                removing `math shift' on input line 1.

[57]) (./structdevfix_1_1base_1_1error_1_1timeoutexception.tex
<structdevfix_1_1base_1_1error_1_1timeoutexception__inherit__graph.pdf, id=3018
, 186.6975pt x 415.5525pt>
File: structdevfix_1_1base_1_1error_1_1timeoutexception__inherit__graph.pdf Gra
phic file (type pdf)
<use structdevfix_1_1base_1_1error_1_1timeoutexception__inherit__graph.pdf>
Package pdftex.def Info: structdevfix_1_1base_1_1error_1_1timeoutexception__inh
erit__graph.pdf  used on input line 18.
(pdftex.def)             Requested size: 186.0pt x 414.017pt.
 [58] [59 <./structdevfix_1_1base_1_1error_1_1timeoutexception__inherit__graph.
pdf>])
(./structdevfix_1_1dsp_1_1window.tex [60]) [61] [62

]
Chapter 7.
(./baseexception_8h.tex
<baseexception_8h__incl.pdf, id=3071, 263.98625pt x 156.585pt>
File: baseexception_8h__incl.pdf Graphic file (type pdf)
<use baseexception_8h__incl.pdf>
Package pdftex.def Info: baseexception_8h__incl.pdf  used on input line 10.
(pdftex.def)             Requested size: 263.0pt x 156.00879pt.
<baseexception_8h__dep__incl.pdf, id=3072, 792.9625pt x 212.795pt>
File: baseexception_8h__dep__incl.pdf Graphic file (type pdf)
<use baseexception_8h__dep__incl.pdf>
Package pdftex.def Info: baseexception_8h__dep__incl.pdf  used on input line 17
.
(pdftex.def)             Requested size: 350.0pt x 93.92555pt.
 [63 <./baseexception_8h__incl.pdf> <./baseexception_8h__dep__incl.pdf

pdfTeX warning: pdflatex (file ./baseexception_8h__dep__incl.pdf): PDF inclusio
n: multiple pdfs with page group included in a single page
>]) (./interruptedexception_8h.tex
<interruptedexception_8h__incl.pdf, id=3098, 273.02pt x 212.795pt>
File: interruptedexception_8h__incl.pdf Graphic file (type pdf)
<use interruptedexception_8h__incl.pdf>
Package pdftex.def Info: interruptedexception_8h__incl.pdf  used on input line 
8.
(pdftex.def)             Requested size: 272.0pt x 212.01193pt.
 [64 <./interruptedexception_8h__incl.pdf>])
(./ioexception_8h.tex
<ioexception_8h__incl.pdf, id=3117, 263.98625pt x 212.795pt>
File: ioexception_8h__incl.pdf Graphic file (type pdf)
<use ioexception_8h__incl.pdf>
Package pdftex.def Info: ioexception_8h__incl.pdf  used on input line 8.
(pdftex.def)             Requested size: 263.0pt x 212.01193pt.
) (./base_2error_2namespace_8h.tex)
(./base_2io_2namespace_8h.tex [65 <./ioexception_8h__incl.pdf>])
(./base_2namespace_8h.tex) (./net_2namespace_8h.tex) (./timeoutexception_8h.tex
<timeoutexception_8h__incl.pdf, id=3144, 265.99374pt x 212.795pt>
File: timeoutexception_8h__incl.pdf Graphic file (type pdf)
<use timeoutexception_8h__incl.pdf>
Package pdftex.def Info: timeoutexception_8h__incl.pdf  used on input line 8.
(pdftex.def)             Requested size: 265.0pt x 212.01843pt.
[66 <./timeoutexception_8h__incl.pdf>]) (./foldt_8h.tex
<foldt_8h__dep__incl.pdf, id=3161, 186.6975pt x 167.62625pt>
File: foldt_8h__dep__incl.pdf Graphic file (type pdf)
<use foldt_8h__dep__incl.pdf>
Package pdftex.def Info: foldt_8h__dep__incl.pdf  used on input line 7.
(pdftex.def)             Requested size: 186.0pt x 167.00684pt.
 [67 <./foldt_8h__dep__incl.pdf>]
Underfull \hbox (badness 10000) detected at line 51
[][][]
 []

<foldt_8h_a0663368800f70a8be80c4218d480fab7_icgraph.pdf, id=3182, 193.72375pt x
 138.5175pt>
File: foldt_8h_a0663368800f70a8be80c4218d480fab7_icgraph.pdf Graphic file (type
 pdf)
<use foldt_8h_a0663368800f70a8be80c4218d480fab7_icgraph.pdf>
Package pdftex.def Info: foldt_8h_a0663368800f70a8be80c4218d480fab7_icgraph.pdf
  used on input line 58.
(pdftex.def)             Requested size: 193.0pt x 138.00142pt.
) (./inputstream_8h.tex
<inputstream_8h__incl.pdf, id=3183, 220.825pt x 156.585pt>
File: inputstream_8h__incl.pdf Graphic file (type pdf)
<use inputstream_8h__incl.pdf>
Package pdftex.def Info: inputstream_8h__incl.pdf  used on input line 8.
(pdftex.def)             Requested size: 220.0pt x 156.0064pt.
 [68 <./foldt_8h_a0663368800f70a8be80c4218d480fab7_icgraph.pdf>]
<inputstream_8h__dep__incl.pdf, id=3197, 486.81876pt x 269.005pt>
File: inputstream_8h__dep__incl.pdf Graphic file (type pdf)
<use inputstream_8h__dep__incl.pdf>
Package pdftex.def Info: inputstream_8h__dep__incl.pdf  used on input line 15.
(pdftex.def)             Requested size: 350.0pt x 193.40022pt.
) (./iotypes_8h.tex
<iotypes_8h__incl.pdf, id=3200, 200.75pt x 156.585pt>
File: iotypes_8h__incl.pdf Graphic file (type pdf)
<use iotypes_8h__incl.pdf>
Package pdftex.def Info: iotypes_8h__incl.pdf  used on input line 8.
(pdftex.def)             Requested size: 200.0pt x 156.01117pt.
 [69 <./inputstream_8h__incl.pdf> <./inputstream_8h__dep__incl.pdf

pdfTeX warning: pdflatex (file ./inputstream_8h__dep__incl.pdf): PDF inclusion:
 multiple pdfs with page group included in a single page
>]
<iotypes_8h__dep__incl.pdf, id=3221, 345.29pt x 212.795pt>
File: iotypes_8h__dep__incl.pdf Graphic file (type pdf)
<use iotypes_8h__dep__incl.pdf>
Package pdftex.def Info: iotypes_8h__dep__incl.pdf  used on input line 15.
(pdftex.def)             Requested size: 344.0pt x 212.0022pt.
 [70 <./iotypes_8h__incl.pdf> <./iotypes_8h__dep__incl.pdf

pdfTeX warning: pdflatex (file ./iotypes_8h__dep__incl.pdf): PDF inclusion: mul
tiple pdfs with page group included in a single page
>]) (./outputstream_8h.tex
<outputstream_8h__incl.pdf, id=3251, 226.8475pt x 156.585pt>
File: outputstream_8h__incl.pdf Graphic file (type pdf)
<use outputstream_8h__incl.pdf>
Package pdftex.def Info: outputstream_8h__incl.pdf  used on input line 8.
(pdftex.def)             Requested size: 226.0pt x 156.00162pt.
<outputstream_8h__dep__incl.pdf, id=3252, 474.77374pt x 269.005pt>
File: outputstream_8h__dep__incl.pdf Graphic file (type pdf)
<use outputstream_8h__dep__incl.pdf>
Package pdftex.def Info: outputstream_8h__dep__incl.pdf  used on input line 15.

(pdftex.def)             Requested size: 350.0pt x 198.31763pt.
) (./sink_8cpp.tex
<sink_8cpp__incl.pdf, id=3255, 253.94875pt x 269.005pt>
File: sink_8cpp__incl.pdf Graphic file (type pdf)
<use sink_8cpp__incl.pdf>
Package pdftex.def Info: sink_8cpp__incl.pdf  used on input line 9.
(pdftex.def)             Requested size: 253.0pt x 268.01099pt.
 [71 <./outputstream_8h__incl.pdf> <./outputstream_8h__dep__incl.pdf

pdfTeX warning: pdflatex (file ./outputstream_8h__dep__incl.pdf): PDF inclusion
: multiple pdfs with page group included in a single page
>]) (./sink_8h.tex
<sink_8h__incl.pdf, id=3277, 238.8925pt x 212.795pt>
File: sink_8h__incl.pdf Graphic file (type pdf)
<use sink_8h__incl.pdf>
Package pdftex.def Info: sink_8h__incl.pdf  used on input line 9.
(pdftex.def)             Requested size: 238.0pt x 211.99895pt.
 [72 <./sink_8cpp__incl.pdf>]
<sink_8h__dep__incl.pdf, id=3291, 197.73875pt x 156.585pt>
File: sink_8h__dep__incl.pdf Graphic file (type pdf)
<use sink_8h__dep__incl.pdf>
Package pdftex.def Info: sink_8h__dep__incl.pdf  used on input line 16.
(pdftex.def)             Requested size: 197.0pt x 156.00162pt.
) (./source_8cpp.tex
<source_8cpp__incl.pdf, id=3294, 232.87pt x 269.005pt>
File: source_8cpp__incl.pdf Graphic file (type pdf)
<use source_8cpp__incl.pdf>
Package pdftex.def Info: source_8cpp__incl.pdf  used on input line 8.
(pdftex.def)             Requested size: 232.0pt x 268.01099pt.
 [73 <./sink_8h__incl.pdf> <./sink_8h__dep__incl.pdf

pdfTeX warning: pdflatex (file ./sink_8h__dep__incl.pdf): PDF inclusion: multip
le pdfs with page group included in a single page
>]) (./source_8h.tex
<source_8h__incl.pdf, id=3315, 232.87pt x 212.795pt>
File: source_8h__incl.pdf Graphic file (type pdf)
<use source_8h__incl.pdf>
Package pdftex.def Info: source_8h__incl.pdf  used on input line 9.
(pdftex.def)             Requested size: 232.0pt x 212.00868pt.

Underfull \vbox (badness 2680) has occurred while \output is active []

 [74 <./source_8cpp__incl.pdf>]
<source_8h__dep__incl.pdf, id=3328, 208.78pt x 156.585pt>
File: source_8h__dep__incl.pdf Graphic file (type pdf)
<use source_8h__dep__incl.pdf>
Package pdftex.def Info: source_8h__dep__incl.pdf  used on input line 16.
(pdftex.def)             Requested size: 208.0pt x 156.00879pt.
) (./math_8h.tex
<math_8h__incl.pdf, id=3331, 180.675pt x 156.585pt>
File: math_8h__incl.pdf Graphic file (type pdf)
<use math_8h__incl.pdf>
Package pdftex.def Info: math_8h__incl.pdf  used on input line 8.
(pdftex.def)             Requested size: 180.0pt x 156.00162pt.
 [75 <./source_8h__incl.pdf> <./source_8h__dep__incl.pdf

pdfTeX warning: pdflatex (file ./source_8h__dep__incl.pdf): PDF inclusion: mult
iple pdfs with page group included in a single page
>]
<math_8h__dep__incl.pdf, id=3352, 207.77625pt x 212.795pt>
File: math_8h__dep__incl.pdf Graphic file (type pdf)
<use math_8h__dep__incl.pdf>
Package pdftex.def Info: math_8h__dep__incl.pdf  used on input line 15.
(pdftex.def)             Requested size: 207.0pt x 212.00868pt.
) (./memory_8h.tex
<memory_8h__incl.pdf, id=3357, 193.72375pt x 156.585pt>
File: memory_8h__incl.pdf Graphic file (type pdf)
<use memory_8h__incl.pdf>
Package pdftex.def Info: memory_8h__incl.pdf  used on input line 8.
(pdftex.def)             Requested size: 193.0pt x 156.00162pt.
 [76 <./math_8h__incl.pdf> <./math_8h__dep__incl.pdf

pdfTeX warning: pdflatex (file ./math_8h__dep__incl.pdf): PDF inclusion: multip
le pdfs with page group included in a single page
>]
<memory_8h__dep__incl.pdf, id=3377, 344.28625pt x 269.005pt>
File: memory_8h__dep__incl.pdf Graphic file (type pdf)
<use memory_8h__dep__incl.pdf>
Package pdftex.def Info: memory_8h__dep__incl.pdf  used on input line 15.
(pdftex.def)             Requested size: 343.0pt x 268.00278pt.
 [77 <./memory_8h__incl.pdf> <./memory_8h__dep__incl.pdf

pdfTeX warning: pdflatex (file ./memory_8h__dep__incl.pdf): PDF inclusion: mult
iple pdfs with page group included in a single page
>]) (./platform_8h.tex
<platform_8h__dep__incl.pdf, id=3400, 983.675pt x 336.25626pt>
File: platform_8h__dep__incl.pdf Graphic file (type pdf)
<use platform_8h__dep__incl.pdf>
Package pdftex.def Info: platform_8h__dep__incl.pdf  used on input line 7.
(pdftex.def)             Requested size: 350.0pt x 119.64117pt.
 [78 <./platform_8h__dep__incl.pdf>]
Underfull \hbox (badness 10000) in paragraph at lines 62--63
\T1/pcr/bc/n/8 #define S[]O[]U[]R[]C[]E[]_[][]L[]I[]NE std[]::string([][][]_[][
]_[][]F[]I[]L[]E[]N[]A[]M[]E[]_[][]_[][][]) + "[]:" + std[]::to[]_[]string([]_[
][]_[][]L[]I[]N[]E[]_[][]_[]) + "[]: in \"" +
 []

) (./strout_8h.tex
<strout_8h__incl.pdf, id=3427, 200.75pt x 212.795pt>
File: strout_8h__incl.pdf Graphic file (type pdf)
<use strout_8h__incl.pdf>
Package pdftex.def Info: strout_8h__incl.pdf  used on input line 9.
(pdftex.def)             Requested size: 200.0pt x 212.01518pt.
 [79 <./strout_8h__incl.pdf>]) (./strutil_8h.tex
<strutil_8h__incl.pdf, id=3442, 182.6825pt x 156.585pt>
File: strutil_8h__incl.pdf Graphic file (type pdf)
<use strutil_8h__incl.pdf>
Package pdftex.def Info: strutil_8h__incl.pdf  used on input line 8.
(pdftex.def)             Requested size: 182.0pt x 156.0064pt.
<strutil_8h__dep__incl.pdf, id=3443, 183.68625pt x 156.585pt>
File: strutil_8h__dep__incl.pdf Graphic file (type pdf)
<use strutil_8h__dep__incl.pdf>
Package pdftex.def Info: strutil_8h__dep__incl.pdf  used on input line 15.
(pdftex.def)             Requested size: 183.0pt x 156.01117pt.
 [80 <./strutil_8h__incl.pdf> <./strutil_8h__dep__incl.pdf

pdfTeX warning: pdflatex (file ./strutil_8h__dep__incl.pdf): PDF inclusion: mul
tiple pdfs with page group included in a single page
>]) (./test__fold_8cpp.tex
<test__fold_8cpp__incl.pdf, id=3472, 296.10625pt x 167.62625pt>
File: test__fold_8cpp__incl.pdf Graphic file (type pdf)
<use test__fold_8cpp__incl.pdf>
Package pdftex.def Info: test__fold_8cpp__incl.pdf  used on input line 10.
(pdftex.def)             Requested size: 295.0pt x 167.00427pt.
 [81 <./test__fold_8cpp__incl.pdf>])
(./test__math_8cpp.tex) (./test__strout_8cpp.tex)
(./dsp_2cmake-build-debug_2CMakeFiles_23_815_83_2CompilerIdC_2CMakeCCompilerId_
8c.tex
Underfull \hbox (badness 10000) in paragraph at lines 1--1
[]\T1/phv/bc/n/14.4 devfix/dsp/cmake-build-debug/[]C[]Make[]Files/3.15.3/[]Comp
iler[]Id[]C/[]C[]Make[]C[]Compiler[]
 []

[82] [83] [84])
(./net_2cmake-build-debug_2CMakeFiles_23_815_83_2CompilerIdC_2CMakeCCompilerId_
8c.tex
Underfull \hbox (badness 10000) in paragraph at lines 1--1
[]\T1/phv/bc/n/14.4 devfix/net/cmake-build-debug/[]C[]Make[]Files/3.15.3/[]Comp
iler[]Id[]C/[]C[]Make[]C[]Compiler[]Id.c
 []

[85] [86] [87])
(./dsp_2cmake-build-debug_2CMakeFiles_23_815_83_2CompilerIdCXX_2CMakeCXXCompile
rId_8cpp.tex
Underfull \hbox (badness 10000) in paragraph at lines 1--1
[]\T1/phv/bc/n/14.4 devfix/dsp/cmake-build-debug/[]C[]Make[]Files/3.15.3/[]Comp
iler[]Id[]C[]X[]X/[]C[]Make[]C[]X[]X[]
 []

[88]

Package Fancyhdr Warning: \headheight is too small (12.0pt): 
Make it at least 22.16548pt.
We now make it that large for the rest of the document.
This may cause the page layout to be inconsistent, however.

[89] [90])
(./net_2cmake-build-debug_2CMakeFiles_23_815_83_2CompilerIdCXX_2CMakeCXXCompile
rId_8cpp.tex
Overfull \hbox (16.20284pt too wide) in paragraph at lines 1--1
[]\T1/phv/bc/n/14.4 devfix/net/cmake-build-debug/[]C[]Make[]Files/3.15.3/[]Comp
iler[]Id[]C[]X[]X/[]C[]Make[]C[]X[]X[]Compiler[]
 []

[91] [92] [93]) (./fft_8h.tex
<fft_8h__incl.pdf, id=3674, 295.1025pt x 212.795pt>
File: fft_8h__incl.pdf Graphic file (type pdf)
<use fft_8h__incl.pdf>
Package pdftex.def Info: fft_8h__incl.pdf  used on input line 10.
(pdftex.def)             Requested size: 294.0pt x 212.00543pt.
 [94]
<fft_8h__dep__incl.pdf, id=3680, 207.77625pt x 156.585pt>
File: fft_8h__dep__incl.pdf Graphic file (type pdf)
<use fft_8h__dep__incl.pdf>
Package pdftex.def Info: fft_8h__dep__incl.pdf  used on input line 17.
(pdftex.def)             Requested size: 207.0pt x 156.0064pt.
) (./spectrogram_8h.tex
<spectrogram_8h__incl.pdf, id=3683, 523.9575pt x 269.005pt>
File: spectrogram_8h__incl.pdf Graphic file (type pdf)
<use spectrogram_8h__incl.pdf>
Package pdftex.def Info: spectrogram_8h__incl.pdf  used on input line 15.
(pdftex.def)             Requested size: 350.0pt x 179.69879pt.
 [95 <./fft_8h__incl.pdf> <./fft_8h__dep__incl.pdf

pdfTeX warning: pdflatex (file ./fft_8h__dep__incl.pdf): PDF inclusion: multipl
e pdfs with page group included in a single page
>]) (./test__fft_8cpp.tex) (./test__spectrogram_8cpp.tex)
(./test__window_8cpp.tex) (./window_8h.tex
<window_8h__incl.pdf, id=3706, 186.6975pt x 156.585pt>
File: window_8h__incl.pdf Graphic file (type pdf)
<use window_8h__incl.pdf>
Package pdftex.def Info: window_8h__incl.pdf  used on input line 8.
(pdftex.def)             Requested size: 186.0pt x 156.0064pt.
 [96 <./spectrogram_8h__incl.pdf>])
(./inetaddress_8cpp.tex
<inetaddress_8cpp__incl.pdf, id=3722, 411.5375pt x 269.005pt>
File: inetaddress_8cpp__incl.pdf Graphic file (type pdf)
<use inetaddress_8cpp__incl.pdf>
Package pdftex.def Info: inetaddress_8cpp__incl.pdf  used on input line 11.
(pdftex.def)             Requested size: 350.0pt x 228.78256pt.
 [97 <./window_8h__incl.pdf> <./inetaddress_8cpp__incl.pdf

pdfTeX warning: pdflatex (file ./inetaddress_8cpp__incl.pdf): PDF inclusion: mu
ltiple pdfs with page group included in a single page
>]) (./inetaddress_8h.tex
<inetaddress_8h__incl.pdf, id=3743, 232.87pt x 156.585pt>
File: inetaddress_8h__incl.pdf Graphic file (type pdf)
<use inetaddress_8h__incl.pdf>
Package pdftex.def Info: inetaddress_8h__incl.pdf  used on input line 9.
(pdftex.def)             Requested size: 232.0pt x 156.0064pt.
<inetaddress_8h__dep__incl.pdf, id=3744, 413.545pt x 269.005pt>
File: inetaddress_8h__dep__incl.pdf Graphic file (type pdf)
<use inetaddress_8h__dep__incl.pdf>
Package pdftex.def Info: inetaddress_8h__dep__incl.pdf  used on input line 16.
(pdftex.def)             Requested size: 350.0pt x 227.6743pt.
 [98 <./inetaddress_8h__incl.pdf> <./inetaddress_8h__dep__incl.pdf

pdfTeX warning: pdflatex (file ./inetaddress_8h__dep__incl.pdf): PDF inclusion:
 multiple pdfs with page group included in a single page
>]) (./lnx__serversocket_8cpp.tex
<lnx__serversocket_8cpp__incl.pdf, id=3766, 182.6825pt x 167.62625pt>
File: lnx__serversocket_8cpp__incl.pdf Graphic file (type pdf)
<use lnx__serversocket_8cpp__incl.pdf>
Package pdftex.def Info: lnx__serversocket_8cpp__incl.pdf  used on input line 8
.
(pdftex.def)             Requested size: 182.0pt x 167.00684pt.
) (./lnx__serversocket_8h.tex
<lnx__serversocket_8h__incl.pdf, id=3767, 182.6825pt x 167.62625pt>
File: lnx__serversocket_8h__incl.pdf Graphic file (type pdf)
<use lnx__serversocket_8h__incl.pdf>
Package pdftex.def Info: lnx__serversocket_8h__incl.pdf  used on input line 8.
(pdftex.def)             Requested size: 182.0pt x 167.00684pt.
)
(./lnx__socket_8cpp.tex
<lnx__socket_8cpp__incl.pdf, id=3768, 182.6825pt x 167.62625pt>
File: lnx__socket_8cpp__incl.pdf Graphic file (type pdf)
<use lnx__socket_8cpp__incl.pdf>
Package pdftex.def Info: lnx__socket_8cpp__incl.pdf  used on input line 8.
(pdftex.def)             Requested size: 182.0pt x 167.00684pt.
) (./lnx__socket_8h.tex [99 <./lnx__serversocket_8cpp__incl.pdf> <./lnx__server
socket_8h__incl.pdf

pdfTeX warning: pdflatex (file ./lnx__serversocket_8h__incl.pdf): PDF inclusion
: multiple pdfs with page group included in a single page
>]
<lnx__socket_8h__incl.pdf, id=3788, 182.6825pt x 167.62625pt>
File: lnx__socket_8h__incl.pdf Graphic file (type pdf)
<use lnx__socket_8h__incl.pdf>
Package pdftex.def Info: lnx__socket_8h__incl.pdf  used on input line 8.
(pdftex.def)             Requested size: 182.0pt x 167.00684pt.
) (./netbuilder_8cpp.tex
<netbuilder_8cpp__incl.pdf, id=3789, 623.32875pt x 325.215pt>
File: netbuilder_8cpp__incl.pdf Graphic file (type pdf)
<use netbuilder_8cpp__incl.pdf>
Package pdftex.def Info: netbuilder_8cpp__incl.pdf  used on input line 8.
(pdftex.def)             Requested size: 350.0pt x 182.61043pt.
 [100 <./lnx__socket_8cpp__incl.pdf> <./lnx__socket_8h__incl.pdf

pdfTeX warning: pdflatex (file ./lnx__socket_8h__incl.pdf): PDF inclusion: mult
iple pdfs with page group included in a single page
>]) (./netbuilder_8h.tex
<netbuilder_8h__incl.pdf, id=3808, 623.32875pt x 269.005pt>
File: netbuilder_8h__incl.pdf Graphic file (type pdf)
<use netbuilder_8h__incl.pdf>
Package pdftex.def Info: netbuilder_8h__incl.pdf  used on input line 8.
(pdftex.def)             Requested size: 350.0pt x 151.04813pt.
<netbuilder_8h__dep__incl.pdf, id=3809, 203.76125pt x 156.585pt>
File: netbuilder_8h__dep__incl.pdf Graphic file (type pdf)
<use netbuilder_8h__dep__incl.pdf>
Package pdftex.def Info: netbuilder_8h__dep__incl.pdf  used on input line 15.
(pdftex.def)             Requested size: 203.0pt x 156.0064pt.

Underfull \vbox (badness 1748) has occurred while \output is active []

 [101 <./netbuilder_8cpp__incl.pdf> <./netbuilder_8h__incl.pdf

pdfTeX warning: pdflatex (file ./netbuilder_8h__incl.pdf): PDF inclusion: multi
ple pdfs with page group included in a single page
>]) (./serversocket_8h.tex
<serversocket_8h__incl.pdf, id=3832, 623.32875pt x 269.005pt>
File: serversocket_8h__incl.pdf Graphic file (type pdf)
<use serversocket_8h__incl.pdf>
Package pdftex.def Info: serversocket_8h__incl.pdf  used on input line 8.
(pdftex.def)             Requested size: 350.0pt x 151.04813pt.
 [102 <./netbuilder_8h__dep__incl.pdf>])
(./socket_8h.tex
<socket_8h__incl.pdf, id=3850, 623.32875pt x 212.795pt>
File: socket_8h__incl.pdf Graphic file (type pdf)
<use socket_8h__incl.pdf>
Package pdftex.def Info: socket_8h__incl.pdf  used on input line 12.
(pdftex.def)             Requested size: 350.0pt x 119.48582pt.
<socket_8h__dep__incl.pdf, id=3851, 344.28625pt x 212.795pt>
File: socket_8h__dep__incl.pdf Graphic file (type pdf)
<use socket_8h__dep__incl.pdf>
Package pdftex.def Info: socket_8h__dep__incl.pdf  used on input line 19.
(pdftex.def)             Requested size: 343.0pt x 212.0022pt.
 [103 <./serversocket_8h__incl.pdf> <./socket_8h__incl.pdf

pdfTeX warning: pdflatex (file ./socket_8h__incl.pdf): PDF inclusion: multiple 
pdfs with page group included in a single page
>]) (./socketexception_8h.tex
<socketexception_8h__incl.pdf, id=3873, 263.98625pt x 212.795pt>
File: socketexception_8h__incl.pdf Graphic file (type pdf)
<use socketexception_8h__incl.pdf>
Package pdftex.def Info: socketexception_8h__incl.pdf  used on input line 8.
(pdftex.def)             Requested size: 263.0pt x 212.01193pt.
<socketexception_8h__dep__incl.pdf, id=3874, 222.8325pt x 156.585pt>
File: socketexception_8h__dep__incl.pdf Graphic file (type pdf)
<use socketexception_8h__dep__incl.pdf>
Package pdftex.def Info: socketexception_8h__dep__incl.pdf  used on input line 
15.
(pdftex.def)             Requested size: 222.0pt x 156.00162pt.
 [104 <./socket_8h__dep__incl.pdf> <./socketexception_8h__incl.pdf

pdfTeX warning: pdflatex (file ./socketexception_8h__incl.pdf): PDF inclusion: 
multiple pdfs with page group included in a single page
>]) (./test__inetaddress_8cpp.tex) (./test__socket_8cpp.tex)
(./win__serversocket_8h.tex
<win__serversocket_8h__incl.pdf, id=3897, 182.6825pt x 167.62625pt>
File: win__serversocket_8h__incl.pdf Graphic file (type pdf)
<use win__serversocket_8h__incl.pdf>
Package pdftex.def Info: win__serversocket_8h__incl.pdf  used on input line 8.
(pdftex.def)             Requested size: 182.0pt x 167.00684pt.
) (./win__socket_8h.tex
<win__socket_8h__incl.pdf, id=3898, 182.6825pt x 167.62625pt>
File: win__socket_8h__incl.pdf Graphic file (type pdf)
<use win__socket_8h__incl.pdf>
Package pdftex.def Info: win__socket_8h__incl.pdf  used on input line 8.
(pdftex.def)             Requested size: 182.0pt x 167.00684pt.
 [105 <./socketexception_8h__dep__incl.pdf> <./win__serversocket_8h__incl.pdf

pdfTeX warning: pdflatex (file ./win__serversocket_8h__incl.pdf): PDF inclusion
: multiple pdfs with page group included in a single page
>]) [106 <./win__socket_8h__incl.pdf>] (./refman.ind
Underfull \hbox (badness 10000) in paragraph at lines 21--23
[]| \T1/phv/m/n/10 dsp/cmake-build-debug/[]C[]Make[]Files/3.[]15.[]3/[]
 []


Underfull \hbox (badness 10000) in paragraph at lines 23--25
[]| \T1/phv/m/n/10 dsp/cmake-build-debug/[]C[]Make[]Files/3.[]15.[]3/[]
 []


Underfull \hbox (badness 10000) in paragraph at lines 23--25
\T1/phv/m/n/10 Compiler[]Id[]C[]X[]X/[]C[]Make[]C[]X[]X[]Compiler[]Id.[]cpp,
 []


Underfull \hbox (badness 10000) in paragraph at lines 25--27
[]| \T1/phv/m/n/10 net/cmake-build-debug/[]C[]Make[]Files/3.[]15.[]3/[]
 []


Underfull \hbox (badness 10000) in paragraph at lines 27--29
[]| \T1/phv/m/n/10 net/cmake-build-debug/[]C[]Make[]Files/3.[]15.[]3/[]
 []


Underfull \hbox (badness 10000) in paragraph at lines 27--29
\T1/phv/m/n/10 Compiler[]Id[]C[]X[]X/[]C[]Make[]C[]X[]X[]Compiler[]Id.[]cpp,
 []


Underfull \hbox (badness 10000) in paragraph at lines 55--57
[]| \T1/phv/m/n/10 dsp/cmake-build-debug/[]C[]Make[]Files/3.[]15.[]3/[]
 []


Underfull \hbox (badness 10000) in paragraph at lines 57--59
[]| \T1/phv/m/n/10 net/cmake-build-debug/[]C[]Make[]Files/3.[]15.[]3/[]
 []


Underfull \hbox (badness 10000) in paragraph at lines 62--64
[]| \T1/phv/m/n/10 dsp/cmake-build-debug/[]C[]Make[]Files/3.[]15.[]3/[]
 []


Underfull \hbox (badness 10000) in paragraph at lines 64--66
[]| \T1/phv/m/n/10 dsp/cmake-build-debug/[]C[]Make[]Files/3.[]15.[]3/[]
 []


Underfull \hbox (badness 10000) in paragraph at lines 64--66
\T1/phv/m/n/10 Compiler[]Id[]C[]X[]X/[]C[]Make[]C[]X[]X[]Compiler[]Id.[]cpp,
 []


Underfull \hbox (badness 10000) in paragraph at lines 66--68
[]| \T1/phv/m/n/10 net/cmake-build-debug/[]C[]Make[]Files/3.[]15.[]3/[]
 []


Underfull \hbox (badness 10000) in paragraph at lines 68--70
[]| \T1/phv/m/n/10 net/cmake-build-debug/[]C[]Make[]Files/3.[]15.[]3/[]
 []


Underfull \hbox (badness 10000) in paragraph at lines 68--70
\T1/phv/m/n/10 Compiler[]Id[]C[]X[]X/[]C[]Make[]C[]X[]X[]Compiler[]Id.[]cpp,
 []


Underfull \hbox (badness 10000) in paragraph at lines 71--73
[]| \T1/phv/m/n/10 dsp/cmake-build-debug/[]C[]Make[]Files/3.[]15.[]3/[]
 []


Underfull \hbox (badness 10000) in paragraph at lines 71--73
\T1/phv/m/n/10 Compiler[]Id[]C[]X[]X/[]C[]Make[]C[]X[]X[]Compiler[]Id.[]cpp,
 []


Underfull \hbox (badness 10000) in paragraph at lines 73--75
[]| \T1/phv/m/n/10 net/cmake-build-debug/[]C[]Make[]Files/3.[]15.[]3/[]
 []


Underfull \hbox (badness 10000) in paragraph at lines 73--75
\T1/phv/m/n/10 Compiler[]Id[]C[]X[]X/[]C[]Make[]C[]X[]X[]Compiler[]Id.[]cpp,
 []


Underfull \hbox (badness 10000) in paragraph at lines 105--107
[]| \T1/phv/m/n/10 dsp/cmake-build-debug/[]C[]Make[]Files/3.[]15.[]3/[]
 []

[107



]
Underfull \hbox (badness 10000) in paragraph at lines 107--109
[]| \T1/phv/m/n/10 dsp/cmake-build-debug/[]C[]Make[]Files/3.[]15.[]3/[]
 []


Underfull \hbox (badness 10000) in paragraph at lines 107--109
\T1/phv/m/n/10 Compiler[]Id[]C[]X[]X/[]C[]Make[]C[]X[]X[]Compiler[]Id.[]cpp,
 []


Underfull \hbox (badness 10000) in paragraph at lines 109--111
[]| \T1/phv/m/n/10 net/cmake-build-debug/[]C[]Make[]Files/3.[]15.[]3/[]
 []


Underfull \hbox (badness 10000) in paragraph at lines 111--113
[]| \T1/phv/m/n/10 net/cmake-build-debug/[]C[]Make[]Files/3.[]15.[]3/[]
 []


Underfull \hbox (badness 10000) in paragraph at lines 111--113
\T1/phv/m/n/10 Compiler[]Id[]C[]X[]X/[]C[]Make[]C[]X[]X[]Compiler[]Id.[]cpp,
 []


Underfull \hbox (badness 10000) in paragraph at lines 137--139
[]\T1/phv/m/n/10 devfix/dsp/cmake-build-debug/[]C[]Make[]Files/3.[]15.[]3/[]
 []


Underfull \hbox (badness 10000) in paragraph at lines 139--141
[]\T1/phv/m/n/10 devfix/dsp/cmake-build-debug/[]C[]Make[]Files/3.[]15.[]3/[]
 []


Underfull \hbox (badness 10000) in paragraph at lines 139--141
\T1/phv/m/n/10 Compiler[]Id[]C[]X[]X/[]C[]Make[]C[]X[]X[]Compiler[]Id.[]cpp,
 []


Underfull \hbox (badness 10000) in paragraph at lines 147--149
[]\T1/phv/m/n/10 devfix/net/cmake-build-debug/[]C[]Make[]Files/3.[]15.[]3/[]
 []


Underfull \hbox (badness 10000) in paragraph at lines 149--151
[]\T1/phv/m/n/10 devfix/net/cmake-build-debug/[]C[]Make[]Files/3.[]15.[]3/[]
 []


Underfull \hbox (badness 10000) in paragraph at lines 149--151
\T1/phv/m/n/10 Compiler[]Id[]C[]X[]X/[]C[]Make[]C[]X[]X[]Compiler[]Id.[]cpp,
 []

[108]
Underfull \hbox (badness 10000) in paragraph at lines 315--316
[]\T1/phv/m/n/10 dsp/cmake-build-debug/[]C[]Make[]Files/3.[]15.[]3/[]Compiler[]

 []


Underfull \hbox (badness 10000) in paragraph at lines 332--333
[]\T1/phv/m/n/10 dsp/cmake-build-debug/[]C[]Make[]Files/3.[]15.[]3/[]Compiler[]

 []

[109]
Underfull \hbox (badness 10000) in paragraph at lines 420--422
[]| \T1/phv/m/n/10 dsp/cmake-build-debug/[]C[]Make[]Files/3.[]15.[]3/[]
 []


Underfull \hbox (badness 10000) in paragraph at lines 422--424
[]| \T1/phv/m/n/10 dsp/cmake-build-debug/[]C[]Make[]Files/3.[]15.[]3/[]
 []


Underfull \hbox (badness 10000) in paragraph at lines 422--424
\T1/phv/m/n/10 Compiler[]Id[]C[]X[]X/[]C[]Make[]C[]X[]X[]Compiler[]Id.[]cpp,
 []


Underfull \hbox (badness 10000) in paragraph at lines 424--426
[]| \T1/phv/m/n/10 net/cmake-build-debug/[]C[]Make[]Files/3.[]15.[]3/[]
 []


Underfull \hbox (badness 10000) in paragraph at lines 426--428
[]| \T1/phv/m/n/10 net/cmake-build-debug/[]C[]Make[]Files/3.[]15.[]3/[]
 []


Underfull \hbox (badness 10000) in paragraph at lines 426--428
\T1/phv/m/n/10 Compiler[]Id[]C[]X[]X/[]C[]Make[]C[]X[]X[]Compiler[]Id.[]cpp,
 []


Underfull \hbox (badness 10000) in paragraph at lines 438--440
[]| \T1/phv/m/n/10 dsp/cmake-build-debug/[]C[]Make[]Files/3.[]15.[]3/[]
 []


Underfull \hbox (badness 10000) in paragraph at lines 440--442
[]| \T1/phv/m/n/10 dsp/cmake-build-debug/[]C[]Make[]Files/3.[]15.[]3/[]
 []


Underfull \hbox (badness 10000) in paragraph at lines 440--442
\T1/phv/m/n/10 Compiler[]Id[]C[]X[]X/[]C[]Make[]C[]X[]X[]Compiler[]Id.[]cpp,
 []


Underfull \hbox (badness 10000) in paragraph at lines 442--444
[]| \T1/phv/m/n/10 net/cmake-build-debug/[]C[]Make[]Files/3.[]15.[]3/[]
 []


Underfull \hbox (badness 10000) in paragraph at lines 444--446
[]| \T1/phv/m/n/10 net/cmake-build-debug/[]C[]Make[]Files/3.[]15.[]3/[]
 []


Underfull \hbox (badness 10000) in paragraph at lines 444--446
\T1/phv/m/n/10 Compiler[]Id[]C[]X[]X/[]C[]Make[]C[]X[]X[]Compiler[]Id.[]cpp,
 []


Underfull \hbox (badness 10000) in paragraph at lines 447--449
[]| \T1/phv/m/n/10 dsp/cmake-build-debug/[]C[]Make[]Files/3.[]15.[]3/[]
 []


Underfull \hbox (badness 10000) in paragraph at lines 449--451
[]| \T1/phv/m/n/10 dsp/cmake-build-debug/[]C[]Make[]Files/3.[]15.[]3/[]
 []


Underfull \hbox (badness 10000) in paragraph at lines 449--451
\T1/phv/m/n/10 Compiler[]Id[]C[]X[]X/[]C[]Make[]C[]X[]X[]Compiler[]Id.[]cpp,
 []


Underfull \hbox (badness 10000) in paragraph at lines 451--453
[]| \T1/phv/m/n/10 net/cmake-build-debug/[]C[]Make[]Files/3.[]15.[]3/[]
 []


Underfull \hbox (badness 10000) in paragraph at lines 453--455
[]| \T1/phv/m/n/10 net/cmake-build-debug/[]C[]Make[]Files/3.[]15.[]3/[]
 []


Underfull \hbox (badness 10000) in paragraph at lines 453--455
\T1/phv/m/n/10 Compiler[]Id[]C[]X[]X/[]C[]Make[]C[]X[]X[]Compiler[]Id.[]cpp,
 []


Underfull \hbox (badness 10000) in paragraph at lines 456--458
[]| \T1/phv/m/n/10 dsp/cmake-build-debug/[]C[]Make[]Files/3.[]15.[]3/[]
 []


Underfull \hbox (badness 10000) in paragraph at lines 458--460
[]| \T1/phv/m/n/10 dsp/cmake-build-debug/[]C[]Make[]Files/3.[]15.[]3/[]
 []


Underfull \hbox (badness 10000) in paragraph at lines 458--460
\T1/phv/m/n/10 Compiler[]Id[]C[]X[]X/[]C[]Make[]C[]X[]X[]Compiler[]Id.[]cpp,
 []


Underfull \hbox (badness 10000) in paragraph at lines 460--462
[]| \T1/phv/m/n/10 net/cmake-build-debug/[]C[]Make[]Files/3.[]15.[]3/[]
 []


Underfull \hbox (badness 10000) in paragraph at lines 462--464
[]| \T1/phv/m/n/10 net/cmake-build-debug/[]C[]Make[]Files/3.[]15.[]3/[]
 []


Underfull \hbox (badness 10000) in paragraph at lines 462--464
\T1/phv/m/n/10 Compiler[]Id[]C[]X[]X/[]C[]Make[]C[]X[]X[]Compiler[]Id.[]cpp,
 []


Underfull \hbox (badness 10000) in paragraph at lines 465--467
[]| \T1/phv/m/n/10 dsp/cmake-build-debug/[]C[]Make[]Files/3.[]15.[]3/[]
 []


Underfull \hbox (badness 10000) in paragraph at lines 467--469
[]| \T1/phv/m/n/10 dsp/cmake-build-debug/[]C[]Make[]Files/3.[]15.[]3/[]
 []


Underfull \hbox (badness 10000) in paragraph at lines 467--469
\T1/phv/m/n/10 Compiler[]Id[]C[]X[]X/[]C[]Make[]C[]X[]X[]Compiler[]Id.[]cpp,
 []

[110]
Underfull \hbox (badness 10000) in paragraph at lines 469--471
[]| \T1/phv/m/n/10 net/cmake-build-debug/[]C[]Make[]Files/3.[]15.[]3/[]
 []


Underfull \hbox (badness 10000) in paragraph at lines 471--473
[]| \T1/phv/m/n/10 net/cmake-build-debug/[]C[]Make[]Files/3.[]15.[]3/[]
 []


Underfull \hbox (badness 10000) in paragraph at lines 471--473
\T1/phv/m/n/10 Compiler[]Id[]C[]X[]X/[]C[]Make[]C[]X[]X[]Compiler[]Id.[]cpp,
 []


Underfull \hbox (badness 10000) in paragraph at lines 496--498
[]| \T1/phv/m/n/10 dsp/cmake-build-debug/[]C[]Make[]Files/3.[]15.[]3/[]
 []


Underfull \hbox (badness 10000) in paragraph at lines 498--500
[]| \T1/phv/m/n/10 dsp/cmake-build-debug/[]C[]Make[]Files/3.[]15.[]3/[]
 []


Underfull \hbox (badness 10000) in paragraph at lines 498--500
\T1/phv/m/n/10 Compiler[]Id[]C[]X[]X/[]C[]Make[]C[]X[]X[]Compiler[]Id.[]cpp,
 []


Underfull \hbox (badness 10000) in paragraph at lines 500--502
[]| \T1/phv/m/n/10 net/cmake-build-debug/[]C[]Make[]Files/3.[]15.[]3/[]
 []


Underfull \hbox (badness 10000) in paragraph at lines 502--504
[]| \T1/phv/m/n/10 net/cmake-build-debug/[]C[]Make[]Files/3.[]15.[]3/[]
 []


Underfull \hbox (badness 10000) in paragraph at lines 502--504
\T1/phv/m/n/10 Compiler[]Id[]C[]X[]X/[]C[]Make[]C[]X[]X[]Compiler[]Id.[]cpp,
 []


Underfull \hbox (badness 10000) in paragraph at lines 511--512
[]\T1/phv/m/n/10 net/cmake-build-debug/[]C[]Make[]Files/3.[]15.[]3/[]Compiler[]

 []


Underfull \hbox (badness 10000) in paragraph at lines 528--529
[]\T1/phv/m/n/10 net/cmake-build-debug/[]C[]Make[]Files/3.[]15.[]3/[]Compiler[]

 []


Underfull \hbox (badness 10000) in paragraph at lines 561--563
[]| \T1/phv/m/n/10 dsp/cmake-build-debug/[]C[]Make[]Files/3.[]15.[]3/[]
 []


Underfull \hbox (badness 10000) in paragraph at lines 563--565
[]| \T1/phv/m/n/10 dsp/cmake-build-debug/[]C[]Make[]Files/3.[]15.[]3/[]
 []


Underfull \hbox (badness 10000) in paragraph at lines 563--565
\T1/phv/m/n/10 Compiler[]Id[]C[]X[]X/[]C[]Make[]C[]X[]X[]Compiler[]Id.[]cpp,
 []


Underfull \hbox (badness 10000) in paragraph at lines 565--567
[]| \T1/phv/m/n/10 net/cmake-build-debug/[]C[]Make[]Files/3.[]15.[]3/[]
 []


Underfull \hbox (badness 10000) in paragraph at lines 567--569
[]| \T1/phv/m/n/10 net/cmake-build-debug/[]C[]Make[]Files/3.[]15.[]3/[]
 []


Underfull \hbox (badness 10000) in paragraph at lines 567--569
\T1/phv/m/n/10 Compiler[]Id[]C[]X[]X/[]C[]Make[]C[]X[]X[]Compiler[]Id.[]cpp,
 []

[111]
Underfull \hbox (badness 10000) in paragraph at lines 612--614
[]| \T1/phv/m/n/10 dsp/cmake-build-debug/[]C[]Make[]Files/3.[]15.[]3/[]
 []


Underfull \hbox (badness 10000) in paragraph at lines 614--616
[]| \T1/phv/m/n/10 dsp/cmake-build-debug/[]C[]Make[]Files/3.[]15.[]3/[]
 []


Underfull \hbox (badness 10000) in paragraph at lines 614--616
\T1/phv/m/n/10 Compiler[]Id[]C[]X[]X/[]C[]Make[]C[]X[]X[]Compiler[]Id.[]cpp,
 []


Underfull \hbox (badness 10000) in paragraph at lines 616--618
[]| \T1/phv/m/n/10 net/cmake-build-debug/[]C[]Make[]Files/3.[]15.[]3/[]
 []


Underfull \hbox (badness 10000) in paragraph at lines 618--620
[]| \T1/phv/m/n/10 net/cmake-build-debug/[]C[]Make[]Files/3.[]15.[]3/[]
 []


Underfull \hbox (badness 10000) in paragraph at lines 618--620
\T1/phv/m/n/10 Compiler[]Id[]C[]X[]X/[]C[]Make[]C[]X[]X[]Compiler[]Id.[]cpp,
 []


Underfull \hbox (badness 10000) in paragraph at lines 621--623
[]| \T1/phv/m/n/10 dsp/cmake-build-debug/[]C[]Make[]Files/3.[]15.[]3/[]
 []


Underfull \hbox (badness 10000) in paragraph at lines 623--625
[]| \T1/phv/m/n/10 dsp/cmake-build-debug/[]C[]Make[]Files/3.[]15.[]3/[]
 []


Underfull \hbox (badness 10000) in paragraph at lines 623--625
\T1/phv/m/n/10 Compiler[]Id[]C[]X[]X/[]C[]Make[]C[]X[]X[]Compiler[]Id.[]cpp,
 []


Underfull \hbox (badness 10000) in paragraph at lines 625--627
[]| \T1/phv/m/n/10 net/cmake-build-debug/[]C[]Make[]Files/3.[]15.[]3/[]
 []


Underfull \hbox (badness 10000) in paragraph at lines 627--629
[]| \T1/phv/m/n/10 net/cmake-build-debug/[]C[]Make[]Files/3.[]15.[]3/[]
 []


Underfull \hbox (badness 10000) in paragraph at lines 627--629
\T1/phv/m/n/10 Compiler[]Id[]C[]X[]X/[]C[]Make[]C[]X[]X[]Compiler[]Id.[]cpp,
 []

[112])
Package atveryend Info: Empty hook `BeforeClearDocument' on input line 238.
Package atveryend Info: Empty hook `AfterLastShipout' on input line 238.
 (./refman.aux)
Package atveryend Info: Executing hook `AtVeryEndDocument' on input line 238.
Package atveryend Info: Executing hook `AtEndAfterFileList' on input line 238.
Package rerunfilecheck Info: File `refman.out' has not changed.
(rerunfilecheck)             Checksum: 6DAF527456ED57808F3734F95E6A2D09;80158.


LaTeX Font Warning: Some font shapes were not available, defaults substituted.

Package atveryend Info: Empty hook `AtVeryVeryEnd' on input line 238.
 ) 
Here is how much of TeX's memory you used:
 16928 strings out of 494508
 283432 string characters out of 6175046
 353282 words of memory out of 5000000
 19196 multiletter control sequences out of 15000+600000
 70860 words of font info for 95 fonts, out of 8000000 for 9000
 14 hyphenation exceptions out of 8191
 53i,16n,92p,3348b,632s stack positions out of 5000i,500n,10000p,200000b,80000s
pdfTeX warning (dest): name{net_2cmake\\unhbox\040\\voidb@x\040\\kern\040\\z@
\040\\char\040`\\protect\040\\discretionary\040{\\char\040\\defaulthyphenchar\0
40}{}{}build\\unhbox\040\\voidb@x\040\\kern\040\\z@\040\\char\040`\\protect\040
\\discretionary\040{\\char\040\\defaulthyphenchar\040}{}{}debug_2CMakeFiles_23_
815_83_2CompilerIdC_2CMakeCCompilerId_8c_a07f8e5783674099cd7f5110e22a78cdb} has
 been referenced but does not exist, replaced by a fixed one

pdfTeX warning (dest): name{dsp_2cmake\\unhbox\040\\voidb@x\040\\kern\040\\z@\0
40\\char\040`\\protect\040\\discretionary\040{\\char\040\\defaulthyphenchar\040
}{}{}build\\unhbox\040\\voidb@x\040\\kern\040\\z@\040\\char\040`\\protect\040\\
discretionary\040{\\char\040\\defaulthyphenchar\040}{}{}debug_2CMakeFiles_23_81
5_83_2CompilerIdC_2CMakeCCompilerId_8c_a07f8e5783674099cd7f5110e22a78cdb} has b
een referenced but does not exist, replaced by a fixed one

{/usr/share/texlive/texmf-dist/fonts/enc/dvips/base/8r.enc}</usr/share/texlive/
texmf-dist/fonts/type1/public/amsfonts/cm/cmmi10.pfb></usr/share/texlive/texmf-
dist/fonts/type1/public/amsfonts/cm/cmmi12.pfb></usr/share/texlive/texmf-dist/f
onts/type1/public/amsfonts/cm/cmmi7.pfb></usr/share/texlive/texmf-dist/fonts/ty
pe1/public/amsfonts/cm/cmmi8.pfb></usr/share/texlive/texmf-dist/fonts/type1/pub
lic/amsfonts/cm/cmsy10.pfb></usr/share/texlive/texmf-dist/fonts/type1/public/am
sfonts/cm/cmsy7.pfb></usr/share/texlive/texmf-dist/fonts/type1/public/amsfonts/
cm/cmsy8.pfb></usr/share/texlive/texmf-dist/fonts/type1/urw/courier/ucrr8a.pfb>
</usr/share/texlive/texmf-dist/fonts/type1/urw/courier/ucrro8a.pfb></usr/share/
texlive/texmf-dist/fonts/type1/urw/helvetic/uhvb8a.pfb></usr/share/texlive/texm
f-dist/fonts/type1/urw/helvetic/uhvb8ac.pfb></usr/share/texlive/texmf-dist/font
s/type1/urw/helvetic/uhvr8a.pfb></usr/share/texlive/texmf-dist/fonts/type1/urw/
helvetic/uhvro8a.pfb>
Output written on refman.pdf (126 pages, 512871 bytes).
PDF statistics:
 4634 PDF objects out of 5155 (max. 8388607)
 4303 compressed objects within 44 object streams
 945 named destinations out of 1000 (max. 500000)
 3161 words of extra memory for PDF output out of 10000 (max. 10000000)

