\BOOKMARK [0][-]{chapter.1}{\376\377\0001\000\040\000N\000a\000m\000e\000s\000p\000a\000c\000e\000\040\000I\000n\000d\000e\000x}{}% 1
\BOOKMARK [1][-]{section.1.1}{\376\377\0001\000.\0001\000\040\000N\000a\000m\000e\000s\000p\000a\000c\000e\000\040\000L\000i\000s\000t}{chapter.1}% 2
\BOOKMARK [0][-]{chapter.2}{\376\377\0002\000\040\000H\000i\000e\000r\000a\000r\000c\000h\000i\000c\000a\000l\000\040\000I\000n\000d\000e\000x}{}% 3
\BOOKMARK [1][-]{section.2.1}{\376\377\0002\000.\0001\000\040\000C\000l\000a\000s\000s\000\040\000H\000i\000e\000r\000a\000r\000c\000h\000y}{chapter.2}% 4
\BOOKMARK [0][-]{chapter.3}{\376\377\0003\000\040\000C\000l\000a\000s\000s\000\040\000I\000n\000d\000e\000x}{}% 5
\BOOKMARK [1][-]{section.3.1}{\376\377\0003\000.\0001\000\040\000C\000l\000a\000s\000s\000\040\000L\000i\000s\000t}{chapter.3}% 6
\BOOKMARK [0][-]{chapter.4}{\376\377\0004\000\040\000F\000i\000l\000e\000\040\000I\000n\000d\000e\000x}{}% 7
\BOOKMARK [1][-]{section.4.1}{\376\377\0004\000.\0001\000\040\000F\000i\000l\000e\000\040\000L\000i\000s\000t}{chapter.4}% 8
\BOOKMARK [0][-]{chapter.5}{\376\377\0005\000\040\000N\000a\000m\000e\000s\000p\000a\000c\000e\000\040\000D\000o\000c\000u\000m\000e\000n\000t\000a\000t\000i\000o\000n}{}% 9
\BOOKMARK [1][-]{section.5.1}{\376\377\0005\000.\0001\000\040\000d\000e\000v\000f\000i\000x\000\040\000N\000a\000m\000e\000s\000p\000a\000c\000e\000\040\000R\000e\000f\000e\000r\000e\000n\000c\000e}{chapter.5}% 10
\BOOKMARK [1][-]{section.5.2}{\376\377\0005\000.\0002\000\040\000d\000e\000v\000f\000i\000x\000:\000:\000b\000a\000s\000e\000\040\000N\000a\000m\000e\000s\000p\000a\000c\000e\000\040\000R\000e\000f\000e\000r\000e\000n\000c\000e}{chapter.5}% 11
\BOOKMARK [2][-]{subsection.5.2.1}{\376\377\0005\000.\0002\000.\0001\000\040\000D\000e\000t\000a\000i\000l\000e\000d\000\040\000D\000e\000s\000c\000r\000i\000p\000t\000i\000o\000n}{section.5.2}% 12
\BOOKMARK [2][-]{subsection.5.2.2}{\376\377\0005\000.\0002\000.\0002\000\040\000T\000y\000p\000e\000d\000e\000f\000\040\000D\000o\000c\000u\000m\000e\000n\000t\000a\000t\000i\000o\000n}{section.5.2}% 13
\BOOKMARK [3][-]{subsubsection.5.2.2.1}{\376\377\0005\000.\0002\000.\0002\000.\0001\000\040\000s\000p}{subsection.5.2.2}% 14
\BOOKMARK [3][-]{subsubsection.5.2.2.2}{\376\377\0005\000.\0002\000.\0002\000.\0002\000\040\000u\000p}{subsection.5.2.2}% 15
\BOOKMARK [2][-]{subsection.5.2.3}{\376\377\0005\000.\0002\000.\0003\000\040\000F\000u\000n\000c\000t\000i\000o\000n\000\040\000D\000o\000c\000u\000m\000e\000n\000t\000a\000t\000i\000o\000n}{section.5.2}% 16
\BOOKMARK [3][-]{subsubsection.5.2.3.1}{\376\377\0005\000.\0002\000.\0003\000.\0001\000\040\000g\000e\000t\000\137\000f\000r\000o\000m\000\137\000m\000u\000l\000t\000i\000s\000t\000r\000i\000n\000g\000\050\000\051}{subsection.5.2.3}% 17
\BOOKMARK [3][-]{subsubsection.5.2.3.2}{\376\377\0005\000.\0002\000.\0003\000.\0002\000\040\000g\000e\000t\000\137\000f\000r\000o\000m\000\137\000m\000u\000l\000t\000i\000s\000t\000r\000i\000n\000g\000<\000\040\000c\000h\000a\000r\000\040\000>\000\050\000\051}{subsection.5.2.3}% 18
\BOOKMARK [3][-]{subsubsection.5.2.3.3}{\376\377\0005\000.\0002\000.\0003\000.\0003\000\040\000g\000e\000t\000\137\000f\000r\000o\000m\000\137\000m\000u\000l\000t\000i\000s\000t\000r\000i\000n\000g\000<\000\040\000w\000c\000h\000a\000r\000\137\000t\000\040\000>\000\050\000\051}{subsection.5.2.3}% 19
\BOOKMARK [1][-]{section.5.3}{\376\377\0005\000.\0003\000\040\000d\000e\000v\000f\000i\000x\000:\000:\000b\000a\000s\000e\000:\000:\000\137\000m\000a\000t\000h\000\040\000N\000a\000m\000e\000s\000p\000a\000c\000e\000\040\000R\000e\000f\000e\000r\000e\000n\000c\000e}{chapter.5}% 20
\BOOKMARK [1][-]{section.5.4}{\376\377\0005\000.\0004\000\040\000d\000e\000v\000f\000i\000x\000:\000:\000b\000a\000s\000e\000:\000:\000e\000r\000r\000o\000r\000\040\000N\000a\000m\000e\000s\000p\000a\000c\000e\000\040\000R\000e\000f\000e\000r\000e\000n\000c\000e}{chapter.5}% 21
\BOOKMARK [2][-]{subsection.5.4.1}{\376\377\0005\000.\0004\000.\0001\000\040\000D\000e\000t\000a\000i\000l\000e\000d\000\040\000D\000e\000s\000c\000r\000i\000p\000t\000i\000o\000n}{section.5.4}% 22
\BOOKMARK [1][-]{section.5.5}{\376\377\0005\000.\0005\000\040\000d\000e\000v\000f\000i\000x\000:\000:\000b\000a\000s\000e\000:\000:\000i\000o\000\040\000N\000a\000m\000e\000s\000p\000a\000c\000e\000\040\000R\000e\000f\000e\000r\000e\000n\000c\000e}{chapter.5}% 23
\BOOKMARK [2][-]{subsection.5.5.1}{\376\377\0005\000.\0005\000.\0001\000\040\000D\000e\000t\000a\000i\000l\000e\000d\000\040\000D\000e\000s\000c\000r\000i\000p\000t\000i\000o\000n}{section.5.5}% 24
\BOOKMARK [2][-]{subsection.5.5.2}{\376\377\0005\000.\0005\000.\0002\000\040\000T\000y\000p\000e\000d\000e\000f\000\040\000D\000o\000c\000u\000m\000e\000n\000t\000a\000t\000i\000o\000n}{section.5.5}% 25
\BOOKMARK [3][-]{subsubsection.5.5.2.1}{\376\377\0005\000.\0005\000.\0002\000.\0001\000\040\000a\000v\000a\000i\000l\000a\000b\000l\000e\000\137\000t}{subsection.5.5.2}% 26
\BOOKMARK [3][-]{subsubsection.5.5.2.2}{\376\377\0005\000.\0005\000.\0002\000.\0002\000\040\000c\000l\000o\000s\000e\000\137\000t}{subsection.5.5.2}% 27
\BOOKMARK [3][-]{subsubsection.5.5.2.3}{\376\377\0005\000.\0005\000.\0002\000.\0003\000\040\000f\000l\000u\000s\000h\000\137\000t}{subsection.5.5.2}% 28
\BOOKMARK [3][-]{subsubsection.5.5.2.4}{\376\377\0005\000.\0005\000.\0002\000.\0004\000\040\000i\000s\000\137\000c\000l\000o\000s\000e\000d\000\137\000t}{subsection.5.5.2}% 29
\BOOKMARK [3][-]{subsubsection.5.5.2.5}{\376\377\0005\000.\0005\000.\0002\000.\0005\000\040\000r\000e\000a\000d\000\137\000t}{subsection.5.5.2}% 30
\BOOKMARK [3][-]{subsubsection.5.5.2.6}{\376\377\0005\000.\0005\000.\0002\000.\0006\000\040\000s\000k\000i\000p\000\137\000t}{subsection.5.5.2}% 31
\BOOKMARK [3][-]{subsubsection.5.5.2.7}{\376\377\0005\000.\0005\000.\0002\000.\0007\000\040\000w\000r\000i\000t\000e\000\137\000t}{subsection.5.5.2}% 32
\BOOKMARK [2][-]{subsection.5.5.3}{\376\377\0005\000.\0005\000.\0003\000\040\000V\000a\000r\000i\000a\000b\000l\000e\000\040\000D\000o\000c\000u\000m\000e\000n\000t\000a\000t\000i\000o\000n}{section.5.5}% 33
\BOOKMARK [3][-]{subsubsection.5.5.3.1}{\376\377\0005\000.\0005\000.\0003\000.\0001\000\040\000D\000E\000F\000A\000U\000L\000T\000\137\000C\000L\000O\000S\000E}{subsection.5.5.3}% 34
\BOOKMARK [3][-]{subsubsection.5.5.3.2}{\376\377\0005\000.\0005\000.\0003\000.\0002\000\040\000D\000E\000F\000A\000U\000L\000T\000\137\000I\000S\000\137\000C\000L\000O\000S\000E\000D}{subsection.5.5.3}% 35
\BOOKMARK [1][-]{section.5.6}{\376\377\0005\000.\0006\000\040\000d\000e\000v\000f\000i\000x\000:\000:\000d\000s\000p\000\040\000N\000a\000m\000e\000s\000p\000a\000c\000e\000\040\000R\000e\000f\000e\000r\000e\000n\000c\000e}{chapter.5}% 36
\BOOKMARK [1][-]{section.5.7}{\376\377\0005\000.\0007\000\040\000d\000e\000v\000f\000i\000x\000:\000:\000n\000e\000t\000\040\000N\000a\000m\000e\000s\000p\000a\000c\000e\000\040\000R\000e\000f\000e\000r\000e\000n\000c\000e}{chapter.5}% 37
\BOOKMARK [2][-]{subsection.5.7.1}{\376\377\0005\000.\0007\000.\0001\000\040\000D\000e\000t\000a\000i\000l\000e\000d\000\040\000D\000e\000s\000c\000r\000i\000p\000t\000i\000o\000n}{section.5.7}% 38
\BOOKMARK [0][-]{chapter.6}{\376\377\0006\000\040\000C\000l\000a\000s\000s\000\040\000D\000o\000c\000u\000m\000e\000n\000t\000a\000t\000i\000o\000n}{}% 39
\BOOKMARK [1][-]{section.6.1}{\376\377\0006\000.\0001\000\040\000d\000e\000v\000f\000i\000x\000:\000:\000b\000a\000s\000e\000:\000:\000e\000r\000r\000o\000r\000:\000:\000b\000a\000s\000e\000e\000x\000c\000e\000p\000t\000i\000o\000n\000\040\000S\000t\000r\000u\000c\000t\000\040\000R\000e\000f\000e\000r\000e\000n\000c\000e}{chapter.6}% 40
\BOOKMARK [2][-]{subsection.6.1.1}{\376\377\0006\000.\0001\000.\0001\000\040\000D\000e\000t\000a\000i\000l\000e\000d\000\040\000D\000e\000s\000c\000r\000i\000p\000t\000i\000o\000n}{section.6.1}% 41
\BOOKMARK [2][-]{subsection.6.1.2}{\376\377\0006\000.\0001\000.\0002\000\040\000C\000o\000n\000s\000t\000r\000u\000c\000t\000o\000r\000\040\000\046\000\040\000D\000e\000s\000t\000r\000u\000c\000t\000o\000r\000\040\000D\000o\000c\000u\000m\000e\000n\000t\000a\000t\000i\000o\000n}{section.6.1}% 42
\BOOKMARK [3][-]{subsubsection.6.1.2.1}{\376\377\0006\000.\0001\000.\0002\000.\0001\000\040\000b\000a\000s\000e\000e\000x\000c\000e\000p\000t\000i\000o\000n\000\050\000\051\000\040\000[\0001\000/\0002\000]}{subsection.6.1.2}% 43
\BOOKMARK [3][-]{subsubsection.6.1.2.2}{\376\377\0006\000.\0001\000.\0002\000.\0002\000\040\000b\000a\000s\000e\000e\000x\000c\000e\000p\000t\000i\000o\000n\000\050\000\051\000\040\000[\0002\000/\0002\000]}{subsection.6.1.2}% 44
\BOOKMARK [3][-]{subsubsection.6.1.2.3}{\376\377\0006\000.\0001\000.\0002\000.\0003\000\040\000\040\000b\000a\000s\000e\000e\000x\000c\000e\000p\000t\000i\000o\000n\000\050\000\051}{subsection.6.1.2}% 45
\BOOKMARK [2][-]{subsection.6.1.3}{\376\377\0006\000.\0001\000.\0003\000\040\000M\000e\000m\000b\000e\000r\000\040\000F\000u\000n\000c\000t\000i\000o\000n\000\040\000D\000o\000c\000u\000m\000e\000n\000t\000a\000t\000i\000o\000n}{section.6.1}% 46
\BOOKMARK [3][-]{subsubsection.6.1.3.1}{\376\377\0006\000.\0001\000.\0003\000.\0001\000\040\000g\000e\000t\000\137\000e\000r\000r\000n\000o\000\050\000\051}{subsection.6.1.3}% 47
\BOOKMARK [3][-]{subsubsection.6.1.3.2}{\376\377\0006\000.\0001\000.\0003\000.\0002\000\040\000w\000h\000a\000t\000\050\000\051}{subsection.6.1.3}% 48
\BOOKMARK [2][-]{subsection.6.1.4}{\376\377\0006\000.\0001\000.\0004\000\040\000M\000e\000m\000b\000e\000r\000\040\000D\000a\000t\000a\000\040\000D\000o\000c\000u\000m\000e\000n\000t\000a\000t\000i\000o\000n}{section.6.1}% 49
\BOOKMARK [3][-]{subsubsection.6.1.4.1}{\376\377\0006\000.\0001\000.\0004\000.\0001\000\040\000e\000r\000r\000\137}{subsection.6.1.4}% 50
\BOOKMARK [3][-]{subsubsection.6.1.4.2}{\376\377\0006\000.\0001\000.\0004\000.\0002\000\040\000w\000h\000a\000t\000\137\000a\000r\000g\000\137}{subsection.6.1.4}% 51
\BOOKMARK [1][-]{section.6.2}{\376\377\0006\000.\0002\000\040\000d\000e\000v\000f\000i\000x\000:\000:\000d\000s\000p\000:\000:\000f\000f\000t\000\040\000S\000t\000r\000u\000c\000t\000\040\000R\000e\000f\000e\000r\000e\000n\000c\000e}{chapter.6}% 52
\BOOKMARK [2][-]{subsection.6.2.1}{\376\377\0006\000.\0002\000.\0001\000\040\000M\000e\000m\000b\000e\000r\000\040\000T\000y\000p\000e\000d\000e\000f\000\040\000D\000o\000c\000u\000m\000e\000n\000t\000a\000t\000i\000o\000n}{section.6.2}% 53
\BOOKMARK [3][-]{subsubsection.6.2.1.1}{\376\377\0006\000.\0002\000.\0001\000.\0001\000\040\000m\000a\000t\000h}{subsection.6.2.1}% 54
\BOOKMARK [2][-]{subsection.6.2.2}{\376\377\0006\000.\0002\000.\0002\000\040\000M\000e\000m\000b\000e\000r\000\040\000F\000u\000n\000c\000t\000i\000o\000n\000\040\000D\000o\000c\000u\000m\000e\000n\000t\000a\000t\000i\000o\000n}{section.6.2}% 55
\BOOKMARK [3][-]{subsubsection.6.2.2.1}{\376\377\0006\000.\0002\000.\0002\000.\0001\000\040\000t\000r\000a\000n\000s\000f\000o\000r\000m\000\137\000i\000n\000p\000l\000a\000c\000e\000\050\000\051\000\040\000[\0001\000/\0003\000]}{subsection.6.2.2}% 56
\BOOKMARK [3][-]{subsubsection.6.2.2.2}{\376\377\0006\000.\0002\000.\0002\000.\0002\000\040\000t\000r\000a\000n\000s\000f\000o\000r\000m\000\137\000i\000n\000p\000l\000a\000c\000e\000\050\000\051\000\040\000[\0002\000/\0003\000]}{subsection.6.2.2}% 57
\BOOKMARK [3][-]{subsubsection.6.2.2.3}{\376\377\0006\000.\0002\000.\0002\000.\0003\000\040\000t\000r\000a\000n\000s\000f\000o\000r\000m\000\137\000i\000n\000p\000l\000a\000c\000e\000\050\000\051\000\040\000[\0003\000/\0003\000]}{subsection.6.2.2}% 58
\BOOKMARK [1][-]{section.6.3}{\376\377\0006\000.\0003\000\040\000d\000e\000v\000f\000i\000x\000:\000:\000n\000e\000t\000:\000:\000i\000n\000e\000t\000a\000d\000d\000r\000e\000s\000s\000\040\000S\000t\000r\000u\000c\000t\000\040\000R\000e\000f\000e\000r\000e\000n\000c\000e}{chapter.6}% 59
\BOOKMARK [2][-]{subsection.6.3.1}{\376\377\0006\000.\0003\000.\0001\000\040\000D\000e\000t\000a\000i\000l\000e\000d\000\040\000D\000e\000s\000c\000r\000i\000p\000t\000i\000o\000n}{section.6.3}% 60
\BOOKMARK [2][-]{subsection.6.3.2}{\376\377\0006\000.\0003\000.\0002\000\040\000M\000e\000m\000b\000e\000r\000\040\000T\000y\000p\000e\000d\000e\000f\000\040\000D\000o\000c\000u\000m\000e\000n\000t\000a\000t\000i\000o\000n}{section.6.3}% 61
\BOOKMARK [3][-]{subsubsection.6.3.2.1}{\376\377\0006\000.\0003\000.\0002\000.\0001\000\040\000a\000d\000d\000r\000e\000s\000s\000\137\000t}{subsection.6.3.2}% 62
\BOOKMARK [3][-]{subsubsection.6.3.2.2}{\376\377\0006\000.\0003\000.\0002\000.\0002\000\040\000p\000o\000r\000t\000\137\000t}{subsection.6.3.2}% 63
\BOOKMARK [2][-]{subsection.6.3.3}{\376\377\0006\000.\0003\000.\0003\000\040\000M\000e\000m\000b\000e\000r\000\040\000E\000n\000u\000m\000e\000r\000a\000t\000i\000o\000n\000\040\000D\000o\000c\000u\000m\000e\000n\000t\000a\000t\000i\000o\000n}{section.6.3}% 64
\BOOKMARK [3][-]{subsubsection.6.3.3.1}{\376\377\0006\000.\0003\000.\0003\000.\0001\000\040\000f\000a\000m\000i\000l\000y\000\137\000t}{subsection.6.3.3}% 65
\BOOKMARK [2][-]{subsection.6.3.4}{\376\377\0006\000.\0003\000.\0004\000\040\000C\000o\000n\000s\000t\000r\000u\000c\000t\000o\000r\000\040\000\046\000\040\000D\000e\000s\000t\000r\000u\000c\000t\000o\000r\000\040\000D\000o\000c\000u\000m\000e\000n\000t\000a\000t\000i\000o\000n}{section.6.3}% 66
\BOOKMARK [3][-]{subsubsection.6.3.4.1}{\376\377\0006\000.\0003\000.\0004\000.\0001\000\040\000i\000n\000e\000t\000a\000d\000d\000r\000e\000s\000s\000\050\000\051\000\040\000[\0001\000/\0002\000]}{subsection.6.3.4}% 67
\BOOKMARK [3][-]{subsubsection.6.3.4.2}{\376\377\0006\000.\0003\000.\0004\000.\0002\000\040\000i\000n\000e\000t\000a\000d\000d\000r\000e\000s\000s\000\050\000\051\000\040\000[\0002\000/\0002\000]}{subsection.6.3.4}% 68
\BOOKMARK [2][-]{subsection.6.3.5}{\376\377\0006\000.\0003\000.\0005\000\040\000M\000e\000m\000b\000e\000r\000\040\000F\000u\000n\000c\000t\000i\000o\000n\000\040\000D\000o\000c\000u\000m\000e\000n\000t\000a\000t\000i\000o\000n}{section.6.3}% 69
\BOOKMARK [3][-]{subsubsection.6.3.5.1}{\376\377\0006\000.\0003\000.\0005\000.\0001\000\040\000g\000e\000t\000\137\000a\000d\000d\000r\000e\000s\000s\000\050\000\051}{subsection.6.3.5}% 70
\BOOKMARK [3][-]{subsubsection.6.3.5.2}{\376\377\0006\000.\0003\000.\0005\000.\0002\000\040\000g\000e\000t\000\137\000f\000a\000m\000i\000l\000y\000\050\000\051}{subsection.6.3.5}% 71
\BOOKMARK [3][-]{subsubsection.6.3.5.3}{\376\377\0006\000.\0003\000.\0005\000.\0003\000\040\000g\000e\000t\000\137\000h\000o\000s\000t\000\050\000\051}{subsection.6.3.5}% 72
\BOOKMARK [3][-]{subsubsection.6.3.5.4}{\376\377\0006\000.\0003\000.\0005\000.\0004\000\040\000g\000e\000t\000\137\000p\000o\000r\000t\000\050\000\051}{subsection.6.3.5}% 73
\BOOKMARK [1][-]{section.6.4}{\376\377\0006\000.\0004\000\040\000d\000e\000v\000f\000i\000x\000:\000:\000b\000a\000s\000e\000:\000:\000i\000o\000:\000:\000i\000n\000p\000u\000t\000s\000t\000r\000e\000a\000m\000\040\000S\000t\000r\000u\000c\000t\000\040\000R\000e\000f\000e\000r\000e\000n\000c\000e}{chapter.6}% 74
\BOOKMARK [2][-]{subsection.6.4.1}{\376\377\0006\000.\0004\000.\0001\000\040\000D\000e\000t\000a\000i\000l\000e\000d\000\040\000D\000e\000s\000c\000r\000i\000p\000t\000i\000o\000n}{section.6.4}% 75
\BOOKMARK [2][-]{subsection.6.4.2}{\376\377\0006\000.\0004\000.\0002\000\040\000C\000o\000n\000s\000t\000r\000u\000c\000t\000o\000r\000\040\000\046\000\040\000D\000e\000s\000t\000r\000u\000c\000t\000o\000r\000\040\000D\000o\000c\000u\000m\000e\000n\000t\000a\000t\000i\000o\000n}{section.6.4}% 76
\BOOKMARK [3][-]{subsubsection.6.4.2.1}{\376\377\0006\000.\0004\000.\0002\000.\0001\000\040\000\040\000i\000n\000p\000u\000t\000s\000t\000r\000e\000a\000m\000\050\000\051}{subsection.6.4.2}% 77
\BOOKMARK [2][-]{subsection.6.4.3}{\376\377\0006\000.\0004\000.\0003\000\040\000M\000e\000m\000b\000e\000r\000\040\000F\000u\000n\000c\000t\000i\000o\000n\000\040\000D\000o\000c\000u\000m\000e\000n\000t\000a\000t\000i\000o\000n}{section.6.4}% 78
\BOOKMARK [3][-]{subsubsection.6.4.3.1}{\376\377\0006\000.\0004\000.\0003\000.\0001\000\040\000a\000v\000a\000i\000l\000a\000b\000l\000e\000\050\000\051}{subsection.6.4.3}% 79
\BOOKMARK [3][-]{subsubsection.6.4.3.2}{\376\377\0006\000.\0004\000.\0003\000.\0002\000\040\000c\000l\000o\000s\000e\000\050\000\051}{subsection.6.4.3}% 80
\BOOKMARK [3][-]{subsubsection.6.4.3.3}{\376\377\0006\000.\0004\000.\0003\000.\0003\000\040\000i\000s\000\137\000c\000l\000o\000s\000e\000d\000\050\000\051}{subsection.6.4.3}% 81
\BOOKMARK [3][-]{subsubsection.6.4.3.4}{\376\377\0006\000.\0004\000.\0003\000.\0004\000\040\000r\000e\000a\000d\000\050\000\051}{subsection.6.4.3}% 82
\BOOKMARK [3][-]{subsubsection.6.4.3.5}{\376\377\0006\000.\0004\000.\0003\000.\0005\000\040\000s\000k\000i\000p\000\050\000\051}{subsection.6.4.3}% 83
\BOOKMARK [1][-]{section.6.5}{\376\377\0006\000.\0005\000\040\000d\000e\000v\000f\000i\000x\000:\000:\000b\000a\000s\000e\000:\000:\000e\000r\000r\000o\000r\000:\000:\000i\000n\000t\000e\000r\000r\000u\000p\000t\000e\000d\000e\000x\000c\000e\000p\000t\000i\000o\000n\000\040\000S\000t\000r\000u\000c\000t\000\040\000R\000e\000f\000e\000r\000e\000n\000c\000e}{chapter.6}% 84
\BOOKMARK [2][-]{subsection.6.5.1}{\376\377\0006\000.\0005\000.\0001\000\040\000D\000e\000t\000a\000i\000l\000e\000d\000\040\000D\000e\000s\000c\000r\000i\000p\000t\000i\000o\000n}{section.6.5}% 85
\BOOKMARK [2][-]{subsection.6.5.2}{\376\377\0006\000.\0005\000.\0002\000\040\000C\000o\000n\000s\000t\000r\000u\000c\000t\000o\000r\000\040\000\046\000\040\000D\000e\000s\000t\000r\000u\000c\000t\000o\000r\000\040\000D\000o\000c\000u\000m\000e\000n\000t\000a\000t\000i\000o\000n}{section.6.5}% 86
\BOOKMARK [3][-]{subsubsection.6.5.2.1}{\376\377\0006\000.\0005\000.\0002\000.\0001\000\040\000i\000n\000t\000e\000r\000r\000u\000p\000t\000e\000d\000e\000x\000c\000e\000p\000t\000i\000o\000n\000\050\000\051\000\040\000[\0001\000/\0002\000]}{subsection.6.5.2}% 87
\BOOKMARK [3][-]{subsubsection.6.5.2.2}{\376\377\0006\000.\0005\000.\0002\000.\0002\000\040\000i\000n\000t\000e\000r\000r\000u\000p\000t\000e\000d\000e\000x\000c\000e\000p\000t\000i\000o\000n\000\050\000\051\000\040\000[\0002\000/\0002\000]}{subsection.6.5.2}% 88
\BOOKMARK [1][-]{section.6.6}{\376\377\0006\000.\0006\000\040\000d\000e\000v\000f\000i\000x\000:\000:\000b\000a\000s\000e\000:\000:\000e\000r\000r\000o\000r\000:\000:\000i\000o\000e\000x\000c\000e\000p\000t\000i\000o\000n\000\040\000S\000t\000r\000u\000c\000t\000\040\000R\000e\000f\000e\000r\000e\000n\000c\000e}{chapter.6}% 89
\BOOKMARK [2][-]{subsection.6.6.1}{\376\377\0006\000.\0006\000.\0001\000\040\000D\000e\000t\000a\000i\000l\000e\000d\000\040\000D\000e\000s\000c\000r\000i\000p\000t\000i\000o\000n}{section.6.6}% 90
\BOOKMARK [2][-]{subsection.6.6.2}{\376\377\0006\000.\0006\000.\0002\000\040\000C\000o\000n\000s\000t\000r\000u\000c\000t\000o\000r\000\040\000\046\000\040\000D\000e\000s\000t\000r\000u\000c\000t\000o\000r\000\040\000D\000o\000c\000u\000m\000e\000n\000t\000a\000t\000i\000o\000n}{section.6.6}% 91
\BOOKMARK [3][-]{subsubsection.6.6.2.1}{\376\377\0006\000.\0006\000.\0002\000.\0001\000\040\000i\000o\000e\000x\000c\000e\000p\000t\000i\000o\000n\000\050\000\051\000\040\000[\0001\000/\0002\000]}{subsection.6.6.2}% 92
\BOOKMARK [3][-]{subsubsection.6.6.2.2}{\376\377\0006\000.\0006\000.\0002\000.\0002\000\040\000i\000o\000e\000x\000c\000e\000p\000t\000i\000o\000n\000\050\000\051\000\040\000[\0002\000/\0002\000]}{subsection.6.6.2}% 93
\BOOKMARK [1][-]{section.6.7}{\376\377\0006\000.\0007\000\040\000d\000e\000v\000f\000i\000x\000:\000:\000b\000a\000s\000e\000:\000:\000m\000a\000t\000h\000\040\000S\000t\000r\000u\000c\000t\000\040\000R\000e\000f\000e\000r\000e\000n\000c\000e}{chapter.6}% 94
\BOOKMARK [2][-]{subsection.6.7.1}{\376\377\0006\000.\0007\000.\0001\000\040\000M\000e\000m\000b\000e\000r\000\040\000T\000y\000p\000e\000d\000e\000f\000\040\000D\000o\000c\000u\000m\000e\000n\000t\000a\000t\000i\000o\000n}{section.6.7}% 95
\BOOKMARK [3][-]{subsubsection.6.7.1.1}{\376\377\0006\000.\0007\000.\0001\000.\0001\000\040\000T\000a\000b\000l\000e}{subsection.6.7.1}% 96
\BOOKMARK [2][-]{subsection.6.7.2}{\376\377\0006\000.\0007\000.\0002\000\040\000M\000e\000m\000b\000e\000r\000\040\000F\000u\000n\000c\000t\000i\000o\000n\000\040\000D\000o\000c\000u\000m\000e\000n\000t\000a\000t\000i\000o\000n}{section.6.7}% 97
\BOOKMARK [3][-]{subsubsection.6.7.2.1}{\376\377\0006\000.\0007\000.\0002\000.\0001\000\040\000p\000o\000p\000c\000o\000u\000n\000t\000\050\000\051}{subsection.6.7.2}% 98
\BOOKMARK [3][-]{subsubsection.6.7.2.2}{\376\377\0006\000.\0007\000.\0002\000.\0002\000\040\000r\000e\000v\000e\000r\000s\000e\000\137\000b\000i\000t\000s\000\050\000\051}{subsection.6.7.2}% 99
\BOOKMARK [1][-]{section.6.8}{\376\377\0006\000.\0008\000\040\000d\000e\000v\000f\000i\000x\000:\000:\000n\000e\000t\000:\000:\000n\000e\000t\000b\000u\000i\000l\000d\000e\000r\000\040\000S\000t\000r\000u\000c\000t\000\040\000R\000e\000f\000e\000r\000e\000n\000c\000e}{chapter.6}% 100
\BOOKMARK [2][-]{subsection.6.8.1}{\376\377\0006\000.\0008\000.\0001\000\040\000D\000e\000t\000a\000i\000l\000e\000d\000\040\000D\000e\000s\000c\000r\000i\000p\000t\000i\000o\000n}{section.6.8}% 101
\BOOKMARK [2][-]{subsection.6.8.2}{\376\377\0006\000.\0008\000.\0002\000\040\000C\000o\000n\000s\000t\000r\000u\000c\000t\000o\000r\000\040\000\046\000\040\000D\000e\000s\000t\000r\000u\000c\000t\000o\000r\000\040\000D\000o\000c\000u\000m\000e\000n\000t\000a\000t\000i\000o\000n}{section.6.8}% 102
\BOOKMARK [3][-]{subsubsection.6.8.2.1}{\376\377\0006\000.\0008\000.\0002\000.\0001\000\040\000n\000e\000t\000b\000u\000i\000l\000d\000e\000r\000\050\000\051}{subsection.6.8.2}% 103
\BOOKMARK [2][-]{subsection.6.8.3}{\376\377\0006\000.\0008\000.\0003\000\040\000M\000e\000m\000b\000e\000r\000\040\000F\000u\000n\000c\000t\000i\000o\000n\000\040\000D\000o\000c\000u\000m\000e\000n\000t\000a\000t\000i\000o\000n}{section.6.8}% 104
\BOOKMARK [3][-]{subsubsection.6.8.3.1}{\376\377\0006\000.\0008\000.\0003\000.\0001\000\040\000c\000r\000e\000a\000t\000e\000\137\000s\000e\000r\000v\000e\000r\000s\000o\000c\000k\000e\000t\000\050\000\051}{subsection.6.8.3}% 105
\BOOKMARK [3][-]{subsubsection.6.8.3.2}{\376\377\0006\000.\0008\000.\0003\000.\0002\000\040\000c\000r\000e\000a\000t\000e\000\137\000s\000o\000c\000k\000e\000t\000\050\000\051}{subsection.6.8.3}% 106
\BOOKMARK [1][-]{section.6.9}{\376\377\0006\000.\0009\000\040\000d\000e\000v\000f\000i\000x\000:\000:\000b\000a\000s\000e\000:\000:\000i\000o\000:\000:\000o\000u\000t\000p\000u\000t\000s\000t\000r\000e\000a\000m\000\040\000S\000t\000r\000u\000c\000t\000\040\000R\000e\000f\000e\000r\000e\000n\000c\000e}{chapter.6}% 107
\BOOKMARK [2][-]{subsection.6.9.1}{\376\377\0006\000.\0009\000.\0001\000\040\000D\000e\000t\000a\000i\000l\000e\000d\000\040\000D\000e\000s\000c\000r\000i\000p\000t\000i\000o\000n}{section.6.9}% 108
\BOOKMARK [2][-]{subsection.6.9.2}{\376\377\0006\000.\0009\000.\0002\000\040\000C\000o\000n\000s\000t\000r\000u\000c\000t\000o\000r\000\040\000\046\000\040\000D\000e\000s\000t\000r\000u\000c\000t\000o\000r\000\040\000D\000o\000c\000u\000m\000e\000n\000t\000a\000t\000i\000o\000n}{section.6.9}% 109
\BOOKMARK [3][-]{subsubsection.6.9.2.1}{\376\377\0006\000.\0009\000.\0002\000.\0001\000\040\000\040\000o\000u\000t\000p\000u\000t\000s\000t\000r\000e\000a\000m\000\050\000\051}{subsection.6.9.2}% 110
\BOOKMARK [2][-]{subsection.6.9.3}{\376\377\0006\000.\0009\000.\0003\000\040\000M\000e\000m\000b\000e\000r\000\040\000F\000u\000n\000c\000t\000i\000o\000n\000\040\000D\000o\000c\000u\000m\000e\000n\000t\000a\000t\000i\000o\000n}{section.6.9}% 111
\BOOKMARK [3][-]{subsubsection.6.9.3.1}{\376\377\0006\000.\0009\000.\0003\000.\0001\000\040\000c\000l\000o\000s\000e\000\050\000\051}{subsection.6.9.3}% 112
\BOOKMARK [3][-]{subsubsection.6.9.3.2}{\376\377\0006\000.\0009\000.\0003\000.\0002\000\040\000f\000l\000u\000s\000h\000\050\000\051}{subsection.6.9.3}% 113
\BOOKMARK [3][-]{subsubsection.6.9.3.3}{\376\377\0006\000.\0009\000.\0003\000.\0003\000\040\000i\000s\000\137\000c\000l\000o\000s\000e\000d\000\050\000\051}{subsection.6.9.3}% 114
\BOOKMARK [3][-]{subsubsection.6.9.3.4}{\376\377\0006\000.\0009\000.\0003\000.\0004\000\040\000w\000r\000i\000t\000e\000\050\000\051}{subsection.6.9.3}% 115
\BOOKMARK [1][-]{section.6.10}{\376\377\0006\000.\0001\0000\000\040\000d\000e\000v\000f\000i\000x\000:\000:\000n\000e\000t\000:\000:\000s\000e\000r\000v\000e\000r\000s\000o\000c\000k\000e\000t\000\040\000S\000t\000r\000u\000c\000t\000\040\000R\000e\000f\000e\000r\000e\000n\000c\000e}{chapter.6}% 116
\BOOKMARK [2][-]{subsection.6.10.1}{\376\377\0006\000.\0001\0000\000.\0001\000\040\000D\000e\000t\000a\000i\000l\000e\000d\000\040\000D\000e\000s\000c\000r\000i\000p\000t\000i\000o\000n}{section.6.10}% 117
\BOOKMARK [2][-]{subsection.6.10.2}{\376\377\0006\000.\0001\0000\000.\0002\000\040\000C\000o\000n\000s\000t\000r\000u\000c\000t\000o\000r\000\040\000\046\000\040\000D\000e\000s\000t\000r\000u\000c\000t\000o\000r\000\040\000D\000o\000c\000u\000m\000e\000n\000t\000a\000t\000i\000o\000n}{section.6.10}% 118
\BOOKMARK [3][-]{subsubsection.6.10.2.1}{\376\377\0006\000.\0001\0000\000.\0002\000.\0001\000\040\000\040\000s\000e\000r\000v\000e\000r\000s\000o\000c\000k\000e\000t\000\050\000\051}{subsection.6.10.2}% 119
\BOOKMARK [2][-]{subsection.6.10.3}{\376\377\0006\000.\0001\0000\000.\0003\000\040\000M\000e\000m\000b\000e\000r\000\040\000F\000u\000n\000c\000t\000i\000o\000n\000\040\000D\000o\000c\000u\000m\000e\000n\000t\000a\000t\000i\000o\000n}{section.6.10}% 120
\BOOKMARK [3][-]{subsubsection.6.10.3.1}{\376\377\0006\000.\0001\0000\000.\0003\000.\0001\000\040\000a\000c\000c\000e\000p\000t\000\050\000\051}{subsection.6.10.3}% 121
\BOOKMARK [3][-]{subsubsection.6.10.3.2}{\376\377\0006\000.\0001\0000\000.\0003\000.\0002\000\040\000c\000l\000o\000s\000e\000\050\000\051}{subsection.6.10.3}% 122
\BOOKMARK [3][-]{subsubsection.6.10.3.3}{\376\377\0006\000.\0001\0000\000.\0003\000.\0003\000\040\000g\000e\000t\000\137\000a\000c\000c\000e\000p\000t\000\137\000t\000i\000m\000e\000o\000u\000t\000\050\000\051}{subsection.6.10.3}% 123
\BOOKMARK [3][-]{subsubsection.6.10.3.4}{\376\377\0006\000.\0001\0000\000.\0003\000.\0004\000\040\000g\000e\000t\000\137\000a\000d\000d\000r\000e\000s\000s\000\050\000\051}{subsection.6.10.3}% 124
\BOOKMARK [3][-]{subsubsection.6.10.3.5}{\376\377\0006\000.\0001\0000\000.\0003\000.\0005\000\040\000g\000e\000t\000\137\000r\000e\000u\000s\000e\000\137\000a\000d\000d\000r\000e\000s\000s\000\050\000\051}{subsection.6.10.3}% 125
\BOOKMARK [3][-]{subsubsection.6.10.3.6}{\376\377\0006\000.\0001\0000\000.\0003\000.\0006\000\040\000i\000s\000\137\000c\000l\000o\000s\000e\000d\000\050\000\051}{subsection.6.10.3}% 126
\BOOKMARK [3][-]{subsubsection.6.10.3.7}{\376\377\0006\000.\0001\0000\000.\0003\000.\0007\000\040\000s\000e\000t\000\137\000a\000c\000c\000e\000p\000t\000\137\000t\000i\000m\000e\000o\000u\000t\000\050\000\051}{subsection.6.10.3}% 127
\BOOKMARK [1][-]{section.6.11}{\376\377\0006\000.\0001\0001\000\040\000d\000e\000v\000f\000i\000x\000:\000:\000b\000a\000s\000e\000:\000:\000i\000o\000:\000:\000s\000i\000n\000k\000\040\000S\000t\000r\000u\000c\000t\000\040\000R\000e\000f\000e\000r\000e\000n\000c\000e}{chapter.6}% 128
\BOOKMARK [2][-]{subsection.6.11.1}{\376\377\0006\000.\0001\0001\000.\0001\000\040\000D\000e\000t\000a\000i\000l\000e\000d\000\040\000D\000e\000s\000c\000r\000i\000p\000t\000i\000o\000n}{section.6.11}% 129
\BOOKMARK [2][-]{subsection.6.11.2}{\376\377\0006\000.\0001\0001\000.\0002\000\040\000C\000o\000n\000s\000t\000r\000u\000c\000t\000o\000r\000\040\000\046\000\040\000D\000e\000s\000t\000r\000u\000c\000t\000o\000r\000\040\000D\000o\000c\000u\000m\000e\000n\000t\000a\000t\000i\000o\000n}{section.6.11}% 130
\BOOKMARK [3][-]{subsubsection.6.11.2.1}{\376\377\0006\000.\0001\0001\000.\0002\000.\0001\000\040\000s\000i\000n\000k\000\050\000\051}{subsection.6.11.2}% 131
\BOOKMARK [2][-]{subsection.6.11.3}{\376\377\0006\000.\0001\0001\000.\0003\000\040\000M\000e\000m\000b\000e\000r\000\040\000F\000u\000n\000c\000t\000i\000o\000n\000\040\000D\000o\000c\000u\000m\000e\000n\000t\000a\000t\000i\000o\000n}{section.6.11}% 132
\BOOKMARK [3][-]{subsubsection.6.11.3.1}{\376\377\0006\000.\0001\0001\000.\0003\000.\0001\000\040\000c\000l\000o\000s\000e\000\050\000\051}{subsection.6.11.3}% 133
\BOOKMARK [3][-]{subsubsection.6.11.3.2}{\376\377\0006\000.\0001\0001\000.\0003\000.\0002\000\040\000f\000l\000u\000s\000h\000\050\000\051}{subsection.6.11.3}% 134
\BOOKMARK [3][-]{subsubsection.6.11.3.3}{\376\377\0006\000.\0001\0001\000.\0003\000.\0003\000\040\000i\000s\000\137\000c\000l\000o\000s\000e\000d\000\050\000\051}{subsection.6.11.3}% 135
\BOOKMARK [3][-]{subsubsection.6.11.3.4}{\376\377\0006\000.\0001\0001\000.\0003\000.\0004\000\040\000w\000r\000i\000t\000e\000\050\000\051}{subsection.6.11.3}% 136
\BOOKMARK [1][-]{section.6.12}{\376\377\0006\000.\0001\0002\000\040\000d\000e\000v\000f\000i\000x\000:\000:\000n\000e\000t\000:\000:\000s\000o\000c\000k\000e\000t\000\040\000S\000t\000r\000u\000c\000t\000\040\000R\000e\000f\000e\000r\000e\000n\000c\000e}{chapter.6}% 137
\BOOKMARK [2][-]{subsection.6.12.1}{\376\377\0006\000.\0001\0002\000.\0001\000\040\000D\000e\000t\000a\000i\000l\000e\000d\000\040\000D\000e\000s\000c\000r\000i\000p\000t\000i\000o\000n}{section.6.12}% 138
\BOOKMARK [2][-]{subsection.6.12.2}{\376\377\0006\000.\0001\0002\000.\0002\000\040\000M\000e\000m\000b\000e\000r\000\040\000T\000y\000p\000e\000d\000e\000f\000\040\000D\000o\000c\000u\000m\000e\000n\000t\000a\000t\000i\000o\000n}{section.6.12}% 139
\BOOKMARK [3][-]{subsubsection.6.12.2.1}{\376\377\0006\000.\0001\0002\000.\0002\000.\0001\000\040\000t\000i\000m\000e\000o\000u\000t\000\137\000t}{subsection.6.12.2}% 140
\BOOKMARK [2][-]{subsection.6.12.3}{\376\377\0006\000.\0001\0002\000.\0003\000\040\000C\000o\000n\000s\000t\000r\000u\000c\000t\000o\000r\000\040\000\046\000\040\000D\000e\000s\000t\000r\000u\000c\000t\000o\000r\000\040\000D\000o\000c\000u\000m\000e\000n\000t\000a\000t\000i\000o\000n}{section.6.12}% 141
\BOOKMARK [3][-]{subsubsection.6.12.3.1}{\376\377\0006\000.\0001\0002\000.\0003\000.\0001\000\040\000\040\000s\000o\000c\000k\000e\000t\000\050\000\051}{subsection.6.12.3}% 142
\BOOKMARK [2][-]{subsection.6.12.4}{\376\377\0006\000.\0001\0002\000.\0004\000\040\000M\000e\000m\000b\000e\000r\000\040\000F\000u\000n\000c\000t\000i\000o\000n\000\040\000D\000o\000c\000u\000m\000e\000n\000t\000a\000t\000i\000o\000n}{section.6.12}% 143
\BOOKMARK [3][-]{subsubsection.6.12.4.1}{\376\377\0006\000.\0001\0002\000.\0004\000.\0001\000\040\000g\000e\000t\000\137\000i\000n\000p\000u\000t\000s\000t\000r\000e\000a\000m\000\050\000\051}{subsection.6.12.4}% 144
\BOOKMARK [3][-]{subsubsection.6.12.4.2}{\376\377\0006\000.\0001\0002\000.\0004\000.\0002\000\040\000g\000e\000t\000\137\000i\000n\000t\000e\000r\000r\000u\000p\000t\000e\000d\000\050\000\051}{subsection.6.12.4}% 145
\BOOKMARK [3][-]{subsubsection.6.12.4.3}{\376\377\0006\000.\0001\0002\000.\0004\000.\0003\000\040\000g\000e\000t\000\137\000l\000o\000c\000a\000l\000\137\000a\000d\000d\000r\000e\000s\000s\000\050\000\051}{subsection.6.12.4}% 146
\BOOKMARK [3][-]{subsubsection.6.12.4.4}{\376\377\0006\000.\0001\0002\000.\0004\000.\0004\000\040\000g\000e\000t\000\137\000o\000u\000t\000p\000u\000t\000s\000t\000r\000e\000a\000m\000\050\000\051}{subsection.6.12.4}% 147
\BOOKMARK [3][-]{subsubsection.6.12.4.5}{\376\377\0006\000.\0001\0002\000.\0004\000.\0005\000\040\000g\000e\000t\000\137\000r\000e\000m\000o\000t\000e\000\137\000a\000d\000d\000r\000e\000s\000s\000\050\000\051}{subsection.6.12.4}% 148
\BOOKMARK [3][-]{subsubsection.6.12.4.6}{\376\377\0006\000.\0001\0002\000.\0004\000.\0006\000\040\000g\000e\000t\000\137\000t\000i\000m\000e\000o\000u\000t\000\050\000\051}{subsection.6.12.4}% 149
\BOOKMARK [3][-]{subsubsection.6.12.4.7}{\376\377\0006\000.\0001\0002\000.\0004\000.\0007\000\040\000s\000e\000t\000\137\000i\000n\000t\000e\000r\000r\000u\000p\000t\000e\000d\000\050\000\051}{subsection.6.12.4}% 150
\BOOKMARK [3][-]{subsubsection.6.12.4.8}{\376\377\0006\000.\0001\0002\000.\0004\000.\0008\000\040\000s\000e\000t\000\137\000t\000i\000m\000e\000o\000u\000t\000\050\000\051}{subsection.6.12.4}% 151
\BOOKMARK [2][-]{subsection.6.12.5}{\376\377\0006\000.\0001\0002\000.\0005\000\040\000M\000e\000m\000b\000e\000r\000\040\000D\000a\000t\000a\000\040\000D\000o\000c\000u\000m\000e\000n\000t\000a\000t\000i\000o\000n}{section.6.12}% 152
\BOOKMARK [3][-]{subsubsection.6.12.5.1}{\376\377\0006\000.\0001\0002\000.\0005\000.\0001\000\040\000D\000E\000F\000A\000U\000L\000T\000\137\000R\000E\000A\000D\000\137\000B\000L\000O\000C\000K\000I\000N\000G\000\137\000T\000I\000M\000E}{subsection.6.12.5}% 153
\BOOKMARK [3][-]{subsubsection.6.12.5.2}{\376\377\0006\000.\0001\0002\000.\0005\000.\0002\000\040\000D\000E\000F\000A\000U\000L\000T\000\137\000T\000I\000M\000E\000O\000U\000T}{subsection.6.12.5}% 154
\BOOKMARK [3][-]{subsubsection.6.12.5.3}{\376\377\0006\000.\0001\0002\000.\0005\000.\0003\000\040\000D\000E\000F\000A\000U\000L\000T\000\137\000W\000R\000I\000T\000E\000\137\000B\000L\000O\000C\000K\000I\000N\000G\000\137\000T\000I\000M\000E}{subsection.6.12.5}% 155
\BOOKMARK [1][-]{section.6.13}{\376\377\0006\000.\0001\0003\000\040\000d\000e\000v\000f\000i\000x\000:\000:\000n\000e\000t\000:\000:\000s\000o\000c\000k\000e\000t\000e\000x\000c\000e\000p\000t\000i\000o\000n\000\040\000S\000t\000r\000u\000c\000t\000\040\000R\000e\000f\000e\000r\000e\000n\000c\000e}{chapter.6}% 156
\BOOKMARK [2][-]{subsection.6.13.1}{\376\377\0006\000.\0001\0003\000.\0001\000\040\000D\000e\000t\000a\000i\000l\000e\000d\000\040\000D\000e\000s\000c\000r\000i\000p\000t\000i\000o\000n}{section.6.13}% 157
\BOOKMARK [2][-]{subsection.6.13.2}{\376\377\0006\000.\0001\0003\000.\0002\000\040\000C\000o\000n\000s\000t\000r\000u\000c\000t\000o\000r\000\040\000\046\000\040\000D\000e\000s\000t\000r\000u\000c\000t\000o\000r\000\040\000D\000o\000c\000u\000m\000e\000n\000t\000a\000t\000i\000o\000n}{section.6.13}% 158
\BOOKMARK [3][-]{subsubsection.6.13.2.1}{\376\377\0006\000.\0001\0003\000.\0002\000.\0001\000\040\000s\000o\000c\000k\000e\000t\000e\000x\000c\000e\000p\000t\000i\000o\000n\000\050\000\051\000\040\000[\0001\000/\0002\000]}{subsection.6.13.2}% 159
\BOOKMARK [3][-]{subsubsection.6.13.2.2}{\376\377\0006\000.\0001\0003\000.\0002\000.\0002\000\040\000s\000o\000c\000k\000e\000t\000e\000x\000c\000e\000p\000t\000i\000o\000n\000\050\000\051\000\040\000[\0002\000/\0002\000]}{subsection.6.13.2}% 160
\BOOKMARK [1][-]{section.6.14}{\376\377\0006\000.\0001\0004\000\040\000d\000e\000v\000f\000i\000x\000:\000:\000b\000a\000s\000e\000:\000:\000i\000o\000:\000:\000s\000o\000u\000r\000c\000e\000\040\000S\000t\000r\000u\000c\000t\000\040\000R\000e\000f\000e\000r\000e\000n\000c\000e}{chapter.6}% 161
\BOOKMARK [2][-]{subsection.6.14.1}{\376\377\0006\000.\0001\0004\000.\0001\000\040\000D\000e\000t\000a\000i\000l\000e\000d\000\040\000D\000e\000s\000c\000r\000i\000p\000t\000i\000o\000n}{section.6.14}% 162
\BOOKMARK [2][-]{subsection.6.14.2}{\376\377\0006\000.\0001\0004\000.\0002\000\040\000C\000o\000n\000s\000t\000r\000u\000c\000t\000o\000r\000\040\000\046\000\040\000D\000e\000s\000t\000r\000u\000c\000t\000o\000r\000\040\000D\000o\000c\000u\000m\000e\000n\000t\000a\000t\000i\000o\000n}{section.6.14}% 163
\BOOKMARK [3][-]{subsubsection.6.14.2.1}{\376\377\0006\000.\0001\0004\000.\0002\000.\0001\000\040\000s\000o\000u\000r\000c\000e\000\050\000\051}{subsection.6.14.2}% 164
\BOOKMARK [2][-]{subsection.6.14.3}{\376\377\0006\000.\0001\0004\000.\0003\000\040\000M\000e\000m\000b\000e\000r\000\040\000F\000u\000n\000c\000t\000i\000o\000n\000\040\000D\000o\000c\000u\000m\000e\000n\000t\000a\000t\000i\000o\000n}{section.6.14}% 165
\BOOKMARK [3][-]{subsubsection.6.14.3.1}{\376\377\0006\000.\0001\0004\000.\0003\000.\0001\000\040\000a\000v\000a\000i\000l\000a\000b\000l\000e\000\050\000\051}{subsection.6.14.3}% 166
\BOOKMARK [3][-]{subsubsection.6.14.3.2}{\376\377\0006\000.\0001\0004\000.\0003\000.\0002\000\040\000c\000l\000o\000s\000e\000\050\000\051}{subsection.6.14.3}% 167
\BOOKMARK [3][-]{subsubsection.6.14.3.3}{\376\377\0006\000.\0001\0004\000.\0003\000.\0003\000\040\000i\000s\000\137\000c\000l\000o\000s\000e\000d\000\050\000\051}{subsection.6.14.3}% 168
\BOOKMARK [3][-]{subsubsection.6.14.3.4}{\376\377\0006\000.\0001\0004\000.\0003\000.\0004\000\040\000r\000e\000a\000d\000\050\000\051}{subsection.6.14.3}% 169
\BOOKMARK [3][-]{subsubsection.6.14.3.5}{\376\377\0006\000.\0001\0004\000.\0003\000.\0005\000\040\000s\000k\000i\000p\000\050\000\051}{subsection.6.14.3}% 170
\BOOKMARK [1][-]{section.6.15}{\376\377\0006\000.\0001\0005\000\040\000d\000e\000v\000f\000i\000x\000:\000:\000d\000s\000p\000:\000:\000s\000p\000e\000c\000t\000r\000o\000g\000r\000a\000m\000<\000\040\000F\000l\000o\000a\000t\000T\000,\000\040\000N\000,\000\040\000w\000i\000n\000\137\000f\000u\000n\000\040\000>\000\040\000S\000t\000r\000u\000c\000t\000\040\000T\000e\000m\000p\000l\000a\000t\000e\000\040\000R\000e\000f\000e\000r\000e\000n\000c\000e}{chapter.6}% 171
\BOOKMARK [2][-]{subsection.6.15.1}{\376\377\0006\000.\0001\0005\000.\0001\000\040\000M\000e\000m\000b\000e\000r\000\040\000T\000y\000p\000e\000d\000e\000f\000\040\000D\000o\000c\000u\000m\000e\000n\000t\000a\000t\000i\000o\000n}{section.6.15}% 172
\BOOKMARK [3][-]{subsubsection.6.15.1.1}{\376\377\0006\000.\0001\0005\000.\0001\000.\0001\000\040\000c\000o\000m\000p\000l\000e\000x\000\137\000t}{subsection.6.15.1}% 173
\BOOKMARK [2][-]{subsection.6.15.2}{\376\377\0006\000.\0001\0005\000.\0002\000\040\000C\000o\000n\000s\000t\000r\000u\000c\000t\000o\000r\000\040\000\046\000\040\000D\000e\000s\000t\000r\000u\000c\000t\000o\000r\000\040\000D\000o\000c\000u\000m\000e\000n\000t\000a\000t\000i\000o\000n}{section.6.15}% 174
\BOOKMARK [3][-]{subsubsection.6.15.2.1}{\376\377\0006\000.\0001\0005\000.\0002\000.\0001\000\040\000s\000p\000e\000c\000t\000r\000o\000g\000r\000a\000m\000\050\000\051}{subsection.6.15.2}% 175
\BOOKMARK [2][-]{subsection.6.15.3}{\376\377\0006\000.\0001\0005\000.\0003\000\040\000M\000e\000m\000b\000e\000r\000\040\000F\000u\000n\000c\000t\000i\000o\000n\000\040\000D\000o\000c\000u\000m\000e\000n\000t\000a\000t\000i\000o\000n}{section.6.15}% 176
\BOOKMARK [3][-]{subsubsection.6.15.3.1}{\376\377\0006\000.\0001\0005\000.\0003\000.\0001\000\040\000a\000d\000d\000\050\000\051\000\040\000[\0001\000/\0003\000]}{subsection.6.15.3}% 177
\BOOKMARK [3][-]{subsubsection.6.15.3.2}{\376\377\0006\000.\0001\0005\000.\0003\000.\0002\000\040\000a\000d\000d\000\050\000\051\000\040\000[\0002\000/\0003\000]}{subsection.6.15.3}% 178
\BOOKMARK [3][-]{subsubsection.6.15.3.3}{\376\377\0006\000.\0001\0005\000.\0003\000.\0003\000\040\000a\000d\000d\000\050\000\051\000\040\000[\0003\000/\0003\000]}{subsection.6.15.3}% 179
\BOOKMARK [3][-]{subsubsection.6.15.3.4}{\376\377\0006\000.\0001\0005\000.\0003\000.\0004\000\040\000p\000o\000p\000\050\000\051}{subsection.6.15.3}% 180
\BOOKMARK [3][-]{subsubsection.6.15.3.5}{\376\377\0006\000.\0001\0005\000.\0003\000.\0005\000\040\000s\000i\000z\000e\000\050\000\051}{subsection.6.15.3}% 181
\BOOKMARK [1][-]{section.6.16}{\376\377\0006\000.\0001\0006\000\040\000d\000e\000v\000f\000i\000x\000:\000:\000b\000a\000s\000e\000:\000:\000s\000t\000r\000o\000u\000t\000<\000\040\000C\000h\000a\000r\000T\000,\000\040\000T\000r\000a\000i\000t\000s\000,\000\040\000A\000l\000l\000o\000c\000a\000t\000o\000r\000\040\000>\000\040\000S\000t\000r\000u\000c\000t\000\040\000T\000e\000m\000p\000l\000a\000t\000e\000\040\000R\000e\000f\000e\000r\000e\000n\000c\000e}{chapter.6}% 182
\BOOKMARK [2][-]{subsection.6.16.1}{\376\377\0006\000.\0001\0006\000.\0001\000\040\000M\000e\000m\000b\000e\000r\000\040\000T\000y\000p\000e\000d\000e\000f\000\040\000D\000o\000c\000u\000m\000e\000n\000t\000a\000t\000i\000o\000n}{section.6.16}% 183
\BOOKMARK [3][-]{subsubsection.6.16.1.1}{\376\377\0006\000.\0001\0006\000.\0001\000.\0001\000\040\000i\000n\000t\000\137\000t\000y\000p\000e}{subsection.6.16.1}% 184
\BOOKMARK [2][-]{subsection.6.16.2}{\376\377\0006\000.\0001\0006\000.\0002\000\040\000C\000o\000n\000s\000t\000r\000u\000c\000t\000o\000r\000\040\000\046\000\040\000D\000e\000s\000t\000r\000u\000c\000t\000o\000r\000\040\000D\000o\000c\000u\000m\000e\000n\000t\000a\000t\000i\000o\000n}{section.6.16}% 185
\BOOKMARK [3][-]{subsubsection.6.16.2.1}{\376\377\0006\000.\0001\0006\000.\0002\000.\0001\000\040\000s\000t\000r\000o\000u\000t\000\050\000\051}{subsection.6.16.2}% 186
\BOOKMARK [3][-]{subsubsection.6.16.2.2}{\376\377\0006\000.\0001\0006\000.\0002\000.\0002\000\040\000\040\000s\000t\000r\000o\000u\000t\000\050\000\051}{subsection.6.16.2}% 187
\BOOKMARK [2][-]{subsection.6.16.3}{\376\377\0006\000.\0001\0006\000.\0003\000\040\000M\000e\000m\000b\000e\000r\000\040\000F\000u\000n\000c\000t\000i\000o\000n\000\040\000D\000o\000c\000u\000m\000e\000n\000t\000a\000t\000i\000o\000n}{section.6.16}% 188
\BOOKMARK [3][-]{subsubsection.6.16.3.1}{\376\377\0006\000.\0001\0006\000.\0003\000.\0001\000\040\000g\000e\000t\000\137\000p\000r\000e\000f\000i\000x\000\050\000\051}{subsection.6.16.3}% 189
\BOOKMARK [3][-]{subsubsection.6.16.3.2}{\376\377\0006\000.\0001\0006\000.\0003\000.\0002\000\040\000i\000s\000\137\000e\000n\000a\000b\000l\000e\000d\000\050\000\051}{subsection.6.16.3}% 190
\BOOKMARK [3][-]{subsubsection.6.16.3.3}{\376\377\0006\000.\0001\0006\000.\0003\000.\0003\000\040\000o\000v\000e\000r\000f\000l\000o\000w\000\050\000\051}{subsection.6.16.3}% 191
\BOOKMARK [3][-]{subsubsection.6.16.3.4}{\376\377\0006\000.\0001\0006\000.\0003\000.\0004\000\040\000s\000e\000t\000\137\000e\000n\000a\000b\000l\000e\000d\000\050\000\051}{subsection.6.16.3}% 192
\BOOKMARK [3][-]{subsubsection.6.16.3.5}{\376\377\0006\000.\0001\0006\000.\0003\000.\0005\000\040\000s\000e\000t\000\137\000p\000r\000e\000f\000i\000x\000\050\000\051}{subsection.6.16.3}% 193
\BOOKMARK [3][-]{subsubsection.6.16.3.6}{\376\377\0006\000.\0001\0006\000.\0003\000.\0006\000\040\000s\000y\000n\000c\000\050\000\051}{subsection.6.16.3}% 194
\BOOKMARK [2][-]{subsection.6.16.4}{\376\377\0006\000.\0001\0006\000.\0004\000\040\000M\000e\000m\000b\000e\000r\000\040\000D\000a\000t\000a\000\040\000D\000o\000c\000u\000m\000e\000n\000t\000a\000t\000i\000o\000n}{section.6.16}% 195
\BOOKMARK [3][-]{subsubsection.6.16.4.1}{\376\377\0006\000.\0001\0006\000.\0004\000.\0001\000\040\000b\000u\000f\000f\000e\000r\000\137}{subsection.6.16.4}% 196
\BOOKMARK [3][-]{subsubsection.6.16.4.2}{\376\377\0006\000.\0001\0006\000.\0004\000.\0002\000\040\000C\000L\000E\000A\000R\000\137\000L\000I\000N\000E}{subsection.6.16.4}% 197
\BOOKMARK [3][-]{subsubsection.6.16.4.3}{\376\377\0006\000.\0001\0006\000.\0004\000.\0003\000\040\000e\000n\000a\000b\000l\000e\000d\000\137}{subsection.6.16.4}% 198
\BOOKMARK [3][-]{subsubsection.6.16.4.4}{\376\377\0006\000.\0001\0006\000.\0004\000.\0004\000\040\000o\000u\000t\000p\000u\000t\000\137\000s\000t\000r\000e\000a\000m\000\137}{subsection.6.16.4}% 199
\BOOKMARK [3][-]{subsubsection.6.16.4.5}{\376\377\0006\000.\0001\0006\000.\0004\000.\0005\000\040\000p\000r\000e\000f\000i\000x\000\137}{subsection.6.16.4}% 200
\BOOKMARK [3][-]{subsubsection.6.16.4.6}{\376\377\0006\000.\0001\0006\000.\0004\000.\0006\000\040\000p\000r\000e\000f\000i\000x\000e\000d\000\137}{subsection.6.16.4}% 201
\BOOKMARK [3][-]{subsubsection.6.16.4.7}{\376\377\0006\000.\0001\0006\000.\0004\000.\0007\000\040\000S\000T\000X}{subsection.6.16.4}% 202
\BOOKMARK [1][-]{section.6.17}{\376\377\0006\000.\0001\0007\000\040\000d\000e\000v\000f\000i\000x\000:\000:\000b\000a\000s\000e\000:\000:\000s\000t\000r\000u\000t\000i\000l\000\040\000S\000t\000r\000u\000c\000t\000\040\000R\000e\000f\000e\000r\000e\000n\000c\000e}{chapter.6}% 203
\BOOKMARK [1][-]{section.6.18}{\376\377\0006\000.\0001\0008\000\040\000d\000e\000v\000f\000i\000x\000:\000:\000b\000a\000s\000e\000:\000:\000\137\000m\000a\000t\000h\000:\000:\000T\000a\000b\000l\000e\000<\000\040\000T\000,\000\040\000N\000,\000\040\000G\000,\000\040\000A\000r\000g\000s\000\040\000>\000\040\000S\000t\000r\000u\000c\000t\000\040\000T\000e\000m\000p\000l\000a\000t\000e\000\040\000R\000e\000f\000e\000r\000e\000n\000c\000e}{chapter.6}% 204
\BOOKMARK [2][-]{subsection.6.18.1}{\376\377\0006\000.\0001\0008\000.\0001\000\040\000C\000o\000n\000s\000t\000r\000u\000c\000t\000o\000r\000\040\000\046\000\040\000D\000e\000s\000t\000r\000u\000c\000t\000o\000r\000\040\000D\000o\000c\000u\000m\000e\000n\000t\000a\000t\000i\000o\000n}{section.6.18}% 205
\BOOKMARK [3][-]{subsubsection.6.18.1.1}{\376\377\0006\000.\0001\0008\000.\0001\000.\0001\000\040\000T\000a\000b\000l\000e\000\050\000\051}{subsection.6.18.1}% 206
\BOOKMARK [2][-]{subsection.6.18.2}{\376\377\0006\000.\0001\0008\000.\0002\000\040\000M\000e\000m\000b\000e\000r\000\040\000D\000a\000t\000a\000\040\000D\000o\000c\000u\000m\000e\000n\000t\000a\000t\000i\000o\000n}{section.6.18}% 207
\BOOKMARK [3][-]{subsubsection.6.18.2.1}{\376\377\0006\000.\0001\0008\000.\0002\000.\0001\000\040\000v\000a\000l\000u\000e\000s}{subsection.6.18.2}% 208
\BOOKMARK [1][-]{section.6.19}{\376\377\0006\000.\0001\0009\000\040\000d\000e\000v\000f\000i\000x\000:\000:\000b\000a\000s\000e\000:\000:\000e\000r\000r\000o\000r\000:\000:\000t\000i\000m\000e\000o\000u\000t\000e\000x\000c\000e\000p\000t\000i\000o\000n\000\040\000S\000t\000r\000u\000c\000t\000\040\000R\000e\000f\000e\000r\000e\000n\000c\000e}{chapter.6}% 209
\BOOKMARK [2][-]{subsection.6.19.1}{\376\377\0006\000.\0001\0009\000.\0001\000\040\000D\000e\000t\000a\000i\000l\000e\000d\000\040\000D\000e\000s\000c\000r\000i\000p\000t\000i\000o\000n}{section.6.19}% 210
\BOOKMARK [2][-]{subsection.6.19.2}{\376\377\0006\000.\0001\0009\000.\0002\000\040\000C\000o\000n\000s\000t\000r\000u\000c\000t\000o\000r\000\040\000\046\000\040\000D\000e\000s\000t\000r\000u\000c\000t\000o\000r\000\040\000D\000o\000c\000u\000m\000e\000n\000t\000a\000t\000i\000o\000n}{section.6.19}% 211
\BOOKMARK [3][-]{subsubsection.6.19.2.1}{\376\377\0006\000.\0001\0009\000.\0002\000.\0001\000\040\000t\000i\000m\000e\000o\000u\000t\000e\000x\000c\000e\000p\000t\000i\000o\000n\000\050\000\051\000\040\000[\0001\000/\0002\000]}{subsection.6.19.2}% 212
\BOOKMARK [3][-]{subsubsection.6.19.2.2}{\376\377\0006\000.\0001\0009\000.\0002\000.\0002\000\040\000t\000i\000m\000e\000o\000u\000t\000e\000x\000c\000e\000p\000t\000i\000o\000n\000\050\000\051\000\040\000[\0002\000/\0002\000]}{subsection.6.19.2}% 213
\BOOKMARK [1][-]{section.6.20}{\376\377\0006\000.\0002\0000\000\040\000d\000e\000v\000f\000i\000x\000:\000:\000d\000s\000p\000:\000:\000w\000i\000n\000d\000o\000w\000\040\000S\000t\000r\000u\000c\000t\000\040\000R\000e\000f\000e\000r\000e\000n\000c\000e}{chapter.6}% 214
\BOOKMARK [2][-]{subsection.6.20.1}{\376\377\0006\000.\0002\0000\000.\0001\000\040\000M\000e\000m\000b\000e\000r\000\040\000F\000u\000n\000c\000t\000i\000o\000n\000\040\000D\000o\000c\000u\000m\000e\000n\000t\000a\000t\000i\000o\000n}{section.6.20}% 215
\BOOKMARK [3][-]{subsubsection.6.20.1.1}{\376\377\0006\000.\0002\0000\000.\0001\000.\0001\000\040\000c\000a\000l\000c\000\137\000a\000m\000p\000l\000i\000t\000u\000d\000e\000\137\000g\000a\000i\000n\000\050\000\051}{subsection.6.20.1}% 216
\BOOKMARK [3][-]{subsubsection.6.20.1.2}{\376\377\0006\000.\0002\0000\000.\0001\000.\0002\000\040\000f\000l\000a\000t\000t\000o\000p\000\050\000\051}{subsection.6.20.1}% 217
\BOOKMARK [3][-]{subsubsection.6.20.1.3}{\376\377\0006\000.\0002\0000\000.\0001\000.\0003\000\040\000h\000a\000n\000n\000i\000n\000g\000\050\000\051}{subsection.6.20.1}% 218
\BOOKMARK [0][-]{chapter.7}{\376\377\0007\000\040\000F\000i\000l\000e\000\040\000D\000o\000c\000u\000m\000e\000n\000t\000a\000t\000i\000o\000n}{}% 219
\BOOKMARK [1][-]{section.7.1}{\376\377\0007\000.\0001\000\040\000d\000e\000v\000f\000i\000x\000/\000b\000a\000s\000e\000/\000e\000r\000r\000o\000r\000/\000b\000a\000s\000e\000e\000x\000c\000e\000p\000t\000i\000o\000n\000.\000h\000\040\000F\000i\000l\000e\000\040\000R\000e\000f\000e\000r\000e\000n\000c\000e}{chapter.7}% 220
\BOOKMARK [2][-]{subsection.7.1.1}{\376\377\0007\000.\0001\000.\0001\000\040\000M\000a\000c\000r\000o\000\040\000D\000e\000f\000i\000n\000i\000t\000i\000o\000n\000\040\000D\000o\000c\000u\000m\000e\000n\000t\000a\000t\000i\000o\000n}{section.7.1}% 221
\BOOKMARK [3][-]{subsubsection.7.1.1.1}{\376\377\0007\000.\0001\000.\0001\000.\0001\000\040\000e\000x\000c\000e\000p\000t\000i\000o\000n\000\137\000g\000u\000a\000r\000d}{subsection.7.1.1}% 222
\BOOKMARK [3][-]{subsubsection.7.1.1.2}{\376\377\0007\000.\0001\000.\0001\000.\0002\000\040\000e\000x\000c\000e\000p\000t\000i\000o\000n\000\137\000g\000u\000a\000r\000d\000\137\000m}{subsection.7.1.1}% 223
\BOOKMARK [1][-]{section.7.2}{\376\377\0007\000.\0002\000\040\000d\000e\000v\000f\000i\000x\000/\000b\000a\000s\000e\000/\000e\000r\000r\000o\000r\000/\000i\000n\000t\000e\000r\000r\000u\000p\000t\000e\000d\000e\000x\000c\000e\000p\000t\000i\000o\000n\000.\000h\000\040\000F\000i\000l\000e\000\040\000R\000e\000f\000e\000r\000e\000n\000c\000e}{chapter.7}% 224
\BOOKMARK [1][-]{section.7.3}{\376\377\0007\000.\0003\000\040\000d\000e\000v\000f\000i\000x\000/\000b\000a\000s\000e\000/\000e\000r\000r\000o\000r\000/\000i\000o\000e\000x\000c\000e\000p\000t\000i\000o\000n\000.\000h\000\040\000F\000i\000l\000e\000\040\000R\000e\000f\000e\000r\000e\000n\000c\000e}{chapter.7}% 225
\BOOKMARK [1][-]{section.7.4}{\376\377\0007\000.\0004\000\040\000d\000e\000v\000f\000i\000x\000/\000b\000a\000s\000e\000/\000e\000r\000r\000o\000r\000/\000n\000a\000m\000e\000s\000p\000a\000c\000e\000.\000h\000\040\000F\000i\000l\000e\000\040\000R\000e\000f\000e\000r\000e\000n\000c\000e}{chapter.7}% 226
\BOOKMARK [1][-]{section.7.5}{\376\377\0007\000.\0005\000\040\000d\000e\000v\000f\000i\000x\000/\000b\000a\000s\000e\000/\000i\000o\000/\000n\000a\000m\000e\000s\000p\000a\000c\000e\000.\000h\000\040\000F\000i\000l\000e\000\040\000R\000e\000f\000e\000r\000e\000n\000c\000e}{chapter.7}% 227
\BOOKMARK [1][-]{section.7.6}{\376\377\0007\000.\0006\000\040\000d\000e\000v\000f\000i\000x\000/\000b\000a\000s\000e\000/\000n\000a\000m\000e\000s\000p\000a\000c\000e\000.\000h\000\040\000F\000i\000l\000e\000\040\000R\000e\000f\000e\000r\000e\000n\000c\000e}{chapter.7}% 228
\BOOKMARK [1][-]{section.7.7}{\376\377\0007\000.\0007\000\040\000d\000e\000v\000f\000i\000x\000/\000n\000e\000t\000/\000n\000a\000m\000e\000s\000p\000a\000c\000e\000.\000h\000\040\000F\000i\000l\000e\000\040\000R\000e\000f\000e\000r\000e\000n\000c\000e}{chapter.7}% 229
\BOOKMARK [1][-]{section.7.8}{\376\377\0007\000.\0008\000\040\000d\000e\000v\000f\000i\000x\000/\000b\000a\000s\000e\000/\000e\000r\000r\000o\000r\000/\000t\000i\000m\000e\000o\000u\000t\000e\000x\000c\000e\000p\000t\000i\000o\000n\000.\000h\000\040\000F\000i\000l\000e\000\040\000R\000e\000f\000e\000r\000e\000n\000c\000e}{chapter.7}% 230
\BOOKMARK [1][-]{section.7.9}{\376\377\0007\000.\0009\000\040\000d\000e\000v\000f\000i\000x\000/\000b\000a\000s\000e\000/\000f\000o\000l\000d\000t\000.\000h\000\040\000F\000i\000l\000e\000\040\000R\000e\000f\000e\000r\000e\000n\000c\000e}{chapter.7}% 231
\BOOKMARK [2][-]{subsection.7.9.1}{\376\377\0007\000.\0009\000.\0001\000\040\000F\000u\000n\000c\000t\000i\000o\000n\000\040\000D\000o\000c\000u\000m\000e\000n\000t\000a\000t\000i\000o\000n}{section.7.9}% 232
\BOOKMARK [3][-]{subsubsection.7.9.1.1}{\376\377\0007\000.\0009\000.\0001\000.\0001\000\040\000f\000o\000l\000d\000t\000\050\000\051\000\040\000[\0001\000/\0003\000]}{subsection.7.9.1}% 233
\BOOKMARK [3][-]{subsubsection.7.9.1.2}{\376\377\0007\000.\0009\000.\0001\000.\0002\000\040\000f\000o\000l\000d\000t\000\050\000\051\000\040\000[\0002\000/\0003\000]}{subsection.7.9.1}% 234
\BOOKMARK [3][-]{subsubsection.7.9.1.3}{\376\377\0007\000.\0009\000.\0001\000.\0003\000\040\000f\000o\000l\000d\000t\000\050\000\051\000\040\000[\0003\000/\0003\000]}{subsection.7.9.1}% 235
\BOOKMARK [1][-]{section.7.10}{\376\377\0007\000.\0001\0000\000\040\000d\000e\000v\000f\000i\000x\000/\000b\000a\000s\000e\000/\000i\000o\000/\000i\000n\000p\000u\000t\000s\000t\000r\000e\000a\000m\000.\000h\000\040\000F\000i\000l\000e\000\040\000R\000e\000f\000e\000r\000e\000n\000c\000e}{chapter.7}% 236
\BOOKMARK [1][-]{section.7.11}{\376\377\0007\000.\0001\0001\000\040\000d\000e\000v\000f\000i\000x\000/\000b\000a\000s\000e\000/\000i\000o\000/\000i\000o\000t\000y\000p\000e\000s\000.\000h\000\040\000F\000i\000l\000e\000\040\000R\000e\000f\000e\000r\000e\000n\000c\000e}{chapter.7}% 237
\BOOKMARK [1][-]{section.7.12}{\376\377\0007\000.\0001\0002\000\040\000d\000e\000v\000f\000i\000x\000/\000b\000a\000s\000e\000/\000i\000o\000/\000o\000u\000t\000p\000u\000t\000s\000t\000r\000e\000a\000m\000.\000h\000\040\000F\000i\000l\000e\000\040\000R\000e\000f\000e\000r\000e\000n\000c\000e}{chapter.7}% 238
\BOOKMARK [1][-]{section.7.13}{\376\377\0007\000.\0001\0003\000\040\000d\000e\000v\000f\000i\000x\000/\000b\000a\000s\000e\000/\000i\000o\000/\000s\000i\000n\000k\000.\000c\000p\000p\000\040\000F\000i\000l\000e\000\040\000R\000e\000f\000e\000r\000e\000n\000c\000e}{chapter.7}% 239
\BOOKMARK [1][-]{section.7.14}{\376\377\0007\000.\0001\0004\000\040\000d\000e\000v\000f\000i\000x\000/\000b\000a\000s\000e\000/\000i\000o\000/\000s\000i\000n\000k\000.\000h\000\040\000F\000i\000l\000e\000\040\000R\000e\000f\000e\000r\000e\000n\000c\000e}{chapter.7}% 240
\BOOKMARK [1][-]{section.7.15}{\376\377\0007\000.\0001\0005\000\040\000d\000e\000v\000f\000i\000x\000/\000b\000a\000s\000e\000/\000i\000o\000/\000s\000o\000u\000r\000c\000e\000.\000c\000p\000p\000\040\000F\000i\000l\000e\000\040\000R\000e\000f\000e\000r\000e\000n\000c\000e}{chapter.7}% 241
\BOOKMARK [1][-]{section.7.16}{\376\377\0007\000.\0001\0006\000\040\000d\000e\000v\000f\000i\000x\000/\000b\000a\000s\000e\000/\000i\000o\000/\000s\000o\000u\000r\000c\000e\000.\000h\000\040\000F\000i\000l\000e\000\040\000R\000e\000f\000e\000r\000e\000n\000c\000e}{chapter.7}% 242
\BOOKMARK [1][-]{section.7.17}{\376\377\0007\000.\0001\0007\000\040\000d\000e\000v\000f\000i\000x\000/\000b\000a\000s\000e\000/\000m\000a\000t\000h\000.\000h\000\040\000F\000i\000l\000e\000\040\000R\000e\000f\000e\000r\000e\000n\000c\000e}{chapter.7}% 243
\BOOKMARK [1][-]{section.7.18}{\376\377\0007\000.\0001\0008\000\040\000d\000e\000v\000f\000i\000x\000/\000b\000a\000s\000e\000/\000m\000e\000m\000o\000r\000y\000.\000h\000\040\000F\000i\000l\000e\000\040\000R\000e\000f\000e\000r\000e\000n\000c\000e}{chapter.7}% 244
\BOOKMARK [1][-]{section.7.19}{\376\377\0007\000.\0001\0009\000\040\000d\000e\000v\000f\000i\000x\000/\000b\000a\000s\000e\000/\000p\000l\000a\000t\000f\000o\000r\000m\000.\000h\000\040\000F\000i\000l\000e\000\040\000R\000e\000f\000e\000r\000e\000n\000c\000e}{chapter.7}% 245
\BOOKMARK [2][-]{subsection.7.19.1}{\376\377\0007\000.\0001\0009\000.\0001\000\040\000M\000a\000c\000r\000o\000\040\000D\000e\000f\000i\000n\000i\000t\000i\000o\000n\000\040\000D\000o\000c\000u\000m\000e\000n\000t\000a\000t\000i\000o\000n}{section.7.19}% 246
\BOOKMARK [3][-]{subsubsection.7.19.1.1}{\376\377\0007\000.\0001\0009\000.\0001\000.\0001\000\040\000\137\000\137\000F\000I\000L\000E\000N\000A\000M\000E\000\137\000\137}{subsection.7.19.1}% 247
\BOOKMARK [3][-]{subsubsection.7.19.1.2}{\376\377\0007\000.\0001\0009\000.\0001\000.\0002\000\040\000E\000R\000R\000O\000R\000\137\000P\000L\000A\000T\000F\000O\000R\000M\000\137\000U\000N\000S\000U\000P\000P\000O\000R\000T\000E\000D}{subsection.7.19.1}% 248
\BOOKMARK [3][-]{subsubsection.7.19.1.3}{\376\377\0007\000.\0001\0009\000.\0001\000.\0003\000\040\000N\000O\000T\000\137\000U\000S\000E\000D}{subsection.7.19.1}% 249
\BOOKMARK [3][-]{subsubsection.7.19.1.4}{\376\377\0007\000.\0001\0009\000.\0001\000.\0004\000\040\000P\000L\000A\000T\000F\000O\000R\000M\000\137\000L\000I\000N\000U\000X}{subsection.7.19.1}% 250
\BOOKMARK [3][-]{subsubsection.7.19.1.5}{\376\377\0007\000.\0001\0009\000.\0001\000.\0005\000\040\000P\000L\000A\000T\000F\000O\000R\000M\000\137\000W\000I\000N\000D\000O\000W\000S}{subsection.7.19.1}% 251
\BOOKMARK [3][-]{subsubsection.7.19.1.6}{\376\377\0007\000.\0001\0009\000.\0001\000.\0006\000\040\000S\000O\000U\000R\000C\000E\000\137\000L\000I\000N\000E}{subsection.7.19.1}% 252
\BOOKMARK [1][-]{section.7.20}{\376\377\0007\000.\0002\0000\000\040\000d\000e\000v\000f\000i\000x\000/\000b\000a\000s\000e\000/\000s\000t\000r\000o\000u\000t\000.\000h\000\040\000F\000i\000l\000e\000\040\000R\000e\000f\000e\000r\000e\000n\000c\000e}{chapter.7}% 253
\BOOKMARK [1][-]{section.7.21}{\376\377\0007\000.\0002\0001\000\040\000d\000e\000v\000f\000i\000x\000/\000b\000a\000s\000e\000/\000s\000t\000r\000u\000t\000i\000l\000.\000h\000\040\000F\000i\000l\000e\000\040\000R\000e\000f\000e\000r\000e\000n\000c\000e}{chapter.7}% 254
\BOOKMARK [2][-]{subsection.7.21.1}{\376\377\0007\000.\0002\0001\000.\0001\000\040\000M\000a\000c\000r\000o\000\040\000D\000e\000f\000i\000n\000i\000t\000i\000o\000n\000\040\000D\000o\000c\000u\000m\000e\000n\000t\000a\000t\000i\000o\000n}{section.7.21}% 255
\BOOKMARK [3][-]{subsubsection.7.21.1.1}{\376\377\0007\000.\0002\0001\000.\0001\000.\0001\000\040\000M\000U\000L\000T\000I\000S\000T\000R\000I\000N\000G}{subsection.7.21.1}% 256
\BOOKMARK [1][-]{section.7.22}{\376\377\0007\000.\0002\0002\000\040\000d\000e\000v\000f\000i\000x\000/\000b\000a\000s\000e\000/\000t\000e\000s\000t\000/\000t\000e\000s\000t\000\137\000f\000o\000l\000d\000.\000c\000p\000p\000\040\000F\000i\000l\000e\000\040\000R\000e\000f\000e\000r\000e\000n\000c\000e}{chapter.7}% 257
\BOOKMARK [2][-]{subsection.7.22.1}{\376\377\0007\000.\0002\0002\000.\0001\000\040\000F\000u\000n\000c\000t\000i\000o\000n\000\040\000D\000o\000c\000u\000m\000e\000n\000t\000a\000t\000i\000o\000n}{section.7.22}% 258
\BOOKMARK [3][-]{subsubsection.7.22.1.1}{\376\377\0007\000.\0002\0002\000.\0001\000.\0001\000\040\000a\000d\000d\000\050\000\051}{subsection.7.22.1}% 259
\BOOKMARK [3][-]{subsubsection.7.22.1.2}{\376\377\0007\000.\0002\0002\000.\0001\000.\0002\000\040\000i\000n\000c\000I\000f\000D\000i\000v\000\050\000\051}{subsection.7.22.1}% 260
\BOOKMARK [3][-]{subsubsection.7.22.1.3}{\376\377\0007\000.\0002\0002\000.\0001\000.\0003\000\040\000T\000E\000S\000T\000\050\000\051}{subsection.7.22.1}% 261
\BOOKMARK [1][-]{section.7.23}{\376\377\0007\000.\0002\0003\000\040\000d\000e\000v\000f\000i\000x\000/\000b\000a\000s\000e\000/\000t\000e\000s\000t\000/\000t\000e\000s\000t\000\137\000m\000a\000t\000h\000.\000c\000p\000p\000\040\000F\000i\000l\000e\000\040\000R\000e\000f\000e\000r\000e\000n\000c\000e}{chapter.7}% 262
\BOOKMARK [1][-]{section.7.24}{\376\377\0007\000.\0002\0004\000\040\000d\000e\000v\000f\000i\000x\000/\000b\000a\000s\000e\000/\000t\000e\000s\000t\000/\000t\000e\000s\000t\000\137\000s\000t\000r\000o\000u\000t\000.\000c\000p\000p\000\040\000F\000i\000l\000e\000\040\000R\000e\000f\000e\000r\000e\000n\000c\000e}{chapter.7}% 263
\BOOKMARK [1][-]{section.7.25}{\376\377\0007\000.\0002\0005\000\040\000d\000e\000v\000f\000i\000x\000/\000d\000s\000p\000/\000c\000m\000a\000k\000e\000-\000b\000u\000i\000l\000d\000-\000d\000e\000b\000u\000g\000/\000C\000M\000a\000k\000e\000F\000i\000l\000e\000s\000/\0003\000.\0001\0005\000.\0003\000/\000C\000o\000m\000p\000i\000l\000e\000r\000I\000d\000C\000/\000C\000M\000a\000k\000e\000C\000C\000o\000m\000p\000i\000l\000e\000r\000I\000d\000.\000c\000\040\000F\000i\000l\000e\000\040\000R\000e\000f\000e\000r\000e\000n\000c\000e}{chapter.7}% 264
\BOOKMARK [2][-]{subsection.7.25.1}{\376\377\0007\000.\0002\0005\000.\0001\000\040\000M\000a\000c\000r\000o\000\040\000D\000e\000f\000i\000n\000i\000t\000i\000o\000n\000\040\000D\000o\000c\000u\000m\000e\000n\000t\000a\000t\000i\000o\000n}{section.7.25}% 265
\BOOKMARK [3][-]{subsubsection.7.25.1.1}{\376\377\0007\000.\0002\0005\000.\0001\000.\0001\000\040\000A\000R\000C\000H\000I\000T\000E\000C\000T\000U\000R\000E\000\137\000I\000D}{subsection.7.25.1}% 266
\BOOKMARK [3][-]{subsubsection.7.25.1.2}{\376\377\0007\000.\0002\0005\000.\0001\000.\0002\000\040\000C\000\137\000D\000I\000A\000L\000E\000C\000T}{subsection.7.25.1}% 267
\BOOKMARK [3][-]{subsubsection.7.25.1.3}{\376\377\0007\000.\0002\0005\000.\0001\000.\0003\000\040\000C\000O\000M\000P\000I\000L\000E\000R\000\137\000I\000D}{subsection.7.25.1}% 268
\BOOKMARK [3][-]{subsubsection.7.25.1.4}{\376\377\0007\000.\0002\0005\000.\0001\000.\0004\000\040\000D\000E\000C}{subsection.7.25.1}% 269
\BOOKMARK [3][-]{subsubsection.7.25.1.5}{\376\377\0007\000.\0002\0005\000.\0001\000.\0005\000\040\000H\000E\000X}{subsection.7.25.1}% 270
\BOOKMARK [3][-]{subsubsection.7.25.1.6}{\376\377\0007\000.\0002\0005\000.\0001\000.\0006\000\040\000P\000L\000A\000T\000F\000O\000R\000M\000\137\000I\000D}{subsection.7.25.1}% 271
\BOOKMARK [3][-]{subsubsection.7.25.1.7}{\376\377\0007\000.\0002\0005\000.\0001\000.\0007\000\040\000S\000T\000R\000I\000N\000G\000I\000F\000Y}{subsection.7.25.1}% 272
\BOOKMARK [3][-]{subsubsection.7.25.1.8}{\376\377\0007\000.\0002\0005\000.\0001\000.\0008\000\040\000S\000T\000R\000I\000N\000G\000I\000F\000Y\000\137\000H\000E\000L\000P\000E\000R}{subsection.7.25.1}% 273
\BOOKMARK [2][-]{subsection.7.25.2}{\376\377\0007\000.\0002\0005\000.\0002\000\040\000F\000u\000n\000c\000t\000i\000o\000n\000\040\000D\000o\000c\000u\000m\000e\000n\000t\000a\000t\000i\000o\000n}{section.7.25}% 274
\BOOKMARK [3][-]{subsubsection.7.25.2.1}{\376\377\0007\000.\0002\0005\000.\0002\000.\0001\000\040\000m\000a\000i\000n\000\050\000\051}{subsection.7.25.2}% 275
\BOOKMARK [2][-]{subsection.7.25.3}{\376\377\0007\000.\0002\0005\000.\0003\000\040\000V\000a\000r\000i\000a\000b\000l\000e\000\040\000D\000o\000c\000u\000m\000e\000n\000t\000a\000t\000i\000o\000n}{section.7.25}% 276
\BOOKMARK [3][-]{subsubsection.7.25.3.1}{\376\377\0007\000.\0002\0005\000.\0003\000.\0001\000\040\000i\000n\000f\000o\000\137\000a\000r\000c\000h}{subsection.7.25.3}% 277
\BOOKMARK [3][-]{subsubsection.7.25.3.2}{\376\377\0007\000.\0002\0005\000.\0003\000.\0002\000\040\000i\000n\000f\000o\000\137\000c\000o\000m\000p\000i\000l\000e\000r}{subsection.7.25.3}% 278
\BOOKMARK [3][-]{subsubsection.7.25.3.3}{\376\377\0007\000.\0002\0005\000.\0003\000.\0003\000\040\000i\000n\000f\000o\000\137\000l\000a\000n\000g\000u\000a\000g\000e\000\137\000d\000i\000a\000l\000e\000c\000t\000\137\000d\000e\000f\000a\000u\000l\000t}{subsection.7.25.3}% 279
\BOOKMARK [3][-]{subsubsection.7.25.3.4}{\376\377\0007\000.\0002\0005\000.\0003\000.\0004\000\040\000i\000n\000f\000o\000\137\000p\000l\000a\000t\000f\000o\000r\000m}{subsection.7.25.3}% 280
\BOOKMARK [1][-]{section.7.26}{\376\377\0007\000.\0002\0006\000\040\000d\000e\000v\000f\000i\000x\000/\000n\000e\000t\000/\000c\000m\000a\000k\000e\000-\000b\000u\000i\000l\000d\000-\000d\000e\000b\000u\000g\000/\000C\000M\000a\000k\000e\000F\000i\000l\000e\000s\000/\0003\000.\0001\0005\000.\0003\000/\000C\000o\000m\000p\000i\000l\000e\000r\000I\000d\000C\000/\000C\000M\000a\000k\000e\000C\000C\000o\000m\000p\000i\000l\000e\000r\000I\000d\000.\000c\000\040\000F\000i\000l\000e\000\040\000R\000e\000f\000e\000r\000e\000n\000c\000e}{chapter.7}% 281
\BOOKMARK [2][-]{subsection.7.26.1}{\376\377\0007\000.\0002\0006\000.\0001\000\040\000M\000a\000c\000r\000o\000\040\000D\000e\000f\000i\000n\000i\000t\000i\000o\000n\000\040\000D\000o\000c\000u\000m\000e\000n\000t\000a\000t\000i\000o\000n}{section.7.26}% 282
\BOOKMARK [3][-]{subsubsection.7.26.1.1}{\376\377\0007\000.\0002\0006\000.\0001\000.\0001\000\040\000A\000R\000C\000H\000I\000T\000E\000C\000T\000U\000R\000E\000\137\000I\000D}{subsection.7.26.1}% 283
\BOOKMARK [3][-]{subsubsection.7.26.1.2}{\376\377\0007\000.\0002\0006\000.\0001\000.\0002\000\040\000C\000\137\000D\000I\000A\000L\000E\000C\000T}{subsection.7.26.1}% 284
\BOOKMARK [3][-]{subsubsection.7.26.1.3}{\376\377\0007\000.\0002\0006\000.\0001\000.\0003\000\040\000C\000O\000M\000P\000I\000L\000E\000R\000\137\000I\000D}{subsection.7.26.1}% 285
\BOOKMARK [3][-]{subsubsection.7.26.1.4}{\376\377\0007\000.\0002\0006\000.\0001\000.\0004\000\040\000D\000E\000C}{subsection.7.26.1}% 286
\BOOKMARK [3][-]{subsubsection.7.26.1.5}{\376\377\0007\000.\0002\0006\000.\0001\000.\0005\000\040\000H\000E\000X}{subsection.7.26.1}% 287
\BOOKMARK [3][-]{subsubsection.7.26.1.6}{\376\377\0007\000.\0002\0006\000.\0001\000.\0006\000\040\000P\000L\000A\000T\000F\000O\000R\000M\000\137\000I\000D}{subsection.7.26.1}% 288
\BOOKMARK [3][-]{subsubsection.7.26.1.7}{\376\377\0007\000.\0002\0006\000.\0001\000.\0007\000\040\000S\000T\000R\000I\000N\000G\000I\000F\000Y}{subsection.7.26.1}% 289
\BOOKMARK [3][-]{subsubsection.7.26.1.8}{\376\377\0007\000.\0002\0006\000.\0001\000.\0008\000\040\000S\000T\000R\000I\000N\000G\000I\000F\000Y\000\137\000H\000E\000L\000P\000E\000R}{subsection.7.26.1}% 290
\BOOKMARK [2][-]{subsection.7.26.2}{\376\377\0007\000.\0002\0006\000.\0002\000\040\000F\000u\000n\000c\000t\000i\000o\000n\000\040\000D\000o\000c\000u\000m\000e\000n\000t\000a\000t\000i\000o\000n}{section.7.26}% 291
\BOOKMARK [3][-]{subsubsection.7.26.2.1}{\376\377\0007\000.\0002\0006\000.\0002\000.\0001\000\040\000m\000a\000i\000n\000\050\000\051}{subsection.7.26.2}% 292
\BOOKMARK [2][-]{subsection.7.26.3}{\376\377\0007\000.\0002\0006\000.\0003\000\040\000V\000a\000r\000i\000a\000b\000l\000e\000\040\000D\000o\000c\000u\000m\000e\000n\000t\000a\000t\000i\000o\000n}{section.7.26}% 293
\BOOKMARK [3][-]{subsubsection.7.26.3.1}{\376\377\0007\000.\0002\0006\000.\0003\000.\0001\000\040\000i\000n\000f\000o\000\137\000a\000r\000c\000h}{subsection.7.26.3}% 294
\BOOKMARK [3][-]{subsubsection.7.26.3.2}{\376\377\0007\000.\0002\0006\000.\0003\000.\0002\000\040\000i\000n\000f\000o\000\137\000c\000o\000m\000p\000i\000l\000e\000r}{subsection.7.26.3}% 295
\BOOKMARK [3][-]{subsubsection.7.26.3.3}{\376\377\0007\000.\0002\0006\000.\0003\000.\0003\000\040\000i\000n\000f\000o\000\137\000l\000a\000n\000g\000u\000a\000g\000e\000\137\000d\000i\000a\000l\000e\000c\000t\000\137\000d\000e\000f\000a\000u\000l\000t}{subsection.7.26.3}% 296
\BOOKMARK [3][-]{subsubsection.7.26.3.4}{\376\377\0007\000.\0002\0006\000.\0003\000.\0004\000\040\000i\000n\000f\000o\000\137\000p\000l\000a\000t\000f\000o\000r\000m}{subsection.7.26.3}% 297
\BOOKMARK [1][-]{section.7.27}{\376\377\0007\000.\0002\0007\000\040\000d\000e\000v\000f\000i\000x\000/\000d\000s\000p\000/\000c\000m\000a\000k\000e\000-\000b\000u\000i\000l\000d\000-\000d\000e\000b\000u\000g\000/\000C\000M\000a\000k\000e\000F\000i\000l\000e\000s\000/\0003\000.\0001\0005\000.\0003\000/\000C\000o\000m\000p\000i\000l\000e\000r\000I\000d\000C\000X\000X\000/\000C\000M\000a\000k\000e\000C\000X\000X\000C\000o\000m\000p\000i\000l\000e\000r\000I\000d\000.\000c\000p\000p\000\040\000F\000i\000l\000e\000\040\000R\000e\000f\000e\000r\000e\000n\000c\000e}{chapter.7}% 298
\BOOKMARK [2][-]{subsection.7.27.1}{\376\377\0007\000.\0002\0007\000.\0001\000\040\000M\000a\000c\000r\000o\000\040\000D\000e\000f\000i\000n\000i\000t\000i\000o\000n\000\040\000D\000o\000c\000u\000m\000e\000n\000t\000a\000t\000i\000o\000n}{section.7.27}% 299
\BOOKMARK [3][-]{subsubsection.7.27.1.1}{\376\377\0007\000.\0002\0007\000.\0001\000.\0001\000\040\000A\000R\000C\000H\000I\000T\000E\000C\000T\000U\000R\000E\000\137\000I\000D}{subsection.7.27.1}% 300
\BOOKMARK [3][-]{subsubsection.7.27.1.2}{\376\377\0007\000.\0002\0007\000.\0001\000.\0002\000\040\000C\000O\000M\000P\000I\000L\000E\000R\000\137\000I\000D}{subsection.7.27.1}% 301
\BOOKMARK [3][-]{subsubsection.7.27.1.3}{\376\377\0007\000.\0002\0007\000.\0001\000.\0003\000\040\000C\000X\000X\000\137\000S\000T\000D}{subsection.7.27.1}% 302
\BOOKMARK [3][-]{subsubsection.7.27.1.4}{\376\377\0007\000.\0002\0007\000.\0001\000.\0004\000\040\000D\000E\000C}{subsection.7.27.1}% 303
\BOOKMARK [3][-]{subsubsection.7.27.1.5}{\376\377\0007\000.\0002\0007\000.\0001\000.\0005\000\040\000H\000E\000X}{subsection.7.27.1}% 304
\BOOKMARK [3][-]{subsubsection.7.27.1.6}{\376\377\0007\000.\0002\0007\000.\0001\000.\0006\000\040\000P\000L\000A\000T\000F\000O\000R\000M\000\137\000I\000D}{subsection.7.27.1}% 305
\BOOKMARK [3][-]{subsubsection.7.27.1.7}{\376\377\0007\000.\0002\0007\000.\0001\000.\0007\000\040\000S\000T\000R\000I\000N\000G\000I\000F\000Y}{subsection.7.27.1}% 306
\BOOKMARK [3][-]{subsubsection.7.27.1.8}{\376\377\0007\000.\0002\0007\000.\0001\000.\0008\000\040\000S\000T\000R\000I\000N\000G\000I\000F\000Y\000\137\000H\000E\000L\000P\000E\000R}{subsection.7.27.1}% 307
\BOOKMARK [2][-]{subsection.7.27.2}{\376\377\0007\000.\0002\0007\000.\0002\000\040\000F\000u\000n\000c\000t\000i\000o\000n\000\040\000D\000o\000c\000u\000m\000e\000n\000t\000a\000t\000i\000o\000n}{section.7.27}% 308
\BOOKMARK [3][-]{subsubsection.7.27.2.1}{\376\377\0007\000.\0002\0007\000.\0002\000.\0001\000\040\000m\000a\000i\000n\000\050\000\051}{subsection.7.27.2}% 309
\BOOKMARK [2][-]{subsection.7.27.3}{\376\377\0007\000.\0002\0007\000.\0003\000\040\000V\000a\000r\000i\000a\000b\000l\000e\000\040\000D\000o\000c\000u\000m\000e\000n\000t\000a\000t\000i\000o\000n}{section.7.27}% 310
\BOOKMARK [3][-]{subsubsection.7.27.3.1}{\376\377\0007\000.\0002\0007\000.\0003\000.\0001\000\040\000i\000n\000f\000o\000\137\000a\000r\000c\000h}{subsection.7.27.3}% 311
\BOOKMARK [3][-]{subsubsection.7.27.3.2}{\376\377\0007\000.\0002\0007\000.\0003\000.\0002\000\040\000i\000n\000f\000o\000\137\000c\000o\000m\000p\000i\000l\000e\000r}{subsection.7.27.3}% 312
\BOOKMARK [3][-]{subsubsection.7.27.3.3}{\376\377\0007\000.\0002\0007\000.\0003\000.\0003\000\040\000i\000n\000f\000o\000\137\000l\000a\000n\000g\000u\000a\000g\000e\000\137\000d\000i\000a\000l\000e\000c\000t\000\137\000d\000e\000f\000a\000u\000l\000t}{subsection.7.27.3}% 313
\BOOKMARK [3][-]{subsubsection.7.27.3.4}{\376\377\0007\000.\0002\0007\000.\0003\000.\0004\000\040\000i\000n\000f\000o\000\137\000p\000l\000a\000t\000f\000o\000r\000m}{subsection.7.27.3}% 314
\BOOKMARK [1][-]{section.7.28}{\376\377\0007\000.\0002\0008\000\040\000d\000e\000v\000f\000i\000x\000/\000n\000e\000t\000/\000c\000m\000a\000k\000e\000-\000b\000u\000i\000l\000d\000-\000d\000e\000b\000u\000g\000/\000C\000M\000a\000k\000e\000F\000i\000l\000e\000s\000/\0003\000.\0001\0005\000.\0003\000/\000C\000o\000m\000p\000i\000l\000e\000r\000I\000d\000C\000X\000X\000/\000C\000M\000a\000k\000e\000C\000X\000X\000C\000o\000m\000p\000i\000l\000e\000r\000I\000d\000.\000c\000p\000p\000\040\000F\000i\000l\000e\000\040\000R\000e\000f\000e\000r\000e\000n\000c\000e}{chapter.7}% 315
\BOOKMARK [2][-]{subsection.7.28.1}{\376\377\0007\000.\0002\0008\000.\0001\000\040\000M\000a\000c\000r\000o\000\040\000D\000e\000f\000i\000n\000i\000t\000i\000o\000n\000\040\000D\000o\000c\000u\000m\000e\000n\000t\000a\000t\000i\000o\000n}{section.7.28}% 316
\BOOKMARK [3][-]{subsubsection.7.28.1.1}{\376\377\0007\000.\0002\0008\000.\0001\000.\0001\000\040\000A\000R\000C\000H\000I\000T\000E\000C\000T\000U\000R\000E\000\137\000I\000D}{subsection.7.28.1}% 317
\BOOKMARK [3][-]{subsubsection.7.28.1.2}{\376\377\0007\000.\0002\0008\000.\0001\000.\0002\000\040\000C\000O\000M\000P\000I\000L\000E\000R\000\137\000I\000D}{subsection.7.28.1}% 318
\BOOKMARK [3][-]{subsubsection.7.28.1.3}{\376\377\0007\000.\0002\0008\000.\0001\000.\0003\000\040\000C\000X\000X\000\137\000S\000T\000D}{subsection.7.28.1}% 319
\BOOKMARK [3][-]{subsubsection.7.28.1.4}{\376\377\0007\000.\0002\0008\000.\0001\000.\0004\000\040\000D\000E\000C}{subsection.7.28.1}% 320
\BOOKMARK [3][-]{subsubsection.7.28.1.5}{\376\377\0007\000.\0002\0008\000.\0001\000.\0005\000\040\000H\000E\000X}{subsection.7.28.1}% 321
\BOOKMARK [3][-]{subsubsection.7.28.1.6}{\376\377\0007\000.\0002\0008\000.\0001\000.\0006\000\040\000P\000L\000A\000T\000F\000O\000R\000M\000\137\000I\000D}{subsection.7.28.1}% 322
\BOOKMARK [3][-]{subsubsection.7.28.1.7}{\376\377\0007\000.\0002\0008\000.\0001\000.\0007\000\040\000S\000T\000R\000I\000N\000G\000I\000F\000Y}{subsection.7.28.1}% 323
\BOOKMARK [3][-]{subsubsection.7.28.1.8}{\376\377\0007\000.\0002\0008\000.\0001\000.\0008\000\040\000S\000T\000R\000I\000N\000G\000I\000F\000Y\000\137\000H\000E\000L\000P\000E\000R}{subsection.7.28.1}% 324
\BOOKMARK [2][-]{subsection.7.28.2}{\376\377\0007\000.\0002\0008\000.\0002\000\040\000F\000u\000n\000c\000t\000i\000o\000n\000\040\000D\000o\000c\000u\000m\000e\000n\000t\000a\000t\000i\000o\000n}{section.7.28}% 325
\BOOKMARK [3][-]{subsubsection.7.28.2.1}{\376\377\0007\000.\0002\0008\000.\0002\000.\0001\000\040\000m\000a\000i\000n\000\050\000\051}{subsection.7.28.2}% 326
\BOOKMARK [2][-]{subsection.7.28.3}{\376\377\0007\000.\0002\0008\000.\0003\000\040\000V\000a\000r\000i\000a\000b\000l\000e\000\040\000D\000o\000c\000u\000m\000e\000n\000t\000a\000t\000i\000o\000n}{section.7.28}% 327
\BOOKMARK [3][-]{subsubsection.7.28.3.1}{\376\377\0007\000.\0002\0008\000.\0003\000.\0001\000\040\000i\000n\000f\000o\000\137\000a\000r\000c\000h}{subsection.7.28.3}% 328
\BOOKMARK [3][-]{subsubsection.7.28.3.2}{\376\377\0007\000.\0002\0008\000.\0003\000.\0002\000\040\000i\000n\000f\000o\000\137\000c\000o\000m\000p\000i\000l\000e\000r}{subsection.7.28.3}% 329
\BOOKMARK [3][-]{subsubsection.7.28.3.3}{\376\377\0007\000.\0002\0008\000.\0003\000.\0003\000\040\000i\000n\000f\000o\000\137\000l\000a\000n\000g\000u\000a\000g\000e\000\137\000d\000i\000a\000l\000e\000c\000t\000\137\000d\000e\000f\000a\000u\000l\000t}{subsection.7.28.3}% 330
\BOOKMARK [3][-]{subsubsection.7.28.3.4}{\376\377\0007\000.\0002\0008\000.\0003\000.\0004\000\040\000i\000n\000f\000o\000\137\000p\000l\000a\000t\000f\000o\000r\000m}{subsection.7.28.3}% 331
\BOOKMARK [1][-]{section.7.29}{\376\377\0007\000.\0002\0009\000\040\000d\000e\000v\000f\000i\000x\000/\000d\000s\000p\000/\000f\000f\000t\000.\000h\000\040\000F\000i\000l\000e\000\040\000R\000e\000f\000e\000r\000e\000n\000c\000e}{chapter.7}% 332
\BOOKMARK [1][-]{section.7.30}{\376\377\0007\000.\0003\0000\000\040\000d\000e\000v\000f\000i\000x\000/\000d\000s\000p\000/\000s\000p\000e\000c\000t\000r\000o\000g\000r\000a\000m\000.\000h\000\040\000F\000i\000l\000e\000\040\000R\000e\000f\000e\000r\000e\000n\000c\000e}{chapter.7}% 333
\BOOKMARK [1][-]{section.7.31}{\376\377\0007\000.\0003\0001\000\040\000d\000e\000v\000f\000i\000x\000/\000d\000s\000p\000/\000t\000e\000s\000t\000/\000t\000e\000s\000t\000\137\000f\000f\000t\000.\000c\000p\000p\000\040\000F\000i\000l\000e\000\040\000R\000e\000f\000e\000r\000e\000n\000c\000e}{chapter.7}% 334
\BOOKMARK [1][-]{section.7.32}{\376\377\0007\000.\0003\0002\000\040\000d\000e\000v\000f\000i\000x\000/\000d\000s\000p\000/\000t\000e\000s\000t\000/\000t\000e\000s\000t\000\137\000s\000p\000e\000c\000t\000r\000o\000g\000r\000a\000m\000.\000c\000p\000p\000\040\000F\000i\000l\000e\000\040\000R\000e\000f\000e\000r\000e\000n\000c\000e}{chapter.7}% 335
\BOOKMARK [1][-]{section.7.33}{\376\377\0007\000.\0003\0003\000\040\000d\000e\000v\000f\000i\000x\000/\000d\000s\000p\000/\000t\000e\000s\000t\000/\000t\000e\000s\000t\000\137\000w\000i\000n\000d\000o\000w\000.\000c\000p\000p\000\040\000F\000i\000l\000e\000\040\000R\000e\000f\000e\000r\000e\000n\000c\000e}{chapter.7}% 336
\BOOKMARK [1][-]{section.7.34}{\376\377\0007\000.\0003\0004\000\040\000d\000e\000v\000f\000i\000x\000/\000d\000s\000p\000/\000w\000i\000n\000d\000o\000w\000.\000h\000\040\000F\000i\000l\000e\000\040\000R\000e\000f\000e\000r\000e\000n\000c\000e}{chapter.7}% 337
\BOOKMARK [1][-]{section.7.35}{\376\377\0007\000.\0003\0005\000\040\000d\000e\000v\000f\000i\000x\000/\000n\000e\000t\000/\000i\000n\000e\000t\000a\000d\000d\000r\000e\000s\000s\000.\000c\000p\000p\000\040\000F\000i\000l\000e\000\040\000R\000e\000f\000e\000r\000e\000n\000c\000e}{chapter.7}% 338
\BOOKMARK [1][-]{section.7.36}{\376\377\0007\000.\0003\0006\000\040\000d\000e\000v\000f\000i\000x\000/\000n\000e\000t\000/\000i\000n\000e\000t\000a\000d\000d\000r\000e\000s\000s\000.\000h\000\040\000F\000i\000l\000e\000\040\000R\000e\000f\000e\000r\000e\000n\000c\000e}{chapter.7}% 339
\BOOKMARK [1][-]{section.7.37}{\376\377\0007\000.\0003\0007\000\040\000d\000e\000v\000f\000i\000x\000/\000n\000e\000t\000/\000l\000n\000x\000/\000l\000n\000x\000\137\000s\000e\000r\000v\000e\000r\000s\000o\000c\000k\000e\000t\000.\000c\000p\000p\000\040\000F\000i\000l\000e\000\040\000R\000e\000f\000e\000r\000e\000n\000c\000e}{chapter.7}% 340
\BOOKMARK [1][-]{section.7.38}{\376\377\0007\000.\0003\0008\000\040\000d\000e\000v\000f\000i\000x\000/\000n\000e\000t\000/\000l\000n\000x\000/\000l\000n\000x\000\137\000s\000e\000r\000v\000e\000r\000s\000o\000c\000k\000e\000t\000.\000h\000\040\000F\000i\000l\000e\000\040\000R\000e\000f\000e\000r\000e\000n\000c\000e}{chapter.7}% 341
\BOOKMARK [1][-]{section.7.39}{\376\377\0007\000.\0003\0009\000\040\000d\000e\000v\000f\000i\000x\000/\000n\000e\000t\000/\000l\000n\000x\000/\000l\000n\000x\000\137\000s\000o\000c\000k\000e\000t\000.\000c\000p\000p\000\040\000F\000i\000l\000e\000\040\000R\000e\000f\000e\000r\000e\000n\000c\000e}{chapter.7}% 342
\BOOKMARK [1][-]{section.7.40}{\376\377\0007\000.\0004\0000\000\040\000d\000e\000v\000f\000i\000x\000/\000n\000e\000t\000/\000l\000n\000x\000/\000l\000n\000x\000\137\000s\000o\000c\000k\000e\000t\000.\000h\000\040\000F\000i\000l\000e\000\040\000R\000e\000f\000e\000r\000e\000n\000c\000e}{chapter.7}% 343
\BOOKMARK [1][-]{section.7.41}{\376\377\0007\000.\0004\0001\000\040\000d\000e\000v\000f\000i\000x\000/\000n\000e\000t\000/\000n\000e\000t\000b\000u\000i\000l\000d\000e\000r\000.\000c\000p\000p\000\040\000F\000i\000l\000e\000\040\000R\000e\000f\000e\000r\000e\000n\000c\000e}{chapter.7}% 344
\BOOKMARK [1][-]{section.7.42}{\376\377\0007\000.\0004\0002\000\040\000d\000e\000v\000f\000i\000x\000/\000n\000e\000t\000/\000n\000e\000t\000b\000u\000i\000l\000d\000e\000r\000.\000h\000\040\000F\000i\000l\000e\000\040\000R\000e\000f\000e\000r\000e\000n\000c\000e}{chapter.7}% 345
\BOOKMARK [2][-]{subsection.7.42.1}{\376\377\0007\000.\0004\0002\000.\0001\000\040\000V\000a\000r\000i\000a\000b\000l\000e\000\040\000D\000o\000c\000u\000m\000e\000n\000t\000a\000t\000i\000o\000n}{section.7.42}% 346
\BOOKMARK [3][-]{subsubsection.7.42.1.1}{\376\377\0007\000.\0004\0002\000.\0001\000.\0001\000\040\000P\000L\000A\000T\000P\000L\000A\000T\000F\000O\000R\000M\000\137\000U\000N\000S\000U\000P\000P\000O\000R\000T\000E\000D}{subsection.7.42.1}% 347
\BOOKMARK [1][-]{section.7.43}{\376\377\0007\000.\0004\0003\000\040\000d\000e\000v\000f\000i\000x\000/\000n\000e\000t\000/\000s\000e\000r\000v\000e\000r\000s\000o\000c\000k\000e\000t\000.\000h\000\040\000F\000i\000l\000e\000\040\000R\000e\000f\000e\000r\000e\000n\000c\000e}{chapter.7}% 348
\BOOKMARK [1][-]{section.7.44}{\376\377\0007\000.\0004\0004\000\040\000d\000e\000v\000f\000i\000x\000/\000n\000e\000t\000/\000s\000o\000c\000k\000e\000t\000.\000h\000\040\000F\000i\000l\000e\000\040\000R\000e\000f\000e\000r\000e\000n\000c\000e}{chapter.7}% 349
\BOOKMARK [1][-]{section.7.45}{\376\377\0007\000.\0004\0005\000\040\000d\000e\000v\000f\000i\000x\000/\000n\000e\000t\000/\000s\000o\000c\000k\000e\000t\000e\000x\000c\000e\000p\000t\000i\000o\000n\000.\000h\000\040\000F\000i\000l\000e\000\040\000R\000e\000f\000e\000r\000e\000n\000c\000e}{chapter.7}% 350
\BOOKMARK [1][-]{section.7.46}{\376\377\0007\000.\0004\0006\000\040\000d\000e\000v\000f\000i\000x\000/\000n\000e\000t\000/\000t\000e\000s\000t\000/\000t\000e\000s\000t\000\137\000i\000n\000e\000t\000a\000d\000d\000r\000e\000s\000s\000.\000c\000p\000p\000\040\000F\000i\000l\000e\000\040\000R\000e\000f\000e\000r\000e\000n\000c\000e}{chapter.7}% 351
\BOOKMARK [1][-]{section.7.47}{\376\377\0007\000.\0004\0007\000\040\000d\000e\000v\000f\000i\000x\000/\000n\000e\000t\000/\000t\000e\000s\000t\000/\000t\000e\000s\000t\000\137\000s\000o\000c\000k\000e\000t\000.\000c\000p\000p\000\040\000F\000i\000l\000e\000\040\000R\000e\000f\000e\000r\000e\000n\000c\000e}{chapter.7}% 352
\BOOKMARK [1][-]{section.7.48}{\376\377\0007\000.\0004\0008\000\040\000d\000e\000v\000f\000i\000x\000/\000n\000e\000t\000/\000w\000i\000n\000/\000w\000i\000n\000\137\000s\000e\000r\000v\000e\000r\000s\000o\000c\000k\000e\000t\000.\000h\000\040\000F\000i\000l\000e\000\040\000R\000e\000f\000e\000r\000e\000n\000c\000e}{chapter.7}% 353
\BOOKMARK [1][-]{section.7.49}{\376\377\0007\000.\0004\0009\000\040\000d\000e\000v\000f\000i\000x\000/\000n\000e\000t\000/\000w\000i\000n\000/\000w\000i\000n\000\137\000s\000o\000c\000k\000e\000t\000.\000h\000\040\000F\000i\000l\000e\000\040\000R\000e\000f\000e\000r\000e\000n\000c\000e}{chapter.7}% 354
\BOOKMARK [0][-]{section*.185}{\376\377\000I\000n\000d\000e\000x}{}% 355
